CRITICAL - 2024-05-31 03:28:56 --> CodeIgniter\View\Exceptions\ViewException: Invalid file: "view_template_head.php"
[Method: GET, Route: tecnicos/leer]
in SYSTEMPATH\Exceptions\FrameworkException.php on line 41.
 1 SYSTEMPATH\View\View.php(222): CodeIgniter\Exceptions\FrameworkException::forInvalidFile('view_template_head.php')
 2 SYSTEMPATH\Common.php(1171): CodeIgniter\View\View->render('view_template_head', [], true)
 3 APPPATH\Controllers\Controller_tecnicos.php(115): view('view_template_head')
 4 SYSTEMPATH\CodeIgniter.php(933): App\Controllers\Controller_tecnicos->leer()
 5 SYSTEMPATH\CodeIgniter.php(509): CodeIgniter\CodeIgniter->runController(Object(App\Controllers\Controller_tecnicos))
 6 SYSTEMPATH\CodeIgniter.php(355): CodeIgniter\CodeIgniter->handleRequest(null, Object(Config\Cache), false)
 7 SYSTEMPATH\Boot.php(312): CodeIgniter\CodeIgniter->run()
 8 SYSTEMPATH\Boot.php(67): CodeIgniter\Boot::runCodeIgniter(Object(CodeIgniter\CodeIgniter))
 9 FCPATH\index.php(56): CodeIgniter\Boot::bootWeb(Object(Config\Paths))
CRITICAL - 2024-05-31 03:31:07 --> CodeIgniter\View\Exceptions\ViewException: Invalid file: "view_template_head.php"
[Method: GET, Route: tecnicos/crear]
in SYSTEMPATH\Exceptions\FrameworkException.php on line 41.
 1 SYSTEMPATH\View\View.php(222): CodeIgniter\Exceptions\FrameworkException::forInvalidFile('view_template_head.php')
 2 SYSTEMPATH\Common.php(1171): CodeIgniter\View\View->render('view_template_head', [], true)
 3 APPPATH\Controllers\Controller_tecnicos.php(21): view('view_template_head')
 4 SYSTEMPATH\CodeIgniter.php(933): App\Controllers\Controller_tecnicos->crear()
 5 SYSTEMPATH\CodeIgniter.php(509): CodeIgniter\CodeIgniter->runController(Object(App\Controllers\Controller_tecnicos))
 6 SYSTEMPATH\CodeIgniter.php(355): CodeIgniter\CodeIgniter->handleRequest(null, Object(Config\Cache), false)
 7 SYSTEMPATH\Boot.php(312): CodeIgniter\CodeIgniter->run()
 8 SYSTEMPATH\Boot.php(67): CodeIgniter\Boot::runCodeIgniter(Object(CodeIgniter\CodeIgniter))
 9 FCPATH\index.php(56): CodeIgniter\Boot::bootWeb(Object(Config\Paths))
ERROR - 2024-05-31 03:44:40 --> mysqli_sql_exception: Unknown column 'id_tecnico' in 'where clause' in C:\xampp-8.2.12\htdocs\app_incidencias\system\Database\MySQLi\Connection.php:308
Stack trace:
#0 C:\xampp-8.2.12\htdocs\app_incidencias\system\Database\MySQLi\Connection.php(308): mysqli->query('SELECT *\nFROM `...', 0)
#1 C:\xampp-8.2.12\htdocs\app_incidencias\system\Database\BaseConnection.php(722): CodeIgniter\Database\MySQLi\Connection->execute('SELECT *\nFROM `...')
#2 C:\xampp-8.2.12\htdocs\app_incidencias\system\Database\BaseConnection.php(636): CodeIgniter\Database\BaseConnection->simpleQuery('SELECT *\nFROM `...')
#3 C:\xampp-8.2.12\htdocs\app_incidencias\system\Database\BaseBuilder.php(1629): CodeIgniter\Database\BaseConnection->query('SELECT *\nFROM `...', Array, false)
#4 C:\xampp-8.2.12\htdocs\app_incidencias\system\Model.php(319): CodeIgniter\Database\BaseBuilder->get()
#5 C:\xampp-8.2.12\htdocs\app_incidencias\system\BaseModel.php(714): CodeIgniter\Model->doFirst()
#6 C:\xampp-8.2.12\htdocs\app_incidencias\app\Controllers\Controller_tecnicos.php(132): CodeIgniter\BaseModel->first()
#7 C:\xampp-8.2.12\htdocs\app_incidencias\system\CodeIgniter.php(933): App\Controllers\Controller_tecnicos->actualizar('2')
#8 C:\xampp-8.2.12\htdocs\app_incidencias\system\CodeIgniter.php(509): CodeIgniter\CodeIgniter->runController(Object(App\Controllers\Controller_tecnicos))
#9 C:\xampp-8.2.12\htdocs\app_incidencias\system\CodeIgniter.php(355): CodeIgniter\CodeIgniter->handleRequest(NULL, Object(Config\Cache), false)
#10 C:\xampp-8.2.12\htdocs\app_incidencias\system\Boot.php(312): CodeIgniter\CodeIgniter->run()
#11 C:\xampp-8.2.12\htdocs\app_incidencias\system\Boot.php(67): CodeIgniter\Boot::runCodeIgniter(Object(CodeIgniter\CodeIgniter))
#12 C:\xampp-8.2.12\htdocs\app_incidencias\public\index.php(56): CodeIgniter\Boot::bootWeb(Object(Config\Paths))
#13 {main}
CRITICAL - 2024-05-31 03:44:40 --> CodeIgniter\Database\Exceptions\DatabaseException: Unknown column 'id_tecnico' in 'where clause'
[Method: GET, Route: tecnicos/actualizar/2]
in SYSTEMPATH\Database\BaseConnection.php on line 676.
 1 SYSTEMPATH\Database\BaseBuilder.php(1629): CodeIgniter\Database\BaseConnection->query('SELECT *
FROM `usuarios`
WHERE `id_tecnico` = :id_tecnico:
 LIMIT 1', [...], false)
 2 SYSTEMPATH\Model.php(319): CodeIgniter\Database\BaseBuilder->get()
 3 SYSTEMPATH\BaseModel.php(714): CodeIgniter\Model->doFirst()
 4 APPPATH\Controllers\Controller_tecnicos.php(132): CodeIgniter\BaseModel->first()
 5 SYSTEMPATH\CodeIgniter.php(933): App\Controllers\Controller_tecnicos->actualizar('2')
 6 SYSTEMPATH\CodeIgniter.php(509): CodeIgniter\CodeIgniter->runController(Object(App\Controllers\Controller_tecnicos))
 7 SYSTEMPATH\CodeIgniter.php(355): CodeIgniter\CodeIgniter->handleRequest(null, Object(Config\Cache), false)
 8 SYSTEMPATH\Boot.php(312): CodeIgniter\CodeIgniter->run()
 9 SYSTEMPATH\Boot.php(67): CodeIgniter\Boot::runCodeIgniter(Object(CodeIgniter\CodeIgniter))
10 FCPATH\index.php(56): CodeIgniter\Boot::bootWeb(Object(Config\Paths))
CRITICAL - 2024-05-31 03:44:40 --> [Caused by] CodeIgniter\Database\Exceptions\DatabaseException: Unknown column 'id_tecnico' in 'where clause'
in SYSTEMPATH\Database\MySQLi\Connection.php on line 313.
 1 SYSTEMPATH\Database\BaseConnection.php(722): CodeIgniter\Database\MySQLi\Connection->execute('SELECT *
FROM `usuarios`
WHERE `id_tecnico` = \'2\'
 LIMIT 1')
 2 SYSTEMPATH\Database\BaseConnection.php(636): CodeIgniter\Database\BaseConnection->simpleQuery('SELECT *
FROM `usuarios`
WHERE `id_tecnico` = \'2\'
 LIMIT 1')
 3 SYSTEMPATH\Database\BaseBuilder.php(1629): CodeIgniter\Database\BaseConnection->query('SELECT *
FROM `usuarios`
WHERE `id_tecnico` = :id_tecnico:
 LIMIT 1', [...], false)
 4 SYSTEMPATH\Model.php(319): CodeIgniter\Database\BaseBuilder->get()
 5 SYSTEMPATH\BaseModel.php(714): CodeIgniter\Model->doFirst()
 6 APPPATH\Controllers\Controller_tecnicos.php(132): CodeIgniter\BaseModel->first()
 7 SYSTEMPATH\CodeIgniter.php(933): App\Controllers\Controller_tecnicos->actualizar('2')
 8 SYSTEMPATH\CodeIgniter.php(509): CodeIgniter\CodeIgniter->runController(Object(App\Controllers\Controller_tecnicos))
 9 SYSTEMPATH\CodeIgniter.php(355): CodeIgniter\CodeIgniter->handleRequest(null, Object(Config\Cache), false)
10 SYSTEMPATH\Boot.php(312): CodeIgniter\CodeIgniter->run()
11 SYSTEMPATH\Boot.php(67): CodeIgniter\Boot::runCodeIgniter(Object(CodeIgniter\CodeIgniter))
12 FCPATH\index.php(56): CodeIgniter\Boot::bootWeb(Object(Config\Paths))
CRITICAL - 2024-05-31 03:44:40 --> [Caused by] mysqli_sql_exception: Unknown column 'id_tecnico' in 'where clause'
in SYSTEMPATH\Database\MySQLi\Connection.php on line 308.
 1 SYSTEMPATH\Database\MySQLi\Connection.php(308): mysqli->query('SELECT *
FROM `usuarios`
WHERE `id_tecnico` = \'2\'
 LIMIT 1', 0)
 2 SYSTEMPATH\Database\BaseConnection.php(722): CodeIgniter\Database\MySQLi\Connection->execute('SELECT *
FROM `usuarios`
WHERE `id_tecnico` = \'2\'
 LIMIT 1')
 3 SYSTEMPATH\Database\BaseConnection.php(636): CodeIgniter\Database\BaseConnection->simpleQuery('SELECT *
FROM `usuarios`
WHERE `id_tecnico` = \'2\'
 LIMIT 1')
 4 SYSTEMPATH\Database\BaseBuilder.php(1629): CodeIgniter\Database\BaseConnection->query('SELECT *
FROM `usuarios`
WHERE `id_tecnico` = :id_tecnico:
 LIMIT 1', [...], false)
 5 SYSTEMPATH\Model.php(319): CodeIgniter\Database\BaseBuilder->get()
 6 SYSTEMPATH\BaseModel.php(714): CodeIgniter\Model->doFirst()
 7 APPPATH\Controllers\Controller_tecnicos.php(132): CodeIgniter\BaseModel->first()
 8 SYSTEMPATH\CodeIgniter.php(933): App\Controllers\Controller_tecnicos->actualizar('2')
 9 SYSTEMPATH\CodeIgniter.php(509): CodeIgniter\CodeIgniter->runController(Object(App\Controllers\Controller_tecnicos))
10 SYSTEMPATH\CodeIgniter.php(355): CodeIgniter\CodeIgniter->handleRequest(null, Object(Config\Cache), false)
11 SYSTEMPATH\Boot.php(312): CodeIgniter\CodeIgniter->run()
12 SYSTEMPATH\Boot.php(67): CodeIgniter\Boot::runCodeIgniter(Object(CodeIgniter\CodeIgniter))
13 FCPATH\index.php(56): CodeIgniter\Boot::bootWeb(Object(Config\Paths))
CRITICAL - 2024-05-31 03:47:08 --> CodeIgniter\View\Exceptions\ViewException: Invalid file: "admin/view_admin_tecnicos_actualizar.php"
[Method: GET, Route: tecnicos/actualizar/2]
in SYSTEMPATH\Exceptions\FrameworkException.php on line 41.
 1 SYSTEMPATH\View\View.php(222): CodeIgniter\Exceptions\FrameworkException::forInvalidFile('admin/view_admin_tecnicos_actualizar.php')
 2 SYSTEMPATH\Common.php(1171): CodeIgniter\View\View->render('admin/view_admin_tecnicos_actualizar', [], true)
 3 APPPATH\Controllers\Controller_tecnicos.php(138): view('admin/view_admin_tecnicos_actualizar', [...])
 4 SYSTEMPATH\CodeIgniter.php(933): App\Controllers\Controller_tecnicos->actualizar('2')
 5 SYSTEMPATH\CodeIgniter.php(509): CodeIgniter\CodeIgniter->runController(Object(App\Controllers\Controller_tecnicos))
 6 SYSTEMPATH\CodeIgniter.php(355): CodeIgniter\CodeIgniter->handleRequest(null, Object(Config\Cache), false)
 7 SYSTEMPATH\Boot.php(312): CodeIgniter\CodeIgniter->run()
 8 SYSTEMPATH\Boot.php(67): CodeIgniter\Boot::runCodeIgniter(Object(CodeIgniter\CodeIgniter))
 9 FCPATH\index.php(56): CodeIgniter\Boot::bootWeb(Object(Config\Paths))
CRITICAL - 2024-05-31 03:47:52 --> ErrorException: Undefined variable $perfiles
[Method: GET, Route: tecnicos/actualizar/2]
in APPPATH\Views\admin\view_admin_tecnicos_actualizar.php on line 63.
 1 APPPATH\Views\admin\view_admin_tecnicos_actualizar.php(63): CodeIgniter\Debug\Exceptions->errorHandler(2, 'Undefined variable $perfiles', 'C:\\xampp-8.2.12\\htdocs\\app_incidencias\\app\\Views\\admin\\view_admin_tecnicos_actualizar.php', 63)
 2 SYSTEMPATH\View\View.php(234): include('C:\\xampp-8.2.12\\htdocs\\app_incidencias\\app\\Views\\admin\\view_admin_tecnicos_actualizar.php')
 3 SYSTEMPATH\View\View.php(237): CodeIgniter\View\View->CodeIgniter\View\{closure}()
 4 SYSTEMPATH\Common.php(1171): CodeIgniter\View\View->render('admin/view_admin_tecnicos_actualizar', [], true)
 5 APPPATH\Controllers\Controller_tecnicos.php(138): view('admin/view_admin_tecnicos_actualizar', [...])
 6 SYSTEMPATH\CodeIgniter.php(933): App\Controllers\Controller_tecnicos->actualizar('2')
 7 SYSTEMPATH\CodeIgniter.php(509): CodeIgniter\CodeIgniter->runController(Object(App\Controllers\Controller_tecnicos))
 8 SYSTEMPATH\CodeIgniter.php(355): CodeIgniter\CodeIgniter->handleRequest(null, Object(Config\Cache), false)
 9 SYSTEMPATH\Boot.php(312): CodeIgniter\CodeIgniter->run()
10 SYSTEMPATH\Boot.php(67): CodeIgniter\Boot::runCodeIgniter(Object(CodeIgniter\CodeIgniter))
11 FCPATH\index.php(56): CodeIgniter\Boot::bootWeb(Object(Config\Paths))
CRITICAL - 2024-05-31 20:03:53 --> CodeIgniter\View\Exceptions\ViewException: Invalid file: "view_template_head.php"
[Method: GET, Route: /]
in SYSTEMPATH\Exceptions\FrameworkException.php on line 41.
 1 SYSTEMPATH\View\View.php(222): CodeIgniter\Exceptions\FrameworkException::forInvalidFile('view_template_head.php')
 2 SYSTEMPATH\Common.php(1171): CodeIgniter\View\View->render('view_template_head', [], true)
 3 APPPATH\Controllers\Controller_login.php(15): view('view_template_head')
 4 SYSTEMPATH\CodeIgniter.php(933): App\Controllers\Controller_login->login()
 5 SYSTEMPATH\CodeIgniter.php(509): CodeIgniter\CodeIgniter->runController(Object(App\Controllers\Controller_login))
 6 SYSTEMPATH\CodeIgniter.php(355): CodeIgniter\CodeIgniter->handleRequest(null, Object(Config\Cache), false)
 7 SYSTEMPATH\Boot.php(312): CodeIgniter\CodeIgniter->run()
 8 SYSTEMPATH\Boot.php(67): CodeIgniter\Boot::runCodeIgniter(Object(CodeIgniter\CodeIgniter))
 9 FCPATH\index.php(56): CodeIgniter\Boot::bootWeb(Object(Config\Paths))
CRITICAL - 2024-05-31 20:09:02 --> ErrorException: Undefined variable $perfiles
[Method: GET, Route: tecnicos/actualizar/5]
in APPPATH\Views\admin\view_admin_tecnicos_actualizar.php on line 63.
 1 APPPATH\Views\admin\view_admin_tecnicos_actualizar.php(63): CodeIgniter\Debug\Exceptions->errorHandler(2, 'Undefined variable $perfiles', 'C:\\xampp-8.2.12\\htdocs\\app_incidencias\\app\\Views\\admin\\view_admin_tecnicos_actualizar.php', 63)
 2 SYSTEMPATH\View\View.php(234): include('C:\\xampp-8.2.12\\htdocs\\app_incidencias\\app\\Views\\admin\\view_admin_tecnicos_actualizar.php')
 3 SYSTEMPATH\View\View.php(237): CodeIgniter\View\View->CodeIgniter\View\{closure}()
 4 SYSTEMPATH\Common.php(1171): CodeIgniter\View\View->render('admin/view_admin_tecnicos_actualizar', [], true)
 5 APPPATH\Controllers\Controller_tecnicos.php(138): view('admin/view_admin_tecnicos_actualizar', [...])
 6 SYSTEMPATH\CodeIgniter.php(933): App\Controllers\Controller_tecnicos->actualizar('5')
 7 SYSTEMPATH\CodeIgniter.php(509): CodeIgniter\CodeIgniter->runController(Object(App\Controllers\Controller_tecnicos))
 8 SYSTEMPATH\CodeIgniter.php(355): CodeIgniter\CodeIgniter->handleRequest(null, Object(Config\Cache), false)
 9 SYSTEMPATH\Boot.php(312): CodeIgniter\CodeIgniter->run()
10 SYSTEMPATH\Boot.php(67): CodeIgniter\Boot::runCodeIgniter(Object(CodeIgniter\CodeIgniter))
11 FCPATH\index.php(56): CodeIgniter\Boot::bootWeb(Object(Config\Paths))
CRITICAL - 2024-05-31 20:18:16 --> ErrorException: Undefined variable $oficinas
[Method: GET, Route: tecnicos/actualizar/5]
in APPPATH\Views\admin\view_admin_tecnicos_actualizar.php on line 94.
 1 APPPATH\Views\admin\view_admin_tecnicos_actualizar.php(94): CodeIgniter\Debug\Exceptions->errorHandler(2, 'Undefined variable $oficinas', 'C:\\xampp-8.2.12\\htdocs\\app_incidencias\\app\\Views\\admin\\view_admin_tecnicos_actualizar.php', 94)
 2 SYSTEMPATH\View\View.php(234): include('C:\\xampp-8.2.12\\htdocs\\app_incidencias\\app\\Views\\admin\\view_admin_tecnicos_actualizar.php')
 3 SYSTEMPATH\View\View.php(237): CodeIgniter\View\View->CodeIgniter\View\{closure}()
 4 SYSTEMPATH\Common.php(1171): CodeIgniter\View\View->render('admin/view_admin_tecnicos_actualizar', [], true)
 5 APPPATH\Controllers\Controller_tecnicos.php(138): view('admin/view_admin_tecnicos_actualizar', [...])
 6 SYSTEMPATH\CodeIgniter.php(933): App\Controllers\Controller_tecnicos->actualizar('5')
 7 SYSTEMPATH\CodeIgniter.php(509): CodeIgniter\CodeIgniter->runController(Object(App\Controllers\Controller_tecnicos))
 8 SYSTEMPATH\CodeIgniter.php(355): CodeIgniter\CodeIgniter->handleRequest(null, Object(Config\Cache), false)
 9 SYSTEMPATH\Boot.php(312): CodeIgniter\CodeIgniter->run()
10 SYSTEMPATH\Boot.php(67): CodeIgniter\Boot::runCodeIgniter(Object(CodeIgniter\CodeIgniter))
11 FCPATH\index.php(56): CodeIgniter\Boot::bootWeb(Object(Config\Paths))
CRITICAL - 2024-05-31 20:37:28 --> CodeIgniter\View\Exceptions\ViewException: Invalid file: "view_incidencias_crear.php"
[Method: GET, Route: incidencias/crear]
in SYSTEMPATH\Exceptions\FrameworkException.php on line 41.
 1 SYSTEMPATH\View\View.php(222): CodeIgniter\Exceptions\FrameworkException::forInvalidFile('view_incidencias_crear.php')
 2 SYSTEMPATH\Common.php(1171): CodeIgniter\View\View->render('view_incidencias_crear', [], true)
 3 APPPATH\Controllers\Controller_incidencias.php(40): view('view_incidencias_crear', [...])
 4 SYSTEMPATH\CodeIgniter.php(933): App\Controllers\Controller_incidencias->crear()
 5 SYSTEMPATH\CodeIgniter.php(509): CodeIgniter\CodeIgniter->runController(Object(App\Controllers\Controller_incidencias))
 6 SYSTEMPATH\CodeIgniter.php(355): CodeIgniter\CodeIgniter->handleRequest(null, Object(Config\Cache), false)
 7 SYSTEMPATH\Boot.php(312): CodeIgniter\CodeIgniter->run()
 8 SYSTEMPATH\Boot.php(67): CodeIgniter\Boot::runCodeIgniter(Object(CodeIgniter\CodeIgniter))
 9 FCPATH\index.php(56): CodeIgniter\Boot::bootWeb(Object(Config\Paths))
CRITICAL - 2024-05-31 20:54:03 --> CodeIgniter\View\Exceptions\ViewException: Invalid file: "view_incidencias_imprimir_ticket.php"
[Method: GET, Route: incidencias/imprimirTicket/2]
in SYSTEMPATH\Exceptions\FrameworkException.php on line 41.
 1 SYSTEMPATH\View\View.php(222): CodeIgniter\Exceptions\FrameworkException::forInvalidFile('view_incidencias_imprimir_ticket.php')
 2 SYSTEMPATH\Common.php(1171): CodeIgniter\View\View->render('view_incidencias_imprimir_ticket', [], true)
 3 APPPATH\Controllers\Controller_incidencias.php(54): view('view_incidencias_imprimir_ticket', [...])
 4 SYSTEMPATH\CodeIgniter.php(933): App\Controllers\Controller_incidencias->imprimirTicket('2')
 5 SYSTEMPATH\CodeIgniter.php(509): CodeIgniter\CodeIgniter->runController(Object(App\Controllers\Controller_incidencias))
 6 SYSTEMPATH\CodeIgniter.php(355): CodeIgniter\CodeIgniter->handleRequest(null, Object(Config\Cache), false)
 7 SYSTEMPATH\Boot.php(312): CodeIgniter\CodeIgniter->run()
 8 SYSTEMPATH\Boot.php(67): CodeIgniter\Boot::runCodeIgniter(Object(CodeIgniter\CodeIgniter))
 9 FCPATH\index.php(56): CodeIgniter\Boot::bootWeb(Object(Config\Paths))
CRITICAL - 2024-05-31 21:11:53 --> CodeIgniter\View\Exceptions\ViewException: Invalid file: "view_incidencias_imprimir_ticket.php"
[Method: GET, Route: incidencias/imprimirTicket/3]
in SYSTEMPATH\Exceptions\FrameworkException.php on line 41.
 1 SYSTEMPATH\View\View.php(222): CodeIgniter\Exceptions\FrameworkException::forInvalidFile('view_incidencias_imprimir_ticket.php')
 2 SYSTEMPATH\Common.php(1171): CodeIgniter\View\View->render('view_incidencias_imprimir_ticket', [], true)
 3 APPPATH\Controllers\Controller_incidencias.php(54): view('view_incidencias_imprimir_ticket', [...])
 4 SYSTEMPATH\CodeIgniter.php(933): App\Controllers\Controller_incidencias->imprimirTicket('3')
 5 SYSTEMPATH\CodeIgniter.php(509): CodeIgniter\CodeIgniter->runController(Object(App\Controllers\Controller_incidencias))
 6 SYSTEMPATH\CodeIgniter.php(355): CodeIgniter\CodeIgniter->handleRequest(null, Object(Config\Cache), false)
 7 SYSTEMPATH\Boot.php(312): CodeIgniter\CodeIgniter->run()
 8 SYSTEMPATH\Boot.php(67): CodeIgniter\Boot::runCodeIgniter(Object(CodeIgniter\CodeIgniter))
 9 FCPATH\index.php(56): CodeIgniter\Boot::bootWeb(Object(Config\Paths))
CRITICAL - 2024-05-31 21:14:13 --> CodeIgniter\View\Exceptions\ViewException: Invalid file: "view_template_head.php"
[Method: GET, Route: incidencias/leer]
in SYSTEMPATH\Exceptions\FrameworkException.php on line 41.
 1 SYSTEMPATH\View\View.php(222): CodeIgniter\Exceptions\FrameworkException::forInvalidFile('view_template_head.php')
 2 SYSTEMPATH\Common.php(1171): CodeIgniter\View\View->render('view_template_head', [], true)
 3 APPPATH\Controllers\Controller_incidencias.php(64): view('view_template_head')
 4 SYSTEMPATH\CodeIgniter.php(933): App\Controllers\Controller_incidencias->leer()
 5 SYSTEMPATH\CodeIgniter.php(509): CodeIgniter\CodeIgniter->runController(Object(App\Controllers\Controller_incidencias))
 6 SYSTEMPATH\CodeIgniter.php(355): CodeIgniter\CodeIgniter->handleRequest(null, Object(Config\Cache), false)
 7 SYSTEMPATH\Boot.php(312): CodeIgniter\CodeIgniter->run()
 8 SYSTEMPATH\Boot.php(67): CodeIgniter\Boot::runCodeIgniter(Object(CodeIgniter\CodeIgniter))
 9 FCPATH\index.php(56): CodeIgniter\Boot::bootWeb(Object(Config\Paths))
CRITICAL - 2024-05-31 21:32:31 --> CodeIgniter\View\Exceptions\ViewException: Invalid file: "view_template_head.php"
[Method: GET, Route: incidencias/leer]
in SYSTEMPATH\Exceptions\FrameworkException.php on line 41.
 1 SYSTEMPATH\View\View.php(222): CodeIgniter\Exceptions\FrameworkException::forInvalidFile('view_template_head.php')
 2 SYSTEMPATH\Common.php(1171): CodeIgniter\View\View->render('view_template_head', [], true)
 3 APPPATH\Controllers\Controller_incidencias.php(64): view('view_template_head')
 4 SYSTEMPATH\CodeIgniter.php(933): App\Controllers\Controller_incidencias->leer()
 5 SYSTEMPATH\CodeIgniter.php(509): CodeIgniter\CodeIgniter->runController(Object(App\Controllers\Controller_incidencias))
 6 SYSTEMPATH\CodeIgniter.php(355): CodeIgniter\CodeIgniter->handleRequest(null, Object(Config\Cache), false)
 7 SYSTEMPATH\Boot.php(312): CodeIgniter\CodeIgniter->run()
 8 SYSTEMPATH\Boot.php(67): CodeIgniter\Boot::runCodeIgniter(Object(CodeIgniter\CodeIgniter))
 9 FCPATH\index.php(56): CodeIgniter\Boot::bootWeb(Object(Config\Paths))
CRITICAL - 2024-05-31 21:34:54 --> CodeIgniter\View\Exceptions\ViewException: Invalid file: "view_template_head.php"
[Method: GET, Route: /]
in SYSTEMPATH\Exceptions\FrameworkException.php on line 41.
 1 SYSTEMPATH\View\View.php(222): CodeIgniter\Exceptions\FrameworkException::forInvalidFile('view_template_head.php')
 2 SYSTEMPATH\Common.php(1171): CodeIgniter\View\View->render('view_template_head', [], true)
 3 APPPATH\Controllers\Controller_login.php(15): view('view_template_head')
 4 SYSTEMPATH\CodeIgniter.php(933): App\Controllers\Controller_login->login()
 5 SYSTEMPATH\CodeIgniter.php(509): CodeIgniter\CodeIgniter->runController(Object(App\Controllers\Controller_login))
 6 SYSTEMPATH\CodeIgniter.php(355): CodeIgniter\CodeIgniter->handleRequest(null, Object(Config\Cache), false)
 7 SYSTEMPATH\Boot.php(312): CodeIgniter\CodeIgniter->run()
 8 SYSTEMPATH\Boot.php(67): CodeIgniter\Boot::runCodeIgniter(Object(CodeIgniter\CodeIgniter))
 9 FCPATH\index.php(56): CodeIgniter\Boot::bootWeb(Object(Config\Paths))
CRITICAL - 2024-05-31 23:05:16 --> CodeIgniter\View\Exceptions\ViewException: Invalid file: "view_template_head.php"
[Method: GET, Route: /]
in SYSTEMPATH\Exceptions\FrameworkException.php on line 41.
 1 SYSTEMPATH\View\View.php(222): CodeIgniter\Exceptions\FrameworkException::forInvalidFile('view_template_head.php')
 2 SYSTEMPATH\Common.php(1171): CodeIgniter\View\View->render('view_template_head', [], true)
 3 APPPATH\Controllers\Controller_login.php(15): view('view_template_head')
 4 SYSTEMPATH\CodeIgniter.php(933): App\Controllers\Controller_login->login()
 5 SYSTEMPATH\CodeIgniter.php(509): CodeIgniter\CodeIgniter->runController(Object(App\Controllers\Controller_login))
 6 SYSTEMPATH\CodeIgniter.php(355): CodeIgniter\CodeIgniter->handleRequest(null, Object(Config\Cache), false)
 7 SYSTEMPATH\Boot.php(312): CodeIgniter\CodeIgniter->run()
 8 SYSTEMPATH\Boot.php(67): CodeIgniter\Boot::runCodeIgniter(Object(CodeIgniter\CodeIgniter))
 9 FCPATH\index.php(56): CodeIgniter\Boot::bootWeb(Object(Config\Paths))
CRITICAL - 2024-05-31 23:06:04 --> TypeError: view(): Argument #2 ($data) must be of type array, null given, called in C:\xampp-8.2.12\htdocs\app_incidencias\app\Controllers\Controller_login.php on line 16
[Method: GET, Route: /]
in SYSTEMPATH\Common.php on line 1159.
 1 APPPATH\Controllers\Controller_login.php(16): view('templates/view_template_login', null)
 2 SYSTEMPATH\CodeIgniter.php(933): App\Controllers\Controller_login->login()
 3 SYSTEMPATH\CodeIgniter.php(509): CodeIgniter\CodeIgniter->runController(Object(App\Controllers\Controller_login))
 4 SYSTEMPATH\CodeIgniter.php(355): CodeIgniter\CodeIgniter->handleRequest(null, Object(Config\Cache), false)
 5 SYSTEMPATH\Boot.php(312): CodeIgniter\CodeIgniter->run()
 6 SYSTEMPATH\Boot.php(67): CodeIgniter\Boot::runCodeIgniter(Object(CodeIgniter\CodeIgniter))
 7 FCPATH\index.php(56): CodeIgniter\Boot::bootWeb(Object(Config\Paths))
CRITICAL - 2024-05-31 23:06:25 --> ArgumentCountError: Too few arguments to function App\Controllers\Controller_login::login(), 0 passed in C:\xampp-8.2.12\htdocs\app_incidencias\system\CodeIgniter.php on line 933 and exactly 1 expected
[Method: GET, Route: /]
in APPPATH\Controllers\Controller_login.php on line 12.
 1 SYSTEMPATH\CodeIgniter.php(933): App\Controllers\Controller_login->login()
 2 SYSTEMPATH\CodeIgniter.php(509): CodeIgniter\CodeIgniter->runController(Object(App\Controllers\Controller_login))
 3 SYSTEMPATH\CodeIgniter.php(355): CodeIgniter\CodeIgniter->handleRequest(null, Object(Config\Cache), false)
 4 SYSTEMPATH\Boot.php(312): CodeIgniter\CodeIgniter->run()
 5 SYSTEMPATH\Boot.php(67): CodeIgniter\Boot::runCodeIgniter(Object(CodeIgniter\CodeIgniter))
 6 FCPATH\index.php(56): CodeIgniter\Boot::bootWeb(Object(Config\Paths))
CRITICAL - 2024-05-31 23:06:44 --> TypeError: view(): Argument #2 ($data) must be of type array, string given, called in C:\xampp-8.2.12\htdocs\app_incidencias\app\Controllers\Controller_login.php on line 16
[Method: GET, Route: /]
in SYSTEMPATH\Common.php on line 1159.
 1 APPPATH\Controllers\Controller_login.php(16): view('templates/view_template_login', '')
 2 SYSTEMPATH\CodeIgniter.php(933): App\Controllers\Controller_login->login()
 3 SYSTEMPATH\CodeIgniter.php(509): CodeIgniter\CodeIgniter->runController(Object(App\Controllers\Controller_login))
 4 SYSTEMPATH\CodeIgniter.php(355): CodeIgniter\CodeIgniter->handleRequest(null, Object(Config\Cache), false)
 5 SYSTEMPATH\Boot.php(312): CodeIgniter\CodeIgniter->run()
 6 SYSTEMPATH\Boot.php(67): CodeIgniter\Boot::runCodeIgniter(Object(CodeIgniter\CodeIgniter))
 7 FCPATH\index.php(56): CodeIgniter\Boot::bootWeb(Object(Config\Paths))
INFO - 2024-05-31 23:16:12 --> Session: Class initialized using 'CodeIgniter\Session\Handlers\FileHandler' driver.
CRITICAL - 2024-05-31 23:16:12 --> CodeIgniter\View\Exceptions\ViewException: Invalid file: "view_template_head.php"
[Method: GET, Route: incidencias/leer]
in SYSTEMPATH\Exceptions\FrameworkException.php on line 41.
 1 SYSTEMPATH\View\View.php(222): CodeIgniter\Exceptions\FrameworkException::forInvalidFile('view_template_head.php')
 2 SYSTEMPATH\Common.php(1171): CodeIgniter\View\View->render('view_template_head', [], true)
 3 APPPATH\Controllers\Controller_incidencias.php(64): view('view_template_head')
 4 SYSTEMPATH\CodeIgniter.php(933): App\Controllers\Controller_incidencias->leer()
 5 SYSTEMPATH\CodeIgniter.php(509): CodeIgniter\CodeIgniter->runController(Object(App\Controllers\Controller_incidencias))
 6 SYSTEMPATH\CodeIgniter.php(355): CodeIgniter\CodeIgniter->handleRequest(null, Object(Config\Cache), false)
 7 SYSTEMPATH\Boot.php(312): CodeIgniter\CodeIgniter->run()
 8 SYSTEMPATH\Boot.php(67): CodeIgniter\Boot::runCodeIgniter(Object(CodeIgniter\CodeIgniter))
 9 FCPATH\index.php(56): CodeIgniter\Boot::bootWeb(Object(Config\Paths))
CRITICAL - 2024-05-31 23:17:40 --> CodeIgniter\View\Exceptions\ViewException: Invalid file: "admin/view_admin_incidencias_listar.php"
[Method: GET, Route: incidencias/leer]
in SYSTEMPATH\Exceptions\FrameworkException.php on line 41.
 1 SYSTEMPATH\View\View.php(222): CodeIgniter\Exceptions\FrameworkException::forInvalidFile('admin/view_admin_incidencias_listar.php')
 2 SYSTEMPATH\Common.php(1171): CodeIgniter\View\View->render('admin/view_admin_incidencias_listar', [], true)
 3 APPPATH\Controllers\Controller_incidencias.php(66): view('admin/view_admin_incidencias_listar')
 4 SYSTEMPATH\CodeIgniter.php(933): App\Controllers\Controller_incidencias->leer()
 5 SYSTEMPATH\CodeIgniter.php(509): CodeIgniter\CodeIgniter->runController(Object(App\Controllers\Controller_incidencias))
 6 SYSTEMPATH\CodeIgniter.php(355): CodeIgniter\CodeIgniter->handleRequest(null, Object(Config\Cache), false)
 7 SYSTEMPATH\Boot.php(312): CodeIgniter\CodeIgniter->run()
 8 SYSTEMPATH\Boot.php(67): CodeIgniter\Boot::runCodeIgniter(Object(CodeIgniter\CodeIgniter))
 9 FCPATH\index.php(56): CodeIgniter\Boot::bootWeb(Object(Config\Paths))
