ERROR - 2024-05-14 22:41:38 --> mysqli_sql_exception: Cannot add or update a child row: a foreign key constraint fails (`db_incidencias`.`oficinas`, CONSTRAINT `oficinas_ibfk_1` FOREIGN KEY (`id_estado`) REFERENCES `estados` (`id_estado`)) in C:\xampp_8.2.12\htdocs\app_incidencias\system\Database\MySQLi\Connection.php:308
Stack trace:
#0 C:\xampp_8.2.12\htdocs\app_incidencias\system\Database\MySQLi\Connection.php(308): mysqli->query('INSERT INTO `of...', 0)
#1 C:\xampp_8.2.12\htdocs\app_incidencias\system\Database\BaseConnection.php(722): CodeIgniter\Database\MySQLi\Connection->execute('INSERT INTO `of...')
#2 C:\xampp_8.2.12\htdocs\app_incidencias\system\Database\BaseConnection.php(636): CodeIgniter\Database\BaseConnection->simpleQuery('INSERT INTO `of...')
#3 C:\xampp_8.2.12\htdocs\app_incidencias\system\Database\BaseBuilder.php(2325): CodeIgniter\Database\BaseConnection->query('INSERT INTO `of...', Array, false)
#4 C:\xampp_8.2.12\htdocs\app_incidencias\system\Model.php(383): CodeIgniter\Database\BaseBuilder->insert()
#5 C:\xampp_8.2.12\htdocs\app_incidencias\system\BaseModel.php(840): CodeIgniter\Model->doInsert(Array)
#6 C:\xampp_8.2.12\htdocs\app_incidencias\system\Model.php(791): CodeIgniter\BaseModel->insert(Array, true)
#7 C:\xampp_8.2.12\htdocs\app_incidencias\app\Controllers\Controller_oficinas.php(34): CodeIgniter\Model->insert(Array)
#8 C:\xampp_8.2.12\htdocs\app_incidencias\system\CodeIgniter.php(933): App\Controllers\Controller_oficinas->guardar()
#9 C:\xampp_8.2.12\htdocs\app_incidencias\system\CodeIgniter.php(509): CodeIgniter\CodeIgniter->runController(Object(App\Controllers\Controller_oficinas))
#10 C:\xampp_8.2.12\htdocs\app_incidencias\system\CodeIgniter.php(355): CodeIgniter\CodeIgniter->handleRequest(NULL, Object(Config\Cache), false)
#11 C:\xampp_8.2.12\htdocs\app_incidencias\system\Boot.php(312): CodeIgniter\CodeIgniter->run()
#12 C:\xampp_8.2.12\htdocs\app_incidencias\system\Boot.php(67): CodeIgniter\Boot::runCodeIgniter(Object(CodeIgniter\CodeIgniter))
#13 C:\xampp_8.2.12\htdocs\app_incidencias\public\index.php(56): CodeIgniter\Boot::bootWeb(Object(Config\Paths))
#14 {main}
CRITICAL - 2024-05-14 22:41:38 --> CodeIgniter\Database\Exceptions\DatabaseException: Cannot add or update a child row: a foreign key constraint fails (`db_incidencias`.`oficinas`, CONSTRAINT `oficinas_ibfk_1` FOREIGN KEY (`id_estado`) REFERENCES `estados` (`id_estado`))
[Method: POST, Route: oficinas/guardar]
in SYSTEMPATH\Database\BaseConnection.php on line 676.
 1 SYSTEMPATH\Database\BaseBuilder.php(2325): CodeIgniter\Database\BaseConnection->query('INSERT INTO `oficinas` (`nombre_oficina`) VALUES (:nombre_oficina:)', [...], false)
 2 SYSTEMPATH\Model.php(383): CodeIgniter\Database\BaseBuilder->insert()
 3 SYSTEMPATH\BaseModel.php(840): CodeIgniter\Model->doInsert([...])
 4 SYSTEMPATH\Model.php(791): CodeIgniter\BaseModel->insert([...], true)
 5 APPPATH\Controllers\Controller_oficinas.php(34): CodeIgniter\Model->insert([...])
 6 SYSTEMPATH\CodeIgniter.php(933): App\Controllers\Controller_oficinas->guardar()
 7 SYSTEMPATH\CodeIgniter.php(509): CodeIgniter\CodeIgniter->runController(Object(App\Controllers\Controller_oficinas))
 8 SYSTEMPATH\CodeIgniter.php(355): CodeIgniter\CodeIgniter->handleRequest(null, Object(Config\Cache), false)
 9 SYSTEMPATH\Boot.php(312): CodeIgniter\CodeIgniter->run()
10 SYSTEMPATH\Boot.php(67): CodeIgniter\Boot::runCodeIgniter(Object(CodeIgniter\CodeIgniter))
11 FCPATH\index.php(56): CodeIgniter\Boot::bootWeb(Object(Config\Paths))
CRITICAL - 2024-05-14 22:41:38 --> [Caused by] CodeIgniter\Database\Exceptions\DatabaseException: Cannot add or update a child row: a foreign key constraint fails (`db_incidencias`.`oficinas`, CONSTRAINT `oficinas_ibfk_1` FOREIGN KEY (`id_estado`) REFERENCES `estados` (`id_estado`))
in SYSTEMPATH\Database\MySQLi\Connection.php on line 313.
 1 SYSTEMPATH\Database\BaseConnection.php(722): CodeIgniter\Database\MySQLi\Connection->execute('INSERT INTO `oficinas` (`nombre_oficina`) VALUES (\'Tecnologías de la información\')')
 2 SYSTEMPATH\Database\BaseConnection.php(636): CodeIgniter\Database\BaseConnection->simpleQuery('INSERT INTO `oficinas` (`nombre_oficina`) VALUES (\'Tecnologías de la información\')')
 3 SYSTEMPATH\Database\BaseBuilder.php(2325): CodeIgniter\Database\BaseConnection->query('INSERT INTO `oficinas` (`nombre_oficina`) VALUES (:nombre_oficina:)', [...], false)
 4 SYSTEMPATH\Model.php(383): CodeIgniter\Database\BaseBuilder->insert()
 5 SYSTEMPATH\BaseModel.php(840): CodeIgniter\Model->doInsert([...])
 6 SYSTEMPATH\Model.php(791): CodeIgniter\BaseModel->insert([...], true)
 7 APPPATH\Controllers\Controller_oficinas.php(34): CodeIgniter\Model->insert([...])
 8 SYSTEMPATH\CodeIgniter.php(933): App\Controllers\Controller_oficinas->guardar()
 9 SYSTEMPATH\CodeIgniter.php(509): CodeIgniter\CodeIgniter->runController(Object(App\Controllers\Controller_oficinas))
10 SYSTEMPATH\CodeIgniter.php(355): CodeIgniter\CodeIgniter->handleRequest(null, Object(Config\Cache), false)
11 SYSTEMPATH\Boot.php(312): CodeIgniter\CodeIgniter->run()
12 SYSTEMPATH\Boot.php(67): CodeIgniter\Boot::runCodeIgniter(Object(CodeIgniter\CodeIgniter))
13 FCPATH\index.php(56): CodeIgniter\Boot::bootWeb(Object(Config\Paths))
CRITICAL - 2024-05-14 22:41:38 --> [Caused by] mysqli_sql_exception: Cannot add or update a child row: a foreign key constraint fails (`db_incidencias`.`oficinas`, CONSTRAINT `oficinas_ibfk_1` FOREIGN KEY (`id_estado`) REFERENCES `estados` (`id_estado`))
in SYSTEMPATH\Database\MySQLi\Connection.php on line 308.
 1 SYSTEMPATH\Database\MySQLi\Connection.php(308): mysqli->query('INSERT INTO `oficinas` (`nombre_oficina`) VALUES (\'Tecnologías de la información\')', 0)
 2 SYSTEMPATH\Database\BaseConnection.php(722): CodeIgniter\Database\MySQLi\Connection->execute('INSERT INTO `oficinas` (`nombre_oficina`) VALUES (\'Tecnologías de la información\')')
 3 SYSTEMPATH\Database\BaseConnection.php(636): CodeIgniter\Database\BaseConnection->simpleQuery('INSERT INTO `oficinas` (`nombre_oficina`) VALUES (\'Tecnologías de la información\')')
 4 SYSTEMPATH\Database\BaseBuilder.php(2325): CodeIgniter\Database\BaseConnection->query('INSERT INTO `oficinas` (`nombre_oficina`) VALUES (:nombre_oficina:)', [...], false)
 5 SYSTEMPATH\Model.php(383): CodeIgniter\Database\BaseBuilder->insert()
 6 SYSTEMPATH\BaseModel.php(840): CodeIgniter\Model->doInsert([...])
 7 SYSTEMPATH\Model.php(791): CodeIgniter\BaseModel->insert([...], true)
 8 APPPATH\Controllers\Controller_oficinas.php(34): CodeIgniter\Model->insert([...])
 9 SYSTEMPATH\CodeIgniter.php(933): App\Controllers\Controller_oficinas->guardar()
10 SYSTEMPATH\CodeIgniter.php(509): CodeIgniter\CodeIgniter->runController(Object(App\Controllers\Controller_oficinas))
11 SYSTEMPATH\CodeIgniter.php(355): CodeIgniter\CodeIgniter->handleRequest(null, Object(Config\Cache), false)
12 SYSTEMPATH\Boot.php(312): CodeIgniter\CodeIgniter->run()
13 SYSTEMPATH\Boot.php(67): CodeIgniter\Boot::runCodeIgniter(Object(CodeIgniter\CodeIgniter))
14 FCPATH\index.php(56): CodeIgniter\Boot::bootWeb(Object(Config\Paths))
ERROR - 2024-05-14 22:46:37 --> mysqli_sql_exception: Column 'id_estado' cannot be null in C:\xampp_8.2.12\htdocs\app_incidencias\system\Database\MySQLi\Connection.php:308
Stack trace:
#0 C:\xampp_8.2.12\htdocs\app_incidencias\system\Database\MySQLi\Connection.php(308): mysqli->query('INSERT INTO `of...', 0)
#1 C:\xampp_8.2.12\htdocs\app_incidencias\system\Database\BaseConnection.php(722): CodeIgniter\Database\MySQLi\Connection->execute('INSERT INTO `of...')
#2 C:\xampp_8.2.12\htdocs\app_incidencias\system\Database\BaseConnection.php(636): CodeIgniter\Database\BaseConnection->simpleQuery('INSERT INTO `of...')
#3 C:\xampp_8.2.12\htdocs\app_incidencias\system\Database\BaseBuilder.php(2325): CodeIgniter\Database\BaseConnection->query('INSERT INTO `of...', Array, false)
#4 C:\xampp_8.2.12\htdocs\app_incidencias\system\Model.php(383): CodeIgniter\Database\BaseBuilder->insert()
#5 C:\xampp_8.2.12\htdocs\app_incidencias\system\BaseModel.php(840): CodeIgniter\Model->doInsert(Array)
#6 C:\xampp_8.2.12\htdocs\app_incidencias\system\Model.php(791): CodeIgniter\BaseModel->insert(Array, true)
#7 C:\xampp_8.2.12\htdocs\app_incidencias\app\Controllers\Controller_oficinas.php(35): CodeIgniter\Model->insert(Array)
#8 C:\xampp_8.2.12\htdocs\app_incidencias\system\CodeIgniter.php(933): App\Controllers\Controller_oficinas->guardar()
#9 C:\xampp_8.2.12\htdocs\app_incidencias\system\CodeIgniter.php(509): CodeIgniter\CodeIgniter->runController(Object(App\Controllers\Controller_oficinas))
#10 C:\xampp_8.2.12\htdocs\app_incidencias\system\CodeIgniter.php(355): CodeIgniter\CodeIgniter->handleRequest(NULL, Object(Config\Cache), false)
#11 C:\xampp_8.2.12\htdocs\app_incidencias\system\Boot.php(312): CodeIgniter\CodeIgniter->run()
#12 C:\xampp_8.2.12\htdocs\app_incidencias\system\Boot.php(67): CodeIgniter\Boot::runCodeIgniter(Object(CodeIgniter\CodeIgniter))
#13 C:\xampp_8.2.12\htdocs\app_incidencias\public\index.php(56): CodeIgniter\Boot::bootWeb(Object(Config\Paths))
#14 {main}
CRITICAL - 2024-05-14 22:46:37 --> CodeIgniter\Database\Exceptions\DatabaseException: Column 'id_estado' cannot be null
[Method: POST, Route: oficinas/guardar]
in SYSTEMPATH\Database\BaseConnection.php on line 676.
 1 SYSTEMPATH\Database\BaseBuilder.php(2325): CodeIgniter\Database\BaseConnection->query('INSERT INTO `oficinas` (`nombre_oficina`, `id_estado`) VALUES (:nombre_oficina:, :id_estado:)', [...], false)
 2 SYSTEMPATH\Model.php(383): CodeIgniter\Database\BaseBuilder->insert()
 3 SYSTEMPATH\BaseModel.php(840): CodeIgniter\Model->doInsert([...])
 4 SYSTEMPATH\Model.php(791): CodeIgniter\BaseModel->insert([...], true)
 5 APPPATH\Controllers\Controller_oficinas.php(35): CodeIgniter\Model->insert([...])
 6 SYSTEMPATH\CodeIgniter.php(933): App\Controllers\Controller_oficinas->guardar()
 7 SYSTEMPATH\CodeIgniter.php(509): CodeIgniter\CodeIgniter->runController(Object(App\Controllers\Controller_oficinas))
 8 SYSTEMPATH\CodeIgniter.php(355): CodeIgniter\CodeIgniter->handleRequest(null, Object(Config\Cache), false)
 9 SYSTEMPATH\Boot.php(312): CodeIgniter\CodeIgniter->run()
10 SYSTEMPATH\Boot.php(67): CodeIgniter\Boot::runCodeIgniter(Object(CodeIgniter\CodeIgniter))
11 FCPATH\index.php(56): CodeIgniter\Boot::bootWeb(Object(Config\Paths))
CRITICAL - 2024-05-14 22:46:37 --> [Caused by] CodeIgniter\Database\Exceptions\DatabaseException: Column 'id_estado' cannot be null
in SYSTEMPATH\Database\MySQLi\Connection.php on line 313.
 1 SYSTEMPATH\Database\BaseConnection.php(722): CodeIgniter\Database\MySQLi\Connection->execute('INSERT INTO `oficinas` (`nombre_oficina`, `id_estado`) VALUES (\'Tecnologías de la información\', NULL)')
 2 SYSTEMPATH\Database\BaseConnection.php(636): CodeIgniter\Database\BaseConnection->simpleQuery('INSERT INTO `oficinas` (`nombre_oficina`, `id_estado`) VALUES (\'Tecnologías de la información\', NULL)')
 3 SYSTEMPATH\Database\BaseBuilder.php(2325): CodeIgniter\Database\BaseConnection->query('INSERT INTO `oficinas` (`nombre_oficina`, `id_estado`) VALUES (:nombre_oficina:, :id_estado:)', [...], false)
 4 SYSTEMPATH\Model.php(383): CodeIgniter\Database\BaseBuilder->insert()
 5 SYSTEMPATH\BaseModel.php(840): CodeIgniter\Model->doInsert([...])
 6 SYSTEMPATH\Model.php(791): CodeIgniter\BaseModel->insert([...], true)
 7 APPPATH\Controllers\Controller_oficinas.php(35): CodeIgniter\Model->insert([...])
 8 SYSTEMPATH\CodeIgniter.php(933): App\Controllers\Controller_oficinas->guardar()
 9 SYSTEMPATH\CodeIgniter.php(509): CodeIgniter\CodeIgniter->runController(Object(App\Controllers\Controller_oficinas))
10 SYSTEMPATH\CodeIgniter.php(355): CodeIgniter\CodeIgniter->handleRequest(null, Object(Config\Cache), false)
11 SYSTEMPATH\Boot.php(312): CodeIgniter\CodeIgniter->run()
12 SYSTEMPATH\Boot.php(67): CodeIgniter\Boot::runCodeIgniter(Object(CodeIgniter\CodeIgniter))
13 FCPATH\index.php(56): CodeIgniter\Boot::bootWeb(Object(Config\Paths))
CRITICAL - 2024-05-14 22:46:37 --> [Caused by] mysqli_sql_exception: Column 'id_estado' cannot be null
in SYSTEMPATH\Database\MySQLi\Connection.php on line 308.
 1 SYSTEMPATH\Database\MySQLi\Connection.php(308): mysqli->query('INSERT INTO `oficinas` (`nombre_oficina`, `id_estado`) VALUES (\'Tecnologías de la información\', NULL)', 0)
 2 SYSTEMPATH\Database\BaseConnection.php(722): CodeIgniter\Database\MySQLi\Connection->execute('INSERT INTO `oficinas` (`nombre_oficina`, `id_estado`) VALUES (\'Tecnologías de la información\', NULL)')
 3 SYSTEMPATH\Database\BaseConnection.php(636): CodeIgniter\Database\BaseConnection->simpleQuery('INSERT INTO `oficinas` (`nombre_oficina`, `id_estado`) VALUES (\'Tecnologías de la información\', NULL)')
 4 SYSTEMPATH\Database\BaseBuilder.php(2325): CodeIgniter\Database\BaseConnection->query('INSERT INTO `oficinas` (`nombre_oficina`, `id_estado`) VALUES (:nombre_oficina:, :id_estado:)', [...], false)
 5 SYSTEMPATH\Model.php(383): CodeIgniter\Database\BaseBuilder->insert()
 6 SYSTEMPATH\BaseModel.php(840): CodeIgniter\Model->doInsert([...])
 7 SYSTEMPATH\Model.php(791): CodeIgniter\BaseModel->insert([...], true)
 8 APPPATH\Controllers\Controller_oficinas.php(35): CodeIgniter\Model->insert([...])
 9 SYSTEMPATH\CodeIgniter.php(933): App\Controllers\Controller_oficinas->guardar()
10 SYSTEMPATH\CodeIgniter.php(509): CodeIgniter\CodeIgniter->runController(Object(App\Controllers\Controller_oficinas))
11 SYSTEMPATH\CodeIgniter.php(355): CodeIgniter\CodeIgniter->handleRequest(null, Object(Config\Cache), false)
12 SYSTEMPATH\Boot.php(312): CodeIgniter\CodeIgniter->run()
13 SYSTEMPATH\Boot.php(67): CodeIgniter\Boot::runCodeIgniter(Object(CodeIgniter\CodeIgniter))
14 FCPATH\index.php(56): CodeIgniter\Boot::bootWeb(Object(Config\Paths))
ERROR - 2024-05-14 22:46:49 --> mysqli_sql_exception: Column 'id_estado' cannot be null in C:\xampp_8.2.12\htdocs\app_incidencias\system\Database\MySQLi\Connection.php:308
Stack trace:
#0 C:\xampp_8.2.12\htdocs\app_incidencias\system\Database\MySQLi\Connection.php(308): mysqli->query('INSERT INTO `of...', 0)
#1 C:\xampp_8.2.12\htdocs\app_incidencias\system\Database\BaseConnection.php(722): CodeIgniter\Database\MySQLi\Connection->execute('INSERT INTO `of...')
#2 C:\xampp_8.2.12\htdocs\app_incidencias\system\Database\BaseConnection.php(636): CodeIgniter\Database\BaseConnection->simpleQuery('INSERT INTO `of...')
#3 C:\xampp_8.2.12\htdocs\app_incidencias\system\Database\BaseBuilder.php(2325): CodeIgniter\Database\BaseConnection->query('INSERT INTO `of...', Array, false)
#4 C:\xampp_8.2.12\htdocs\app_incidencias\system\Model.php(383): CodeIgniter\Database\BaseBuilder->insert()
#5 C:\xampp_8.2.12\htdocs\app_incidencias\system\BaseModel.php(840): CodeIgniter\Model->doInsert(Array)
#6 C:\xampp_8.2.12\htdocs\app_incidencias\system\Model.php(791): CodeIgniter\BaseModel->insert(Array, true)
#7 C:\xampp_8.2.12\htdocs\app_incidencias\app\Controllers\Controller_oficinas.php(35): CodeIgniter\Model->insert(Array)
#8 C:\xampp_8.2.12\htdocs\app_incidencias\system\CodeIgniter.php(933): App\Controllers\Controller_oficinas->guardar()
#9 C:\xampp_8.2.12\htdocs\app_incidencias\system\CodeIgniter.php(509): CodeIgniter\CodeIgniter->runController(Object(App\Controllers\Controller_oficinas))
#10 C:\xampp_8.2.12\htdocs\app_incidencias\system\CodeIgniter.php(355): CodeIgniter\CodeIgniter->handleRequest(NULL, Object(Config\Cache), false)
#11 C:\xampp_8.2.12\htdocs\app_incidencias\system\Boot.php(312): CodeIgniter\CodeIgniter->run()
#12 C:\xampp_8.2.12\htdocs\app_incidencias\system\Boot.php(67): CodeIgniter\Boot::runCodeIgniter(Object(CodeIgniter\CodeIgniter))
#13 C:\xampp_8.2.12\htdocs\app_incidencias\public\index.php(56): CodeIgniter\Boot::bootWeb(Object(Config\Paths))
#14 {main}
CRITICAL - 2024-05-14 22:46:49 --> CodeIgniter\Database\Exceptions\DatabaseException: Column 'id_estado' cannot be null
[Method: POST, Route: oficinas/guardar]
in SYSTEMPATH\Database\BaseConnection.php on line 676.
 1 SYSTEMPATH\Database\BaseBuilder.php(2325): CodeIgniter\Database\BaseConnection->query('INSERT INTO `oficinas` (`nombre_oficina`, `id_estado`) VALUES (:nombre_oficina:, :id_estado:)', [...], false)
 2 SYSTEMPATH\Model.php(383): CodeIgniter\Database\BaseBuilder->insert()
 3 SYSTEMPATH\BaseModel.php(840): CodeIgniter\Model->doInsert([...])
 4 SYSTEMPATH\Model.php(791): CodeIgniter\BaseModel->insert([...], true)
 5 APPPATH\Controllers\Controller_oficinas.php(35): CodeIgniter\Model->insert([...])
 6 SYSTEMPATH\CodeIgniter.php(933): App\Controllers\Controller_oficinas->guardar()
 7 SYSTEMPATH\CodeIgniter.php(509): CodeIgniter\CodeIgniter->runController(Object(App\Controllers\Controller_oficinas))
 8 SYSTEMPATH\CodeIgniter.php(355): CodeIgniter\CodeIgniter->handleRequest(null, Object(Config\Cache), false)
 9 SYSTEMPATH\Boot.php(312): CodeIgniter\CodeIgniter->run()
10 SYSTEMPATH\Boot.php(67): CodeIgniter\Boot::runCodeIgniter(Object(CodeIgniter\CodeIgniter))
11 FCPATH\index.php(56): CodeIgniter\Boot::bootWeb(Object(Config\Paths))
CRITICAL - 2024-05-14 22:46:49 --> [Caused by] CodeIgniter\Database\Exceptions\DatabaseException: Column 'id_estado' cannot be null
in SYSTEMPATH\Database\MySQLi\Connection.php on line 313.
 1 SYSTEMPATH\Database\BaseConnection.php(722): CodeIgniter\Database\MySQLi\Connection->execute('INSERT INTO `oficinas` (`nombre_oficina`, `id_estado`) VALUES (\'Tecnologías de la información\', NULL)')
 2 SYSTEMPATH\Database\BaseConnection.php(636): CodeIgniter\Database\BaseConnection->simpleQuery('INSERT INTO `oficinas` (`nombre_oficina`, `id_estado`) VALUES (\'Tecnologías de la información\', NULL)')
 3 SYSTEMPATH\Database\BaseBuilder.php(2325): CodeIgniter\Database\BaseConnection->query('INSERT INTO `oficinas` (`nombre_oficina`, `id_estado`) VALUES (:nombre_oficina:, :id_estado:)', [...], false)
 4 SYSTEMPATH\Model.php(383): CodeIgniter\Database\BaseBuilder->insert()
 5 SYSTEMPATH\BaseModel.php(840): CodeIgniter\Model->doInsert([...])
 6 SYSTEMPATH\Model.php(791): CodeIgniter\BaseModel->insert([...], true)
 7 APPPATH\Controllers\Controller_oficinas.php(35): CodeIgniter\Model->insert([...])
 8 SYSTEMPATH\CodeIgniter.php(933): App\Controllers\Controller_oficinas->guardar()
 9 SYSTEMPATH\CodeIgniter.php(509): CodeIgniter\CodeIgniter->runController(Object(App\Controllers\Controller_oficinas))
10 SYSTEMPATH\CodeIgniter.php(355): CodeIgniter\CodeIgniter->handleRequest(null, Object(Config\Cache), false)
11 SYSTEMPATH\Boot.php(312): CodeIgniter\CodeIgniter->run()
12 SYSTEMPATH\Boot.php(67): CodeIgniter\Boot::runCodeIgniter(Object(CodeIgniter\CodeIgniter))
13 FCPATH\index.php(56): CodeIgniter\Boot::bootWeb(Object(Config\Paths))
CRITICAL - 2024-05-14 22:46:49 --> [Caused by] mysqli_sql_exception: Column 'id_estado' cannot be null
in SYSTEMPATH\Database\MySQLi\Connection.php on line 308.
 1 SYSTEMPATH\Database\MySQLi\Connection.php(308): mysqli->query('INSERT INTO `oficinas` (`nombre_oficina`, `id_estado`) VALUES (\'Tecnologías de la información\', NULL)', 0)
 2 SYSTEMPATH\Database\BaseConnection.php(722): CodeIgniter\Database\MySQLi\Connection->execute('INSERT INTO `oficinas` (`nombre_oficina`, `id_estado`) VALUES (\'Tecnologías de la información\', NULL)')
 3 SYSTEMPATH\Database\BaseConnection.php(636): CodeIgniter\Database\BaseConnection->simpleQuery('INSERT INTO `oficinas` (`nombre_oficina`, `id_estado`) VALUES (\'Tecnologías de la información\', NULL)')
 4 SYSTEMPATH\Database\BaseBuilder.php(2325): CodeIgniter\Database\BaseConnection->query('INSERT INTO `oficinas` (`nombre_oficina`, `id_estado`) VALUES (:nombre_oficina:, :id_estado:)', [...], false)
 5 SYSTEMPATH\Model.php(383): CodeIgniter\Database\BaseBuilder->insert()
 6 SYSTEMPATH\BaseModel.php(840): CodeIgniter\Model->doInsert([...])
 7 SYSTEMPATH\Model.php(791): CodeIgniter\BaseModel->insert([...], true)
 8 APPPATH\Controllers\Controller_oficinas.php(35): CodeIgniter\Model->insert([...])
 9 SYSTEMPATH\CodeIgniter.php(933): App\Controllers\Controller_oficinas->guardar()
10 SYSTEMPATH\CodeIgniter.php(509): CodeIgniter\CodeIgniter->runController(Object(App\Controllers\Controller_oficinas))
11 SYSTEMPATH\CodeIgniter.php(355): CodeIgniter\CodeIgniter->handleRequest(null, Object(Config\Cache), false)
12 SYSTEMPATH\Boot.php(312): CodeIgniter\CodeIgniter->run()
13 SYSTEMPATH\Boot.php(67): CodeIgniter\Boot::runCodeIgniter(Object(CodeIgniter\CodeIgniter))
14 FCPATH\index.php(56): CodeIgniter\Boot::bootWeb(Object(Config\Paths))
CRITICAL - 2024-05-14 22:49:01 --> ErrorException: Array to string conversion
[Method: POST, Route: oficinas/guardar]
in APPPATH\Controllers\Controller_oficinas.php on line 35.
 1 APPPATH\Controllers\Controller_oficinas.php(35): CodeIgniter\Debug\Exceptions->errorHandler(2, 'Array to string conversion', 'C:\\xampp_8.2.12\\htdocs\\app_incidencias\\app\\Controllers\\Controller_oficinas.php', 35)
 2 SYSTEMPATH\CodeIgniter.php(933): App\Controllers\Controller_oficinas->guardar()
 3 SYSTEMPATH\CodeIgniter.php(509): CodeIgniter\CodeIgniter->runController(Object(App\Controllers\Controller_oficinas))
 4 SYSTEMPATH\CodeIgniter.php(355): CodeIgniter\CodeIgniter->handleRequest(null, Object(Config\Cache), false)
 5 SYSTEMPATH\Boot.php(312): CodeIgniter\CodeIgniter->run()
 6 SYSTEMPATH\Boot.php(67): CodeIgniter\Boot::runCodeIgniter(Object(CodeIgniter\CodeIgniter))
 7 FCPATH\index.php(56): CodeIgniter\Boot::bootWeb(Object(Config\Paths))
