INFO - 2024-06-07 15:50:44 --> Session: Class initialized using 'CodeIgniter\Session\Handlers\FileHandler' driver.
INFO - 2024-06-07 15:50:44 --> Session: Class initialized using 'CodeIgniter\Session\Handlers\FileHandler' driver.
INFO - 2024-06-07 16:07:13 --> Session: Class initialized using 'CodeIgniter\Session\Handlers\FileHandler' driver.
CRITICAL - 2024-06-07 16:07:13 --> TypeError: CodeIgniter\Database\BaseBuilder::select(): Argument #2 ($escape) must be of type ?bool, string given, called in /opt/lampp/htdocs/app_incidencias/system/Model.php on line 919
[Method: GET, Route: incidencias/leer]
in SYSTEMPATH/Database/BaseBuilder.php on line 397.
 1 SYSTEMPATH/Model.php(919): CodeIgniter\Database\BaseBuilder->select('incidencias.*', 'oficinas.nombre_oficina')
 2 APPPATH/Models/Model_incidencias.php(42): CodeIgniter\Model->__call('select', [...])
 3 APPPATH/Controllers/Controller_incidencias.php(84): App\Models\Model_incidencias->obtener_incidencias_nuevas()
 4 SYSTEMPATH/CodeIgniter.php(933): App\Controllers\Controller_incidencias->leer()
 5 SYSTEMPATH/CodeIgniter.php(509): CodeIgniter\CodeIgniter->runController(Object(App\Controllers\Controller_incidencias))
 6 SYSTEMPATH/CodeIgniter.php(355): CodeIgniter\CodeIgniter->handleRequest(null, Object(Config\Cache), false)
 7 SYSTEMPATH/Boot.php(312): CodeIgniter\CodeIgniter->run()
 8 SYSTEMPATH/Boot.php(67): CodeIgniter\Boot::runCodeIgniter(Object(CodeIgniter\CodeIgniter))
 9 FCPATH/index.php(56): CodeIgniter\Boot::bootWeb(Object(Config\Paths))
INFO - 2024-06-07 16:09:04 --> Session: Class initialized using 'CodeIgniter\Session\Handlers\FileHandler' driver.
ERROR - 2024-06-07 16:09:04 --> mysqli_sql_exception: Unknown column 'usuarios.fecha_inicio' in 'where clause' in /opt/lampp/htdocs/app_incidencias/system/Database/MySQLi/Connection.php:308
Stack trace:
#0 /opt/lampp/htdocs/app_incidencias/system/Database/MySQLi/Connection.php(308): mysqli->query('SELECT `inciden...', 0)
#1 /opt/lampp/htdocs/app_incidencias/system/Database/BaseConnection.php(722): CodeIgniter\Database\MySQLi\Connection->execute('SELECT `inciden...')
#2 /opt/lampp/htdocs/app_incidencias/system/Database/BaseConnection.php(636): CodeIgniter\Database\BaseConnection->simpleQuery('SELECT `inciden...')
#3 /opt/lampp/htdocs/app_incidencias/system/Database/BaseBuilder.php(1629): CodeIgniter\Database\BaseConnection->query('SELECT `inciden...', Array, false)
#4 /opt/lampp/htdocs/app_incidencias/system/Model.php(275): CodeIgniter\Database\BaseBuilder->get()
#5 /opt/lampp/htdocs/app_incidencias/system/BaseModel.php(676): CodeIgniter\Model->doFindAll(0, 0)
#6 /opt/lampp/htdocs/app_incidencias/app/Models/Model_incidencias.php(45): CodeIgniter\BaseModel->findAll()
#7 /opt/lampp/htdocs/app_incidencias/app/Controllers/Controller_incidencias.php(84): App\Models\Model_incidencias->obtener_incidencias_nuevas()
#8 /opt/lampp/htdocs/app_incidencias/system/CodeIgniter.php(933): App\Controllers\Controller_incidencias->leer()
#9 /opt/lampp/htdocs/app_incidencias/system/CodeIgniter.php(509): CodeIgniter\CodeIgniter->runController(Object(App\Controllers\Controller_incidencias))
#10 /opt/lampp/htdocs/app_incidencias/system/CodeIgniter.php(355): CodeIgniter\CodeIgniter->handleRequest(NULL, Object(Config\Cache), false)
#11 /opt/lampp/htdocs/app_incidencias/system/Boot.php(312): CodeIgniter\CodeIgniter->run()
#12 /opt/lampp/htdocs/app_incidencias/system/Boot.php(67): CodeIgniter\Boot::runCodeIgniter(Object(CodeIgniter\CodeIgniter))
#13 /opt/lampp/htdocs/app_incidencias/public/index.php(56): CodeIgniter\Boot::bootWeb(Object(Config\Paths))
#14 {main}
CRITICAL - 2024-06-07 16:09:04 --> CodeIgniter\Database\Exceptions\DatabaseException: Unknown column 'usuarios.fecha_inicio' in 'where clause'
[Method: GET, Route: incidencias/leer]
in SYSTEMPATH/Database/BaseConnection.php on line 676.
 1 SYSTEMPATH/Database/BaseBuilder.php(1629): CodeIgniter\Database\BaseConnection->query('SELECT `incidencias`.*, `oficinas`.`nombre_oficina`
FROM `incidencias`
JOIN `oficinas` ON `incidencias`.`id_oficina` = `oficinas`.`id_oficina`
WHERE `usuarios`.`fecha_inicio` = :usuarios.fecha_inicio:', [...], false)
 2 SYSTEMPATH/Model.php(275): CodeIgniter\Database\BaseBuilder->get()
 3 SYSTEMPATH/BaseModel.php(676): CodeIgniter\Model->doFindAll(0, 0)
 4 APPPATH/Models/Model_incidencias.php(45): CodeIgniter\BaseModel->findAll()
 5 APPPATH/Controllers/Controller_incidencias.php(84): App\Models\Model_incidencias->obtener_incidencias_nuevas()
 6 SYSTEMPATH/CodeIgniter.php(933): App\Controllers\Controller_incidencias->leer()
 7 SYSTEMPATH/CodeIgniter.php(509): CodeIgniter\CodeIgniter->runController(Object(App\Controllers\Controller_incidencias))
 8 SYSTEMPATH/CodeIgniter.php(355): CodeIgniter\CodeIgniter->handleRequest(null, Object(Config\Cache), false)
 9 SYSTEMPATH/Boot.php(312): CodeIgniter\CodeIgniter->run()
10 SYSTEMPATH/Boot.php(67): CodeIgniter\Boot::runCodeIgniter(Object(CodeIgniter\CodeIgniter))
11 FCPATH/index.php(56): CodeIgniter\Boot::bootWeb(Object(Config\Paths))
CRITICAL - 2024-06-07 16:09:04 --> [Caused by] CodeIgniter\Database\Exceptions\DatabaseException: Unknown column 'usuarios.fecha_inicio' in 'where clause'
in SYSTEMPATH/Database/MySQLi/Connection.php on line 313.
 1 SYSTEMPATH/Database/BaseConnection.php(722): CodeIgniter\Database\MySQLi\Connection->execute('SELECT `incidencias`.*, `oficinas`.`nombre_oficina`
FROM `incidencias`
JOIN `oficinas` ON `incidencias`.`id_oficina` = `oficinas`.`id_oficina`
WHERE `usuarios`.`fecha_inicio` = \'2024-06-07\'')
 2 SYSTEMPATH/Database/BaseConnection.php(636): CodeIgniter\Database\BaseConnection->simpleQuery('SELECT `incidencias`.*, `oficinas`.`nombre_oficina`
FROM `incidencias`
JOIN `oficinas` ON `incidencias`.`id_oficina` = `oficinas`.`id_oficina`
WHERE `usuarios`.`fecha_inicio` = \'2024-06-07\'')
 3 SYSTEMPATH/Database/BaseBuilder.php(1629): CodeIgniter\Database\BaseConnection->query('SELECT `incidencias`.*, `oficinas`.`nombre_oficina`
FROM `incidencias`
JOIN `oficinas` ON `incidencias`.`id_oficina` = `oficinas`.`id_oficina`
WHERE `usuarios`.`fecha_inicio` = :usuarios.fecha_inicio:', [...], false)
 4 SYSTEMPATH/Model.php(275): CodeIgniter\Database\BaseBuilder->get()
 5 SYSTEMPATH/BaseModel.php(676): CodeIgniter\Model->doFindAll(0, 0)
 6 APPPATH/Models/Model_incidencias.php(45): CodeIgniter\BaseModel->findAll()
 7 APPPATH/Controllers/Controller_incidencias.php(84): App\Models\Model_incidencias->obtener_incidencias_nuevas()
 8 SYSTEMPATH/CodeIgniter.php(933): App\Controllers\Controller_incidencias->leer()
 9 SYSTEMPATH/CodeIgniter.php(509): CodeIgniter\CodeIgniter->runController(Object(App\Controllers\Controller_incidencias))
10 SYSTEMPATH/CodeIgniter.php(355): CodeIgniter\CodeIgniter->handleRequest(null, Object(Config\Cache), false)
11 SYSTEMPATH/Boot.php(312): CodeIgniter\CodeIgniter->run()
12 SYSTEMPATH/Boot.php(67): CodeIgniter\Boot::runCodeIgniter(Object(CodeIgniter\CodeIgniter))
13 FCPATH/index.php(56): CodeIgniter\Boot::bootWeb(Object(Config\Paths))
CRITICAL - 2024-06-07 16:09:04 --> [Caused by] mysqli_sql_exception: Unknown column 'usuarios.fecha_inicio' in 'where clause'
in SYSTEMPATH/Database/MySQLi/Connection.php on line 308.
 1 SYSTEMPATH/Database/MySQLi/Connection.php(308): mysqli->query('SELECT `incidencias`.*, `oficinas`.`nombre_oficina`
FROM `incidencias`
JOIN `oficinas` ON `incidencias`.`id_oficina` = `oficinas`.`id_oficina`
WHERE `usuarios`.`fecha_inicio` = \'2024-06-07\'', 0)
 2 SYSTEMPATH/Database/BaseConnection.php(722): CodeIgniter\Database\MySQLi\Connection->execute('SELECT `incidencias`.*, `oficinas`.`nombre_oficina`
FROM `incidencias`
JOIN `oficinas` ON `incidencias`.`id_oficina` = `oficinas`.`id_oficina`
WHERE `usuarios`.`fecha_inicio` = \'2024-06-07\'')
 3 SYSTEMPATH/Database/BaseConnection.php(636): CodeIgniter\Database\BaseConnection->simpleQuery('SELECT `incidencias`.*, `oficinas`.`nombre_oficina`
FROM `incidencias`
JOIN `oficinas` ON `incidencias`.`id_oficina` = `oficinas`.`id_oficina`
WHERE `usuarios`.`fecha_inicio` = \'2024-06-07\'')
 4 SYSTEMPATH/Database/BaseBuilder.php(1629): CodeIgniter\Database\BaseConnection->query('SELECT `incidencias`.*, `oficinas`.`nombre_oficina`
FROM `incidencias`
JOIN `oficinas` ON `incidencias`.`id_oficina` = `oficinas`.`id_oficina`
WHERE `usuarios`.`fecha_inicio` = :usuarios.fecha_inicio:', [...], false)
 5 SYSTEMPATH/Model.php(275): CodeIgniter\Database\BaseBuilder->get()
 6 SYSTEMPATH/BaseModel.php(676): CodeIgniter\Model->doFindAll(0, 0)
 7 APPPATH/Models/Model_incidencias.php(45): CodeIgniter\BaseModel->findAll()
 8 APPPATH/Controllers/Controller_incidencias.php(84): App\Models\Model_incidencias->obtener_incidencias_nuevas()
 9 SYSTEMPATH/CodeIgniter.php(933): App\Controllers\Controller_incidencias->leer()
10 SYSTEMPATH/CodeIgniter.php(509): CodeIgniter\CodeIgniter->runController(Object(App\Controllers\Controller_incidencias))
11 SYSTEMPATH/CodeIgniter.php(355): CodeIgniter\CodeIgniter->handleRequest(null, Object(Config\Cache), false)
12 SYSTEMPATH/Boot.php(312): CodeIgniter\CodeIgniter->run()
13 SYSTEMPATH/Boot.php(67): CodeIgniter\Boot::runCodeIgniter(Object(CodeIgniter\CodeIgniter))
14 FCPATH/index.php(56): CodeIgniter\Boot::bootWeb(Object(Config\Paths))
INFO - 2024-06-07 16:09:23 --> Session: Class initialized using 'CodeIgniter\Session\Handlers\FileHandler' driver.
INFO - 2024-06-07 16:21:52 --> Session: Class initialized using 'CodeIgniter\Session\Handlers\FileHandler' driver.
ERROR - 2024-06-07 16:21:52 --> mysqli_sql_exception: Table 'db_incidencias.estado' doesn't exist in /opt/lampp/htdocs/app_incidencias/system/Database/MySQLi/Connection.php:308
Stack trace:
#0 /opt/lampp/htdocs/app_incidencias/system/Database/MySQLi/Connection.php(308): mysqli->query('SELECT `inciden...', 0)
#1 /opt/lampp/htdocs/app_incidencias/system/Database/BaseConnection.php(722): CodeIgniter\Database\MySQLi\Connection->execute('SELECT `inciden...')
#2 /opt/lampp/htdocs/app_incidencias/system/Database/BaseConnection.php(636): CodeIgniter\Database\BaseConnection->simpleQuery('SELECT `inciden...')
#3 /opt/lampp/htdocs/app_incidencias/system/Database/BaseBuilder.php(1629): CodeIgniter\Database\BaseConnection->query('SELECT `inciden...', Array, false)
#4 /opt/lampp/htdocs/app_incidencias/system/Model.php(275): CodeIgniter\Database\BaseBuilder->get()
#5 /opt/lampp/htdocs/app_incidencias/system/BaseModel.php(676): CodeIgniter\Model->doFindAll(0, 0)
#6 /opt/lampp/htdocs/app_incidencias/app/Models/Model_incidencias.php(48): CodeIgniter\BaseModel->findAll()
#7 /opt/lampp/htdocs/app_incidencias/app/Controllers/Controller_incidencias.php(85): App\Models\Model_incidencias->obtener_incidencias_pendientes()
#8 /opt/lampp/htdocs/app_incidencias/system/CodeIgniter.php(933): App\Controllers\Controller_incidencias->leer()
#9 /opt/lampp/htdocs/app_incidencias/system/CodeIgniter.php(509): CodeIgniter\CodeIgniter->runController(Object(App\Controllers\Controller_incidencias))
#10 /opt/lampp/htdocs/app_incidencias/system/CodeIgniter.php(355): CodeIgniter\CodeIgniter->handleRequest(NULL, Object(Config\Cache), false)
#11 /opt/lampp/htdocs/app_incidencias/system/Boot.php(312): CodeIgniter\CodeIgniter->run()
#12 /opt/lampp/htdocs/app_incidencias/system/Boot.php(67): CodeIgniter\Boot::runCodeIgniter(Object(CodeIgniter\CodeIgniter))
#13 /opt/lampp/htdocs/app_incidencias/public/index.php(56): CodeIgniter\Boot::bootWeb(Object(Config\Paths))
#14 {main}
CRITICAL - 2024-06-07 16:21:52 --> CodeIgniter\Database\Exceptions\DatabaseException: Table 'db_incidencias.estado' doesn't exist
[Method: GET, Route: incidencias/leer]
in SYSTEMPATH/Database/BaseConnection.php on line 676.
 1 SYSTEMPATH/Database/BaseBuilder.php(1629): CodeIgniter\Database\BaseConnection->query('SELECT `incidencias`.*, `oficinas`.`nombre_oficina`, `estados`.`nombre_estado`, `usuario`.`id_usuario`
FROM `incidencias`
JOIN `oficinas` ON `incidencias`.`id_oficina` = `oficinas`.`id_oficina`
JOIN `estado` ON `incidencias`.`id_estado` = `estados`.`id_estado`
JOIN `usuarios` ON `incidencias`.`id_usuario` = `usuarios`.`usuario`
WHERE `incidencias`.`nombre_estado` != :incidencias.nombre_estado:
AND `incidencias`.`fecha_inicio` != :incidencias.fecha_inicio:', [...], false)
 2 SYSTEMPATH/Model.php(275): CodeIgniter\Database\BaseBuilder->get()
 3 SYSTEMPATH/BaseModel.php(676): CodeIgniter\Model->doFindAll(0, 0)
 4 APPPATH/Models/Model_incidencias.php(48): CodeIgniter\BaseModel->findAll()
 5 APPPATH/Controllers/Controller_incidencias.php(85): App\Models\Model_incidencias->obtener_incidencias_pendientes()
 6 SYSTEMPATH/CodeIgniter.php(933): App\Controllers\Controller_incidencias->leer()
 7 SYSTEMPATH/CodeIgniter.php(509): CodeIgniter\CodeIgniter->runController(Object(App\Controllers\Controller_incidencias))
 8 SYSTEMPATH/CodeIgniter.php(355): CodeIgniter\CodeIgniter->handleRequest(null, Object(Config\Cache), false)
 9 SYSTEMPATH/Boot.php(312): CodeIgniter\CodeIgniter->run()
10 SYSTEMPATH/Boot.php(67): CodeIgniter\Boot::runCodeIgniter(Object(CodeIgniter\CodeIgniter))
11 FCPATH/index.php(56): CodeIgniter\Boot::bootWeb(Object(Config\Paths))
CRITICAL - 2024-06-07 16:21:52 --> [Caused by] CodeIgniter\Database\Exceptions\DatabaseException: Table 'db_incidencias.estado' doesn't exist
in SYSTEMPATH/Database/MySQLi/Connection.php on line 313.
 1 SYSTEMPATH/Database/BaseConnection.php(722): CodeIgniter\Database\MySQLi\Connection->execute('SELECT `incidencias`.*, `oficinas`.`nombre_oficina`, `estados`.`nombre_estado`, `usuario`.`id_usuario`
FROM `incidencias`
JOIN `oficinas` ON `incidencias`.`id_oficina` = `oficinas`.`id_oficina`
JOIN `estado` ON `incidencias`.`id_estado` = `estados`.`id_estado`
JOIN `usuarios` ON `incidencias`.`id_usuario` = `usuarios`.`usuario`
WHERE `incidencias`.`nombre_estado` != \'Finalizado\'
AND `incidencias`.`fecha_inicio` != \'2024-06-07\'')
 2 SYSTEMPATH/Database/BaseConnection.php(636): CodeIgniter\Database\BaseConnection->simpleQuery('SELECT `incidencias`.*, `oficinas`.`nombre_oficina`, `estados`.`nombre_estado`, `usuario`.`id_usuario`
FROM `incidencias`
JOIN `oficinas` ON `incidencias`.`id_oficina` = `oficinas`.`id_oficina`
JOIN `estado` ON `incidencias`.`id_estado` = `estados`.`id_estado`
JOIN `usuarios` ON `incidencias`.`id_usuario` = `usuarios`.`usuario`
WHERE `incidencias`.`nombre_estado` != \'Finalizado\'
AND `incidencias`.`fecha_inicio` != \'2024-06-07\'')
 3 SYSTEMPATH/Database/BaseBuilder.php(1629): CodeIgniter\Database\BaseConnection->query('SELECT `incidencias`.*, `oficinas`.`nombre_oficina`, `estados`.`nombre_estado`, `usuario`.`id_usuario`
FROM `incidencias`
JOIN `oficinas` ON `incidencias`.`id_oficina` = `oficinas`.`id_oficina`
JOIN `estado` ON `incidencias`.`id_estado` = `estados`.`id_estado`
JOIN `usuarios` ON `incidencias`.`id_usuario` = `usuarios`.`usuario`
WHERE `incidencias`.`nombre_estado` != :incidencias.nombre_estado:
AND `incidencias`.`fecha_inicio` != :incidencias.fecha_inicio:', [...], false)
 4 SYSTEMPATH/Model.php(275): CodeIgniter\Database\BaseBuilder->get()
 5 SYSTEMPATH/BaseModel.php(676): CodeIgniter\Model->doFindAll(0, 0)
 6 APPPATH/Models/Model_incidencias.php(48): CodeIgniter\BaseModel->findAll()
 7 APPPATH/Controllers/Controller_incidencias.php(85): App\Models\Model_incidencias->obtener_incidencias_pendientes()
 8 SYSTEMPATH/CodeIgniter.php(933): App\Controllers\Controller_incidencias->leer()
 9 SYSTEMPATH/CodeIgniter.php(509): CodeIgniter\CodeIgniter->runController(Object(App\Controllers\Controller_incidencias))
10 SYSTEMPATH/CodeIgniter.php(355): CodeIgniter\CodeIgniter->handleRequest(null, Object(Config\Cache), false)
11 SYSTEMPATH/Boot.php(312): CodeIgniter\CodeIgniter->run()
12 SYSTEMPATH/Boot.php(67): CodeIgniter\Boot::runCodeIgniter(Object(CodeIgniter\CodeIgniter))
13 FCPATH/index.php(56): CodeIgniter\Boot::bootWeb(Object(Config\Paths))
CRITICAL - 2024-06-07 16:21:52 --> [Caused by] mysqli_sql_exception: Table 'db_incidencias.estado' doesn't exist
in SYSTEMPATH/Database/MySQLi/Connection.php on line 308.
 1 SYSTEMPATH/Database/MySQLi/Connection.php(308): mysqli->query('SELECT `incidencias`.*, `oficinas`.`nombre_oficina`, `estados`.`nombre_estado`, `usuario`.`id_usuario`
FROM `incidencias`
JOIN `oficinas` ON `incidencias`.`id_oficina` = `oficinas`.`id_oficina`
JOIN `estado` ON `incidencias`.`id_estado` = `estados`.`id_estado`
JOIN `usuarios` ON `incidencias`.`id_usuario` = `usuarios`.`usuario`
WHERE `incidencias`.`nombre_estado` != \'Finalizado\'
AND `incidencias`.`fecha_inicio` != \'2024-06-07\'', 0)
 2 SYSTEMPATH/Database/BaseConnection.php(722): CodeIgniter\Database\MySQLi\Connection->execute('SELECT `incidencias`.*, `oficinas`.`nombre_oficina`, `estados`.`nombre_estado`, `usuario`.`id_usuario`
FROM `incidencias`
JOIN `oficinas` ON `incidencias`.`id_oficina` = `oficinas`.`id_oficina`
JOIN `estado` ON `incidencias`.`id_estado` = `estados`.`id_estado`
JOIN `usuarios` ON `incidencias`.`id_usuario` = `usuarios`.`usuario`
WHERE `incidencias`.`nombre_estado` != \'Finalizado\'
AND `incidencias`.`fecha_inicio` != \'2024-06-07\'')
 3 SYSTEMPATH/Database/BaseConnection.php(636): CodeIgniter\Database\BaseConnection->simpleQuery('SELECT `incidencias`.*, `oficinas`.`nombre_oficina`, `estados`.`nombre_estado`, `usuario`.`id_usuario`
FROM `incidencias`
JOIN `oficinas` ON `incidencias`.`id_oficina` = `oficinas`.`id_oficina`
JOIN `estado` ON `incidencias`.`id_estado` = `estados`.`id_estado`
JOIN `usuarios` ON `incidencias`.`id_usuario` = `usuarios`.`usuario`
WHERE `incidencias`.`nombre_estado` != \'Finalizado\'
AND `incidencias`.`fecha_inicio` != \'2024-06-07\'')
 4 SYSTEMPATH/Database/BaseBuilder.php(1629): CodeIgniter\Database\BaseConnection->query('SELECT `incidencias`.*, `oficinas`.`nombre_oficina`, `estados`.`nombre_estado`, `usuario`.`id_usuario`
FROM `incidencias`
JOIN `oficinas` ON `incidencias`.`id_oficina` = `oficinas`.`id_oficina`
JOIN `estado` ON `incidencias`.`id_estado` = `estados`.`id_estado`
JOIN `usuarios` ON `incidencias`.`id_usuario` = `usuarios`.`usuario`
WHERE `incidencias`.`nombre_estado` != :incidencias.nombre_estado:
AND `incidencias`.`fecha_inicio` != :incidencias.fecha_inicio:', [...], false)
 5 SYSTEMPATH/Model.php(275): CodeIgniter\Database\BaseBuilder->get()
 6 SYSTEMPATH/BaseModel.php(676): CodeIgniter\Model->doFindAll(0, 0)
 7 APPPATH/Models/Model_incidencias.php(48): CodeIgniter\BaseModel->findAll()
 8 APPPATH/Controllers/Controller_incidencias.php(85): App\Models\Model_incidencias->obtener_incidencias_pendientes()
 9 SYSTEMPATH/CodeIgniter.php(933): App\Controllers\Controller_incidencias->leer()
10 SYSTEMPATH/CodeIgniter.php(509): CodeIgniter\CodeIgniter->runController(Object(App\Controllers\Controller_incidencias))
11 SYSTEMPATH/CodeIgniter.php(355): CodeIgniter\CodeIgniter->handleRequest(null, Object(Config\Cache), false)
12 SYSTEMPATH/Boot.php(312): CodeIgniter\CodeIgniter->run()
13 SYSTEMPATH/Boot.php(67): CodeIgniter\Boot::runCodeIgniter(Object(CodeIgniter\CodeIgniter))
14 FCPATH/index.php(56): CodeIgniter\Boot::bootWeb(Object(Config\Paths))
INFO - 2024-06-07 16:22:44 --> Session: Class initialized using 'CodeIgniter\Session\Handlers\FileHandler' driver.
ERROR - 2024-06-07 16:22:44 --> mysqli_sql_exception: Unknown column 'incidencias.nombre_estado' in 'where clause' in /opt/lampp/htdocs/app_incidencias/system/Database/MySQLi/Connection.php:308
Stack trace:
#0 /opt/lampp/htdocs/app_incidencias/system/Database/MySQLi/Connection.php(308): mysqli->query('SELECT `inciden...', 0)
#1 /opt/lampp/htdocs/app_incidencias/system/Database/BaseConnection.php(722): CodeIgniter\Database\MySQLi\Connection->execute('SELECT `inciden...')
#2 /opt/lampp/htdocs/app_incidencias/system/Database/BaseConnection.php(636): CodeIgniter\Database\BaseConnection->simpleQuery('SELECT `inciden...')
#3 /opt/lampp/htdocs/app_incidencias/system/Database/BaseBuilder.php(1629): CodeIgniter\Database\BaseConnection->query('SELECT `inciden...', Array, false)
#4 /opt/lampp/htdocs/app_incidencias/system/Model.php(275): CodeIgniter\Database\BaseBuilder->get()
#5 /opt/lampp/htdocs/app_incidencias/system/BaseModel.php(676): CodeIgniter\Model->doFindAll(0, 0)
#6 /opt/lampp/htdocs/app_incidencias/app/Models/Model_incidencias.php(48): CodeIgniter\BaseModel->findAll()
#7 /opt/lampp/htdocs/app_incidencias/app/Controllers/Controller_incidencias.php(85): App\Models\Model_incidencias->obtener_incidencias_pendientes()
#8 /opt/lampp/htdocs/app_incidencias/system/CodeIgniter.php(933): App\Controllers\Controller_incidencias->leer()
#9 /opt/lampp/htdocs/app_incidencias/system/CodeIgniter.php(509): CodeIgniter\CodeIgniter->runController(Object(App\Controllers\Controller_incidencias))
#10 /opt/lampp/htdocs/app_incidencias/system/CodeIgniter.php(355): CodeIgniter\CodeIgniter->handleRequest(NULL, Object(Config\Cache), false)
#11 /opt/lampp/htdocs/app_incidencias/system/Boot.php(312): CodeIgniter\CodeIgniter->run()
#12 /opt/lampp/htdocs/app_incidencias/system/Boot.php(67): CodeIgniter\Boot::runCodeIgniter(Object(CodeIgniter\CodeIgniter))
#13 /opt/lampp/htdocs/app_incidencias/public/index.php(56): CodeIgniter\Boot::bootWeb(Object(Config\Paths))
#14 {main}
CRITICAL - 2024-06-07 16:22:44 --> CodeIgniter\Database\Exceptions\DatabaseException: Unknown column 'incidencias.nombre_estado' in 'where clause'
[Method: GET, Route: incidencias/leer]
in SYSTEMPATH/Database/BaseConnection.php on line 676.
 1 SYSTEMPATH/Database/BaseBuilder.php(1629): CodeIgniter\Database\BaseConnection->query('SELECT `incidencias`.*, `oficinas`.`nombre_oficina`, `estados`.`nombre_estado`, `usuarios`.`id_usuario`
FROM `incidencias`
JOIN `oficinas` ON `incidencias`.`id_oficina` = `oficinas`.`id_oficina`
JOIN `estados` ON `incidencias`.`id_estado` = `estados`.`id_estado`
JOIN `usuarios` ON `incidencias`.`id_usuario` = `usuarios`.`id_usuario`
WHERE `incidencias`.`nombre_estado` != :incidencias.nombre_estado:
AND `incidencias`.`fecha_inicio` != :incidencias.fecha_inicio:', [...], false)
 2 SYSTEMPATH/Model.php(275): CodeIgniter\Database\BaseBuilder->get()
 3 SYSTEMPATH/BaseModel.php(676): CodeIgniter\Model->doFindAll(0, 0)
 4 APPPATH/Models/Model_incidencias.php(48): CodeIgniter\BaseModel->findAll()
 5 APPPATH/Controllers/Controller_incidencias.php(85): App\Models\Model_incidencias->obtener_incidencias_pendientes()
 6 SYSTEMPATH/CodeIgniter.php(933): App\Controllers\Controller_incidencias->leer()
 7 SYSTEMPATH/CodeIgniter.php(509): CodeIgniter\CodeIgniter->runController(Object(App\Controllers\Controller_incidencias))
 8 SYSTEMPATH/CodeIgniter.php(355): CodeIgniter\CodeIgniter->handleRequest(null, Object(Config\Cache), false)
 9 SYSTEMPATH/Boot.php(312): CodeIgniter\CodeIgniter->run()
10 SYSTEMPATH/Boot.php(67): CodeIgniter\Boot::runCodeIgniter(Object(CodeIgniter\CodeIgniter))
11 FCPATH/index.php(56): CodeIgniter\Boot::bootWeb(Object(Config\Paths))
CRITICAL - 2024-06-07 16:22:44 --> [Caused by] CodeIgniter\Database\Exceptions\DatabaseException: Unknown column 'incidencias.nombre_estado' in 'where clause'
in SYSTEMPATH/Database/MySQLi/Connection.php on line 313.
 1 SYSTEMPATH/Database/BaseConnection.php(722): CodeIgniter\Database\MySQLi\Connection->execute('SELECT `incidencias`.*, `oficinas`.`nombre_oficina`, `estados`.`nombre_estado`, `usuarios`.`id_usuario`
FROM `incidencias`
JOIN `oficinas` ON `incidencias`.`id_oficina` = `oficinas`.`id_oficina`
JOIN `estados` ON `incidencias`.`id_estado` = `estados`.`id_estado`
JOIN `usuarios` ON `incidencias`.`id_usuario` = `usuarios`.`id_usuario`
WHERE `incidencias`.`nombre_estado` != \'Finalizado\'
AND `incidencias`.`fecha_inicio` != \'2024-06-07\'')
 2 SYSTEMPATH/Database/BaseConnection.php(636): CodeIgniter\Database\BaseConnection->simpleQuery('SELECT `incidencias`.*, `oficinas`.`nombre_oficina`, `estados`.`nombre_estado`, `usuarios`.`id_usuario`
FROM `incidencias`
JOIN `oficinas` ON `incidencias`.`id_oficina` = `oficinas`.`id_oficina`
JOIN `estados` ON `incidencias`.`id_estado` = `estados`.`id_estado`
JOIN `usuarios` ON `incidencias`.`id_usuario` = `usuarios`.`id_usuario`
WHERE `incidencias`.`nombre_estado` != \'Finalizado\'
AND `incidencias`.`fecha_inicio` != \'2024-06-07\'')
 3 SYSTEMPATH/Database/BaseBuilder.php(1629): CodeIgniter\Database\BaseConnection->query('SELECT `incidencias`.*, `oficinas`.`nombre_oficina`, `estados`.`nombre_estado`, `usuarios`.`id_usuario`
FROM `incidencias`
JOIN `oficinas` ON `incidencias`.`id_oficina` = `oficinas`.`id_oficina`
JOIN `estados` ON `incidencias`.`id_estado` = `estados`.`id_estado`
JOIN `usuarios` ON `incidencias`.`id_usuario` = `usuarios`.`id_usuario`
WHERE `incidencias`.`nombre_estado` != :incidencias.nombre_estado:
AND `incidencias`.`fecha_inicio` != :incidencias.fecha_inicio:', [...], false)
 4 SYSTEMPATH/Model.php(275): CodeIgniter\Database\BaseBuilder->get()
 5 SYSTEMPATH/BaseModel.php(676): CodeIgniter\Model->doFindAll(0, 0)
 6 APPPATH/Models/Model_incidencias.php(48): CodeIgniter\BaseModel->findAll()
 7 APPPATH/Controllers/Controller_incidencias.php(85): App\Models\Model_incidencias->obtener_incidencias_pendientes()
 8 SYSTEMPATH/CodeIgniter.php(933): App\Controllers\Controller_incidencias->leer()
 9 SYSTEMPATH/CodeIgniter.php(509): CodeIgniter\CodeIgniter->runController(Object(App\Controllers\Controller_incidencias))
10 SYSTEMPATH/CodeIgniter.php(355): CodeIgniter\CodeIgniter->handleRequest(null, Object(Config\Cache), false)
11 SYSTEMPATH/Boot.php(312): CodeIgniter\CodeIgniter->run()
12 SYSTEMPATH/Boot.php(67): CodeIgniter\Boot::runCodeIgniter(Object(CodeIgniter\CodeIgniter))
13 FCPATH/index.php(56): CodeIgniter\Boot::bootWeb(Object(Config\Paths))
CRITICAL - 2024-06-07 16:22:44 --> [Caused by] mysqli_sql_exception: Unknown column 'incidencias.nombre_estado' in 'where clause'
in SYSTEMPATH/Database/MySQLi/Connection.php on line 308.
 1 SYSTEMPATH/Database/MySQLi/Connection.php(308): mysqli->query('SELECT `incidencias`.*, `oficinas`.`nombre_oficina`, `estados`.`nombre_estado`, `usuarios`.`id_usuario`
FROM `incidencias`
JOIN `oficinas` ON `incidencias`.`id_oficina` = `oficinas`.`id_oficina`
JOIN `estados` ON `incidencias`.`id_estado` = `estados`.`id_estado`
JOIN `usuarios` ON `incidencias`.`id_usuario` = `usuarios`.`id_usuario`
WHERE `incidencias`.`nombre_estado` != \'Finalizado\'
AND `incidencias`.`fecha_inicio` != \'2024-06-07\'', 0)
 2 SYSTEMPATH/Database/BaseConnection.php(722): CodeIgniter\Database\MySQLi\Connection->execute('SELECT `incidencias`.*, `oficinas`.`nombre_oficina`, `estados`.`nombre_estado`, `usuarios`.`id_usuario`
FROM `incidencias`
JOIN `oficinas` ON `incidencias`.`id_oficina` = `oficinas`.`id_oficina`
JOIN `estados` ON `incidencias`.`id_estado` = `estados`.`id_estado`
JOIN `usuarios` ON `incidencias`.`id_usuario` = `usuarios`.`id_usuario`
WHERE `incidencias`.`nombre_estado` != \'Finalizado\'
AND `incidencias`.`fecha_inicio` != \'2024-06-07\'')
 3 SYSTEMPATH/Database/BaseConnection.php(636): CodeIgniter\Database\BaseConnection->simpleQuery('SELECT `incidencias`.*, `oficinas`.`nombre_oficina`, `estados`.`nombre_estado`, `usuarios`.`id_usuario`
FROM `incidencias`
JOIN `oficinas` ON `incidencias`.`id_oficina` = `oficinas`.`id_oficina`
JOIN `estados` ON `incidencias`.`id_estado` = `estados`.`id_estado`
JOIN `usuarios` ON `incidencias`.`id_usuario` = `usuarios`.`id_usuario`
WHERE `incidencias`.`nombre_estado` != \'Finalizado\'
AND `incidencias`.`fecha_inicio` != \'2024-06-07\'')
 4 SYSTEMPATH/Database/BaseBuilder.php(1629): CodeIgniter\Database\BaseConnection->query('SELECT `incidencias`.*, `oficinas`.`nombre_oficina`, `estados`.`nombre_estado`, `usuarios`.`id_usuario`
FROM `incidencias`
JOIN `oficinas` ON `incidencias`.`id_oficina` = `oficinas`.`id_oficina`
JOIN `estados` ON `incidencias`.`id_estado` = `estados`.`id_estado`
JOIN `usuarios` ON `incidencias`.`id_usuario` = `usuarios`.`id_usuario`
WHERE `incidencias`.`nombre_estado` != :incidencias.nombre_estado:
AND `incidencias`.`fecha_inicio` != :incidencias.fecha_inicio:', [...], false)
 5 SYSTEMPATH/Model.php(275): CodeIgniter\Database\BaseBuilder->get()
 6 SYSTEMPATH/BaseModel.php(676): CodeIgniter\Model->doFindAll(0, 0)
 7 APPPATH/Models/Model_incidencias.php(48): CodeIgniter\BaseModel->findAll()
 8 APPPATH/Controllers/Controller_incidencias.php(85): App\Models\Model_incidencias->obtener_incidencias_pendientes()
 9 SYSTEMPATH/CodeIgniter.php(933): App\Controllers\Controller_incidencias->leer()
10 SYSTEMPATH/CodeIgniter.php(509): CodeIgniter\CodeIgniter->runController(Object(App\Controllers\Controller_incidencias))
11 SYSTEMPATH/CodeIgniter.php(355): CodeIgniter\CodeIgniter->handleRequest(null, Object(Config\Cache), false)
12 SYSTEMPATH/Boot.php(312): CodeIgniter\CodeIgniter->run()
13 SYSTEMPATH/Boot.php(67): CodeIgniter\Boot::runCodeIgniter(Object(CodeIgniter\CodeIgniter))
14 FCPATH/index.php(56): CodeIgniter\Boot::bootWeb(Object(Config\Paths))
INFO - 2024-06-07 16:23:16 --> Session: Class initialized using 'CodeIgniter\Session\Handlers\FileHandler' driver.
ERROR - 2024-06-07 16:23:16 --> mysqli_sql_exception: Unknown column 'estado.nombre_estado' in 'where clause' in /opt/lampp/htdocs/app_incidencias/system/Database/MySQLi/Connection.php:308
Stack trace:
#0 /opt/lampp/htdocs/app_incidencias/system/Database/MySQLi/Connection.php(308): mysqli->query('SELECT `inciden...', 0)
#1 /opt/lampp/htdocs/app_incidencias/system/Database/BaseConnection.php(722): CodeIgniter\Database\MySQLi\Connection->execute('SELECT `inciden...')
#2 /opt/lampp/htdocs/app_incidencias/system/Database/BaseConnection.php(636): CodeIgniter\Database\BaseConnection->simpleQuery('SELECT `inciden...')
#3 /opt/lampp/htdocs/app_incidencias/system/Database/BaseBuilder.php(1629): CodeIgniter\Database\BaseConnection->query('SELECT `inciden...', Array, false)
#4 /opt/lampp/htdocs/app_incidencias/system/Model.php(275): CodeIgniter\Database\BaseBuilder->get()
#5 /opt/lampp/htdocs/app_incidencias/system/BaseModel.php(676): CodeIgniter\Model->doFindAll(0, 0)
#6 /opt/lampp/htdocs/app_incidencias/app/Models/Model_incidencias.php(48): CodeIgniter\BaseModel->findAll()
#7 /opt/lampp/htdocs/app_incidencias/app/Controllers/Controller_incidencias.php(85): App\Models\Model_incidencias->obtener_incidencias_pendientes()
#8 /opt/lampp/htdocs/app_incidencias/system/CodeIgniter.php(933): App\Controllers\Controller_incidencias->leer()
#9 /opt/lampp/htdocs/app_incidencias/system/CodeIgniter.php(509): CodeIgniter\CodeIgniter->runController(Object(App\Controllers\Controller_incidencias))
#10 /opt/lampp/htdocs/app_incidencias/system/CodeIgniter.php(355): CodeIgniter\CodeIgniter->handleRequest(NULL, Object(Config\Cache), false)
#11 /opt/lampp/htdocs/app_incidencias/system/Boot.php(312): CodeIgniter\CodeIgniter->run()
#12 /opt/lampp/htdocs/app_incidencias/system/Boot.php(67): CodeIgniter\Boot::runCodeIgniter(Object(CodeIgniter\CodeIgniter))
#13 /opt/lampp/htdocs/app_incidencias/public/index.php(56): CodeIgniter\Boot::bootWeb(Object(Config\Paths))
#14 {main}
CRITICAL - 2024-06-07 16:23:16 --> CodeIgniter\Database\Exceptions\DatabaseException: Unknown column 'estado.nombre_estado' in 'where clause'
[Method: GET, Route: incidencias/leer]
in SYSTEMPATH/Database/BaseConnection.php on line 676.
 1 SYSTEMPATH/Database/BaseBuilder.php(1629): CodeIgniter\Database\BaseConnection->query('SELECT `incidencias`.*, `oficinas`.`nombre_oficina`, `estados`.`nombre_estado`, `usuarios`.`id_usuario`
FROM `incidencias`
JOIN `oficinas` ON `incidencias`.`id_oficina` = `oficinas`.`id_oficina`
JOIN `estados` ON `incidencias`.`id_estado` = `estados`.`id_estado`
JOIN `usuarios` ON `incidencias`.`id_usuario` = `usuarios`.`id_usuario`
WHERE `estado`.`nombre_estado` != :estado.nombre_estado:
AND `incidencias`.`fecha_inicio` != :incidencias.fecha_inicio:', [...], false)
 2 SYSTEMPATH/Model.php(275): CodeIgniter\Database\BaseBuilder->get()
 3 SYSTEMPATH/BaseModel.php(676): CodeIgniter\Model->doFindAll(0, 0)
 4 APPPATH/Models/Model_incidencias.php(48): CodeIgniter\BaseModel->findAll()
 5 APPPATH/Controllers/Controller_incidencias.php(85): App\Models\Model_incidencias->obtener_incidencias_pendientes()
 6 SYSTEMPATH/CodeIgniter.php(933): App\Controllers\Controller_incidencias->leer()
 7 SYSTEMPATH/CodeIgniter.php(509): CodeIgniter\CodeIgniter->runController(Object(App\Controllers\Controller_incidencias))
 8 SYSTEMPATH/CodeIgniter.php(355): CodeIgniter\CodeIgniter->handleRequest(null, Object(Config\Cache), false)
 9 SYSTEMPATH/Boot.php(312): CodeIgniter\CodeIgniter->run()
10 SYSTEMPATH/Boot.php(67): CodeIgniter\Boot::runCodeIgniter(Object(CodeIgniter\CodeIgniter))
11 FCPATH/index.php(56): CodeIgniter\Boot::bootWeb(Object(Config\Paths))
CRITICAL - 2024-06-07 16:23:16 --> [Caused by] CodeIgniter\Database\Exceptions\DatabaseException: Unknown column 'estado.nombre_estado' in 'where clause'
in SYSTEMPATH/Database/MySQLi/Connection.php on line 313.
 1 SYSTEMPATH/Database/BaseConnection.php(722): CodeIgniter\Database\MySQLi\Connection->execute('SELECT `incidencias`.*, `oficinas`.`nombre_oficina`, `estados`.`nombre_estado`, `usuarios`.`id_usuario`
FROM `incidencias`
JOIN `oficinas` ON `incidencias`.`id_oficina` = `oficinas`.`id_oficina`
JOIN `estados` ON `incidencias`.`id_estado` = `estados`.`id_estado`
JOIN `usuarios` ON `incidencias`.`id_usuario` = `usuarios`.`id_usuario`
WHERE `estado`.`nombre_estado` != \'Finalizado\'
AND `incidencias`.`fecha_inicio` != \'2024-06-07\'')
 2 SYSTEMPATH/Database/BaseConnection.php(636): CodeIgniter\Database\BaseConnection->simpleQuery('SELECT `incidencias`.*, `oficinas`.`nombre_oficina`, `estados`.`nombre_estado`, `usuarios`.`id_usuario`
FROM `incidencias`
JOIN `oficinas` ON `incidencias`.`id_oficina` = `oficinas`.`id_oficina`
JOIN `estados` ON `incidencias`.`id_estado` = `estados`.`id_estado`
JOIN `usuarios` ON `incidencias`.`id_usuario` = `usuarios`.`id_usuario`
WHERE `estado`.`nombre_estado` != \'Finalizado\'
AND `incidencias`.`fecha_inicio` != \'2024-06-07\'')
 3 SYSTEMPATH/Database/BaseBuilder.php(1629): CodeIgniter\Database\BaseConnection->query('SELECT `incidencias`.*, `oficinas`.`nombre_oficina`, `estados`.`nombre_estado`, `usuarios`.`id_usuario`
FROM `incidencias`
JOIN `oficinas` ON `incidencias`.`id_oficina` = `oficinas`.`id_oficina`
JOIN `estados` ON `incidencias`.`id_estado` = `estados`.`id_estado`
JOIN `usuarios` ON `incidencias`.`id_usuario` = `usuarios`.`id_usuario`
WHERE `estado`.`nombre_estado` != :estado.nombre_estado:
AND `incidencias`.`fecha_inicio` != :incidencias.fecha_inicio:', [...], false)
 4 SYSTEMPATH/Model.php(275): CodeIgniter\Database\BaseBuilder->get()
 5 SYSTEMPATH/BaseModel.php(676): CodeIgniter\Model->doFindAll(0, 0)
 6 APPPATH/Models/Model_incidencias.php(48): CodeIgniter\BaseModel->findAll()
 7 APPPATH/Controllers/Controller_incidencias.php(85): App\Models\Model_incidencias->obtener_incidencias_pendientes()
 8 SYSTEMPATH/CodeIgniter.php(933): App\Controllers\Controller_incidencias->leer()
 9 SYSTEMPATH/CodeIgniter.php(509): CodeIgniter\CodeIgniter->runController(Object(App\Controllers\Controller_incidencias))
10 SYSTEMPATH/CodeIgniter.php(355): CodeIgniter\CodeIgniter->handleRequest(null, Object(Config\Cache), false)
11 SYSTEMPATH/Boot.php(312): CodeIgniter\CodeIgniter->run()
12 SYSTEMPATH/Boot.php(67): CodeIgniter\Boot::runCodeIgniter(Object(CodeIgniter\CodeIgniter))
13 FCPATH/index.php(56): CodeIgniter\Boot::bootWeb(Object(Config\Paths))
CRITICAL - 2024-06-07 16:23:16 --> [Caused by] mysqli_sql_exception: Unknown column 'estado.nombre_estado' in 'where clause'
in SYSTEMPATH/Database/MySQLi/Connection.php on line 308.
 1 SYSTEMPATH/Database/MySQLi/Connection.php(308): mysqli->query('SELECT `incidencias`.*, `oficinas`.`nombre_oficina`, `estados`.`nombre_estado`, `usuarios`.`id_usuario`
FROM `incidencias`
JOIN `oficinas` ON `incidencias`.`id_oficina` = `oficinas`.`id_oficina`
JOIN `estados` ON `incidencias`.`id_estado` = `estados`.`id_estado`
JOIN `usuarios` ON `incidencias`.`id_usuario` = `usuarios`.`id_usuario`
WHERE `estado`.`nombre_estado` != \'Finalizado\'
AND `incidencias`.`fecha_inicio` != \'2024-06-07\'', 0)
 2 SYSTEMPATH/Database/BaseConnection.php(722): CodeIgniter\Database\MySQLi\Connection->execute('SELECT `incidencias`.*, `oficinas`.`nombre_oficina`, `estados`.`nombre_estado`, `usuarios`.`id_usuario`
FROM `incidencias`
JOIN `oficinas` ON `incidencias`.`id_oficina` = `oficinas`.`id_oficina`
JOIN `estados` ON `incidencias`.`id_estado` = `estados`.`id_estado`
JOIN `usuarios` ON `incidencias`.`id_usuario` = `usuarios`.`id_usuario`
WHERE `estado`.`nombre_estado` != \'Finalizado\'
AND `incidencias`.`fecha_inicio` != \'2024-06-07\'')
 3 SYSTEMPATH/Database/BaseConnection.php(636): CodeIgniter\Database\BaseConnection->simpleQuery('SELECT `incidencias`.*, `oficinas`.`nombre_oficina`, `estados`.`nombre_estado`, `usuarios`.`id_usuario`
FROM `incidencias`
JOIN `oficinas` ON `incidencias`.`id_oficina` = `oficinas`.`id_oficina`
JOIN `estados` ON `incidencias`.`id_estado` = `estados`.`id_estado`
JOIN `usuarios` ON `incidencias`.`id_usuario` = `usuarios`.`id_usuario`
WHERE `estado`.`nombre_estado` != \'Finalizado\'
AND `incidencias`.`fecha_inicio` != \'2024-06-07\'')
 4 SYSTEMPATH/Database/BaseBuilder.php(1629): CodeIgniter\Database\BaseConnection->query('SELECT `incidencias`.*, `oficinas`.`nombre_oficina`, `estados`.`nombre_estado`, `usuarios`.`id_usuario`
FROM `incidencias`
JOIN `oficinas` ON `incidencias`.`id_oficina` = `oficinas`.`id_oficina`
JOIN `estados` ON `incidencias`.`id_estado` = `estados`.`id_estado`
JOIN `usuarios` ON `incidencias`.`id_usuario` = `usuarios`.`id_usuario`
WHERE `estado`.`nombre_estado` != :estado.nombre_estado:
AND `incidencias`.`fecha_inicio` != :incidencias.fecha_inicio:', [...], false)
 5 SYSTEMPATH/Model.php(275): CodeIgniter\Database\BaseBuilder->get()
 6 SYSTEMPATH/BaseModel.php(676): CodeIgniter\Model->doFindAll(0, 0)
 7 APPPATH/Models/Model_incidencias.php(48): CodeIgniter\BaseModel->findAll()
 8 APPPATH/Controllers/Controller_incidencias.php(85): App\Models\Model_incidencias->obtener_incidencias_pendientes()
 9 SYSTEMPATH/CodeIgniter.php(933): App\Controllers\Controller_incidencias->leer()
10 SYSTEMPATH/CodeIgniter.php(509): CodeIgniter\CodeIgniter->runController(Object(App\Controllers\Controller_incidencias))
11 SYSTEMPATH/CodeIgniter.php(355): CodeIgniter\CodeIgniter->handleRequest(null, Object(Config\Cache), false)
12 SYSTEMPATH/Boot.php(312): CodeIgniter\CodeIgniter->run()
13 SYSTEMPATH/Boot.php(67): CodeIgniter\Boot::runCodeIgniter(Object(CodeIgniter\CodeIgniter))
14 FCPATH/index.php(56): CodeIgniter\Boot::bootWeb(Object(Config\Paths))
INFO - 2024-06-07 16:23:23 --> Session: Class initialized using 'CodeIgniter\Session\Handlers\FileHandler' driver.
INFO - 2024-06-07 16:23:56 --> Session: Class initialized using 'CodeIgniter\Session\Handlers\FileHandler' driver.
INFO - 2024-06-07 16:24:19 --> Session: Class initialized using 'CodeIgniter\Session\Handlers\FileHandler' driver.
INFO - 2024-06-07 16:25:02 --> Session: Class initialized using 'CodeIgniter\Session\Handlers\FileHandler' driver.
INFO - 2024-06-07 16:35:15 --> Session: Class initialized using 'CodeIgniter\Session\Handlers\FileHandler' driver.
CRITICAL - 2024-06-07 16:35:15 --> ErrorException: Undefined variable $perfil
[Method: GET, Route: incidencias/leer]
in APPPATH/Controllers/Controller_incidencias.php on line 91.
 1 APPPATH/Controllers/Controller_incidencias.php(91): CodeIgniter\Debug\Exceptions->errorHandler(2, 'Undefined variable $perfil', '/opt/lampp/htdocs/app_incidencias/app/Controllers/Controller_incidencias.php', 91)
 2 SYSTEMPATH/CodeIgniter.php(933): App\Controllers\Controller_incidencias->leer()
 3 SYSTEMPATH/CodeIgniter.php(509): CodeIgniter\CodeIgniter->runController(Object(App\Controllers\Controller_incidencias))
 4 SYSTEMPATH/CodeIgniter.php(355): CodeIgniter\CodeIgniter->handleRequest(null, Object(Config\Cache), false)
 5 SYSTEMPATH/Boot.php(312): CodeIgniter\CodeIgniter->run()
 6 SYSTEMPATH/Boot.php(67): CodeIgniter\Boot::runCodeIgniter(Object(CodeIgniter\CodeIgniter))
 7 FCPATH/index.php(56): CodeIgniter\Boot::bootWeb(Object(Config\Paths))
INFO - 2024-06-07 16:37:58 --> Session: Class initialized using 'CodeIgniter\Session\Handlers\FileHandler' driver.
CRITICAL - 2024-06-07 16:37:58 --> ErrorException: Undefined variable $perfil
[Method: GET, Route: incidencias/leer]
in APPPATH/Controllers/Controller_incidencias.php on line 91.
 1 APPPATH/Controllers/Controller_incidencias.php(91): CodeIgniter\Debug\Exceptions->errorHandler(2, 'Undefined variable $perfil', '/opt/lampp/htdocs/app_incidencias/app/Controllers/Controller_incidencias.php', 91)
 2 SYSTEMPATH/CodeIgniter.php(933): App\Controllers\Controller_incidencias->leer()
 3 SYSTEMPATH/CodeIgniter.php(509): CodeIgniter\CodeIgniter->runController(Object(App\Controllers\Controller_incidencias))
 4 SYSTEMPATH/CodeIgniter.php(355): CodeIgniter\CodeIgniter->handleRequest(null, Object(Config\Cache), false)
 5 SYSTEMPATH/Boot.php(312): CodeIgniter\CodeIgniter->run()
 6 SYSTEMPATH/Boot.php(67): CodeIgniter\Boot::runCodeIgniter(Object(CodeIgniter\CodeIgniter))
 7 FCPATH/index.php(56): CodeIgniter\Boot::bootWeb(Object(Config\Paths))
INFO - 2024-06-07 16:59:08 --> Session: Class initialized using 'CodeIgniter\Session\Handlers\FileHandler' driver.
CRITICAL - 2024-06-07 16:59:08 --> ErrorException: Undefined array key "nombre_perfil"
[Method: GET, Route: incidencias/leer]
in APPPATH/Controllers/Controller_incidencias.php on line 96.
 1 APPPATH/Controllers/Controller_incidencias.php(96): CodeIgniter\Debug\Exceptions->errorHandler(2, 'Undefined array key "nombre_perfil"', '/opt/lampp/htdocs/app_incidencias/app/Controllers/Controller_incidencias.php', 96)
 2 SYSTEMPATH/CodeIgniter.php(933): App\Controllers\Controller_incidencias->leer()
 3 SYSTEMPATH/CodeIgniter.php(509): CodeIgniter\CodeIgniter->runController(Object(App\Controllers\Controller_incidencias))
 4 SYSTEMPATH/CodeIgniter.php(355): CodeIgniter\CodeIgniter->handleRequest(null, Object(Config\Cache), false)
 5 SYSTEMPATH/Boot.php(312): CodeIgniter\CodeIgniter->run()
 6 SYSTEMPATH/Boot.php(67): CodeIgniter\Boot::runCodeIgniter(Object(CodeIgniter\CodeIgniter))
 7 FCPATH/index.php(56): CodeIgniter\Boot::bootWeb(Object(Config\Paths))
INFO - 2024-06-07 16:59:23 --> Session: Class initialized using 'CodeIgniter\Session\Handlers\FileHandler' driver.
INFO - 2024-06-07 16:59:49 --> Session: Class initialized using 'CodeIgniter\Session\Handlers\FileHandler' driver.
INFO - 2024-06-07 16:59:49 --> Session: Class initialized using 'CodeIgniter\Session\Handlers\FileHandler' driver.
INFO - 2024-06-07 17:02:32 --> Session: Class initialized using 'CodeIgniter\Session\Handlers\FileHandler' driver.
INFO - 2024-06-07 17:02:47 --> Session: Class initialized using 'CodeIgniter\Session\Handlers\FileHandler' driver.
INFO - 2024-06-07 17:03:00 --> Session: Class initialized using 'CodeIgniter\Session\Handlers\FileHandler' driver.
INFO - 2024-06-07 17:03:15 --> Session: Class initialized using 'CodeIgniter\Session\Handlers\FileHandler' driver.
INFO - 2024-06-07 17:03:21 --> Session: Class initialized using 'CodeIgniter\Session\Handlers\FileHandler' driver.
INFO - 2024-06-07 17:03:26 --> Session: Class initialized using 'CodeIgniter\Session\Handlers\FileHandler' driver.
INFO - 2024-06-07 17:03:59 --> Session: Class initialized using 'CodeIgniter\Session\Handlers\FileHandler' driver.
INFO - 2024-06-07 18:46:07 --> Session: Class initialized using 'CodeIgniter\Session\Handlers\FileHandler' driver.
INFO - 2024-06-07 18:46:07 --> Session: Class initialized using 'CodeIgniter\Session\Handlers\FileHandler' driver.
INFO - 2024-06-07 19:16:05 --> Session: Class initialized using 'CodeIgniter\Session\Handlers\FileHandler' driver.
INFO - 2024-06-07 19:16:30 --> Session: Class initialized using 'CodeIgniter\Session\Handlers\FileHandler' driver.
INFO - 2024-06-07 19:16:40 --> Session: Class initialized using 'CodeIgniter\Session\Handlers\FileHandler' driver.
INFO - 2024-06-07 19:19:15 --> Session: Class initialized using 'CodeIgniter\Session\Handlers\FileHandler' driver.
INFO - 2024-06-07 19:19:41 --> Session: Class initialized using 'CodeIgniter\Session\Handlers\FileHandler' driver.
INFO - 2024-06-07 19:20:17 --> Session: Class initialized using 'CodeIgniter\Session\Handlers\FileHandler' driver.
INFO - 2024-06-07 19:21:39 --> Session: Class initialized using 'CodeIgniter\Session\Handlers\FileHandler' driver.
CRITICAL - 2024-06-07 19:21:39 --> Error: Cannot use object of type CodeIgniter\Session\Session as array
[Method: POST, Route: autenticar]
in APPPATH/Controllers/Controller_login.php on line 41.
 1 SYSTEMPATH/CodeIgniter.php(933): App\Controllers\Controller_login->autenticar()
 2 SYSTEMPATH/CodeIgniter.php(509): CodeIgniter\CodeIgniter->runController(Object(App\Controllers\Controller_login))
 3 SYSTEMPATH/CodeIgniter.php(355): CodeIgniter\CodeIgniter->handleRequest(null, Object(Config\Cache), false)
 4 SYSTEMPATH/Boot.php(312): CodeIgniter\CodeIgniter->run()
 5 SYSTEMPATH/Boot.php(67): CodeIgniter\Boot::runCodeIgniter(Object(CodeIgniter\CodeIgniter))
 6 FCPATH/index.php(56): CodeIgniter\Boot::bootWeb(Object(Config\Paths))
INFO - 2024-06-07 19:22:14 --> Session: Class initialized using 'CodeIgniter\Session\Handlers\FileHandler' driver.
INFO - 2024-06-07 19:22:57 --> Session: Class initialized using 'CodeIgniter\Session\Handlers\FileHandler' driver.
INFO - 2024-06-07 19:22:57 --> Session: Class initialized using 'CodeIgniter\Session\Handlers\FileHandler' driver.
INFO - 2024-06-07 19:24:04 --> Session: Class initialized using 'CodeIgniter\Session\Handlers\FileHandler' driver.
INFO - 2024-06-07 19:25:09 --> Session: Class initialized using 'CodeIgniter\Session\Handlers\FileHandler' driver.
INFO - 2024-06-07 19:25:24 --> Session: Class initialized using 'CodeIgniter\Session\Handlers\FileHandler' driver.
CRITICAL - 2024-06-07 19:25:24 --> ErrorException: Undefined array key "nombres"
[Method: GET, Route: incidencias/leer]
in APPPATH/Views/admin/view_admin_incidencias_leer.php on line 75.
 1 APPPATH/Views/admin/view_admin_incidencias_leer.php(75): CodeIgniter\Debug\Exceptions->errorHandler(2, 'Undefined array key "nombres"', '/opt/lampp/htdocs/app_incidencias/app/Views/admin/view_admin_incidencias_leer.php', 75)
 2 SYSTEMPATH/View/View.php(234): include('/opt/lampp/htdocs/app_incidencias/app/Views/admin/view_admin_incidencias_leer.php')
 3 SYSTEMPATH/View/View.php(237): CodeIgniter\View\View->CodeIgniter\View\{closure}()
 4 SYSTEMPATH/Common.php(1171): CodeIgniter\View\View->render('admin/view_admin_incidencias_leer', [], true)
 5 APPPATH/Controllers/Controller_incidencias.php(91): view('admin/view_admin_incidencias_leer', [...])
 6 SYSTEMPATH/CodeIgniter.php(933): App\Controllers\Controller_incidencias->leer()
 7 SYSTEMPATH/CodeIgniter.php(509): CodeIgniter\CodeIgniter->runController(Object(App\Controllers\Controller_incidencias))
 8 SYSTEMPATH/CodeIgniter.php(355): CodeIgniter\CodeIgniter->handleRequest(null, Object(Config\Cache), false)
 9 SYSTEMPATH/Boot.php(312): CodeIgniter\CodeIgniter->run()
10 SYSTEMPATH/Boot.php(67): CodeIgniter\Boot::runCodeIgniter(Object(CodeIgniter\CodeIgniter))
11 FCPATH/index.php(56): CodeIgniter\Boot::bootWeb(Object(Config\Paths))
INFO - 2024-06-07 19:25:44 --> Session: Class initialized using 'CodeIgniter\Session\Handlers\FileHandler' driver.
INFO - 2024-06-07 19:26:22 --> Session: Class initialized using 'CodeIgniter\Session\Handlers\FileHandler' driver.
CRITICAL - 2024-06-07 19:26:22 --> ErrorException: foreach() argument must be of type array|object, null given
[Method: GET, Route: incidencias/leer]
in APPPATH/Views/admin/view_admin_incidencias_leer.php on line 59.
 1 APPPATH/Views/admin/view_admin_incidencias_leer.php(59): CodeIgniter\Debug\Exceptions->errorHandler(2, 'foreach() argument must be of type array|object, null given', '/opt/lampp/htdocs/app_incidencias/app/Views/admin/view_admin_incidencias_leer.php', 59)
 2 SYSTEMPATH/View/View.php(234): include('/opt/lampp/htdocs/app_incidencias/app/Views/admin/view_admin_incidencias_leer.php')
 3 SYSTEMPATH/View/View.php(237): CodeIgniter\View\View->CodeIgniter\View\{closure}()
 4 SYSTEMPATH/Common.php(1171): CodeIgniter\View\View->render('admin/view_admin_incidencias_leer', [], true)
 5 APPPATH/Controllers/Controller_incidencias.php(91): view('admin/view_admin_incidencias_leer', [...])
 6 SYSTEMPATH/CodeIgniter.php(933): App\Controllers\Controller_incidencias->leer()
 7 SYSTEMPATH/CodeIgniter.php(509): CodeIgniter\CodeIgniter->runController(Object(App\Controllers\Controller_incidencias))
 8 SYSTEMPATH/CodeIgniter.php(355): CodeIgniter\CodeIgniter->handleRequest(null, Object(Config\Cache), false)
 9 SYSTEMPATH/Boot.php(312): CodeIgniter\CodeIgniter->run()
10 SYSTEMPATH/Boot.php(67): CodeIgniter\Boot::runCodeIgniter(Object(CodeIgniter\CodeIgniter))
11 FCPATH/index.php(56): CodeIgniter\Boot::bootWeb(Object(Config\Paths))
INFO - 2024-06-07 19:27:39 --> Session: Class initialized using 'CodeIgniter\Session\Handlers\FileHandler' driver.
INFO - 2024-06-07 19:27:47 --> Session: Class initialized using 'CodeIgniter\Session\Handlers\FileHandler' driver.
INFO - 2024-06-07 19:28:18 --> Session: Class initialized using 'CodeIgniter\Session\Handlers\FileHandler' driver.
INFO - 2024-06-07 19:29:48 --> Session: Class initialized using 'CodeIgniter\Session\Handlers\FileHandler' driver.
CRITICAL - 2024-06-07 19:29:48 --> ErrorException: Undefined array key "nombres"
[Method: GET, Route: incidencias/leer]
in APPPATH/Views/admin/view_admin_incidencias_leer.php on line 45.
 1 APPPATH/Views/admin/view_admin_incidencias_leer.php(45): CodeIgniter\Debug\Exceptions->errorHandler(2, 'Undefined array key "nombres"', '/opt/lampp/htdocs/app_incidencias/app/Views/admin/view_admin_incidencias_leer.php', 45)
 2 SYSTEMPATH/View/View.php(234): include('/opt/lampp/htdocs/app_incidencias/app/Views/admin/view_admin_incidencias_leer.php')
 3 SYSTEMPATH/View/View.php(237): CodeIgniter\View\View->CodeIgniter\View\{closure}()
 4 SYSTEMPATH/Common.php(1171): CodeIgniter\View\View->render('admin/view_admin_incidencias_leer', [], true)
 5 APPPATH/Controllers/Controller_incidencias.php(91): view('admin/view_admin_incidencias_leer', [...])
 6 SYSTEMPATH/CodeIgniter.php(933): App\Controllers\Controller_incidencias->leer()
 7 SYSTEMPATH/CodeIgniter.php(509): CodeIgniter\CodeIgniter->runController(Object(App\Controllers\Controller_incidencias))
 8 SYSTEMPATH/CodeIgniter.php(355): CodeIgniter\CodeIgniter->handleRequest(null, Object(Config\Cache), false)
 9 SYSTEMPATH/Boot.php(312): CodeIgniter\CodeIgniter->run()
10 SYSTEMPATH/Boot.php(67): CodeIgniter\Boot::runCodeIgniter(Object(CodeIgniter\CodeIgniter))
11 FCPATH/index.php(56): CodeIgniter\Boot::bootWeb(Object(Config\Paths))
INFO - 2024-06-07 19:36:58 --> Session: Class initialized using 'CodeIgniter\Session\Handlers\FileHandler' driver.
INFO - 2024-06-07 19:39:35 --> Session: Class initialized using 'CodeIgniter\Session\Handlers\FileHandler' driver.
INFO - 2024-06-07 19:39:38 --> Session: Class initialized using 'CodeIgniter\Session\Handlers\FileHandler' driver.
INFO - 2024-06-07 19:39:41 --> Session: Class initialized using 'CodeIgniter\Session\Handlers\FileHandler' driver.
INFO - 2024-06-07 19:39:44 --> Session: Class initialized using 'CodeIgniter\Session\Handlers\FileHandler' driver.
INFO - 2024-06-07 19:39:48 --> Session: Class initialized using 'CodeIgniter\Session\Handlers\FileHandler' driver.
INFO - 2024-06-07 19:41:59 --> Session: Class initialized using 'CodeIgniter\Session\Handlers\FileHandler' driver.
INFO - 2024-06-07 19:42:24 --> Session: Class initialized using 'CodeIgniter\Session\Handlers\FileHandler' driver.
INFO - 2024-06-07 19:51:55 --> Session: Class initialized using 'CodeIgniter\Session\Handlers\FileHandler' driver.
INFO - 2024-06-07 22:08:55 --> Session: Class initialized using 'CodeIgniter\Session\Handlers\FileHandler' driver.
CRITICAL - 2024-06-07 22:08:55 --> Error: Call to a member function redirect() on null
[Method: GET, Route: incidencias/leer]
in APPPATH/Controllers/Controller_incidencias.php on line 121.
 1 APPPATH/Controllers/Controller_incidencias.php(20): App\Controllers\Controller_incidencias->validar_sesion()
 2 SYSTEMPATH/CodeIgniter.php(903): App\Controllers\Controller_incidencias->__construct()
 3 SYSTEMPATH/CodeIgniter.php(500): CodeIgniter\CodeIgniter->createController()
 4 SYSTEMPATH/CodeIgniter.php(355): CodeIgniter\CodeIgniter->handleRequest(null, Object(Config\Cache), false)
 5 SYSTEMPATH/Boot.php(312): CodeIgniter\CodeIgniter->run()
 6 SYSTEMPATH/Boot.php(67): CodeIgniter\Boot::runCodeIgniter(Object(CodeIgniter\CodeIgniter))
 7 FCPATH/index.php(56): CodeIgniter\Boot::bootWeb(Object(Config\Paths))
INFO - 2024-06-07 22:10:26 --> Session: Class initialized using 'CodeIgniter\Session\Handlers\FileHandler' driver.
CRITICAL - 2024-06-07 22:10:26 --> Error: Call to a member function redirect() on null
[Method: GET, Route: incidencias/leer]
in APPPATH/Controllers/Controller_incidencias.php on line 121.
 1 APPPATH/Controllers/Controller_incidencias.php(20): App\Controllers\Controller_incidencias->validar_sesion()
 2 SYSTEMPATH/CodeIgniter.php(903): App\Controllers\Controller_incidencias->__construct()
 3 SYSTEMPATH/CodeIgniter.php(500): CodeIgniter\CodeIgniter->createController()
 4 SYSTEMPATH/CodeIgniter.php(355): CodeIgniter\CodeIgniter->handleRequest(null, Object(Config\Cache), false)
 5 SYSTEMPATH/Boot.php(312): CodeIgniter\CodeIgniter->run()
 6 SYSTEMPATH/Boot.php(67): CodeIgniter\Boot::runCodeIgniter(Object(CodeIgniter\CodeIgniter))
 7 FCPATH/index.php(56): CodeIgniter\Boot::bootWeb(Object(Config\Paths))
INFO - 2024-06-07 22:10:26 --> Session: Class initialized using 'CodeIgniter\Session\Handlers\FileHandler' driver.
CRITICAL - 2024-06-07 22:10:26 --> Error: Call to a member function redirect() on null
[Method: GET, Route: incidencias/leer]
in APPPATH/Controllers/Controller_incidencias.php on line 121.
 1 APPPATH/Controllers/Controller_incidencias.php(20): App\Controllers\Controller_incidencias->validar_sesion()
 2 SYSTEMPATH/CodeIgniter.php(903): App\Controllers\Controller_incidencias->__construct()
 3 SYSTEMPATH/CodeIgniter.php(500): CodeIgniter\CodeIgniter->createController()
 4 SYSTEMPATH/CodeIgniter.php(355): CodeIgniter\CodeIgniter->handleRequest(null, Object(Config\Cache), false)
 5 SYSTEMPATH/Boot.php(312): CodeIgniter\CodeIgniter->run()
 6 SYSTEMPATH/Boot.php(67): CodeIgniter\Boot::runCodeIgniter(Object(CodeIgniter\CodeIgniter))
 7 FCPATH/index.php(56): CodeIgniter\Boot::bootWeb(Object(Config\Paths))
INFO - 2024-06-07 22:10:27 --> Session: Class initialized using 'CodeIgniter\Session\Handlers\FileHandler' driver.
CRITICAL - 2024-06-07 22:10:27 --> Error: Call to a member function redirect() on null
[Method: GET, Route: incidencias/leer]
in APPPATH/Controllers/Controller_incidencias.php on line 121.
 1 APPPATH/Controllers/Controller_incidencias.php(20): App\Controllers\Controller_incidencias->validar_sesion()
 2 SYSTEMPATH/CodeIgniter.php(903): App\Controllers\Controller_incidencias->__construct()
 3 SYSTEMPATH/CodeIgniter.php(500): CodeIgniter\CodeIgniter->createController()
 4 SYSTEMPATH/CodeIgniter.php(355): CodeIgniter\CodeIgniter->handleRequest(null, Object(Config\Cache), false)
 5 SYSTEMPATH/Boot.php(312): CodeIgniter\CodeIgniter->run()
 6 SYSTEMPATH/Boot.php(67): CodeIgniter\Boot::runCodeIgniter(Object(CodeIgniter\CodeIgniter))
 7 FCPATH/index.php(56): CodeIgniter\Boot::bootWeb(Object(Config\Paths))
INFO - 2024-06-07 22:10:27 --> Session: Class initialized using 'CodeIgniter\Session\Handlers\FileHandler' driver.
CRITICAL - 2024-06-07 22:10:27 --> Error: Call to a member function redirect() on null
[Method: GET, Route: incidencias/leer]
in APPPATH/Controllers/Controller_incidencias.php on line 121.
 1 APPPATH/Controllers/Controller_incidencias.php(20): App\Controllers\Controller_incidencias->validar_sesion()
 2 SYSTEMPATH/CodeIgniter.php(903): App\Controllers\Controller_incidencias->__construct()
 3 SYSTEMPATH/CodeIgniter.php(500): CodeIgniter\CodeIgniter->createController()
 4 SYSTEMPATH/CodeIgniter.php(355): CodeIgniter\CodeIgniter->handleRequest(null, Object(Config\Cache), false)
 5 SYSTEMPATH/Boot.php(312): CodeIgniter\CodeIgniter->run()
 6 SYSTEMPATH/Boot.php(67): CodeIgniter\Boot::runCodeIgniter(Object(CodeIgniter\CodeIgniter))
 7 FCPATH/index.php(56): CodeIgniter\Boot::bootWeb(Object(Config\Paths))
INFO - 2024-06-07 22:10:27 --> Session: Class initialized using 'CodeIgniter\Session\Handlers\FileHandler' driver.
CRITICAL - 2024-06-07 22:10:27 --> Error: Call to a member function redirect() on null
[Method: GET, Route: incidencias/leer]
in APPPATH/Controllers/Controller_incidencias.php on line 121.
 1 APPPATH/Controllers/Controller_incidencias.php(20): App\Controllers\Controller_incidencias->validar_sesion()
 2 SYSTEMPATH/CodeIgniter.php(903): App\Controllers\Controller_incidencias->__construct()
 3 SYSTEMPATH/CodeIgniter.php(500): CodeIgniter\CodeIgniter->createController()
 4 SYSTEMPATH/CodeIgniter.php(355): CodeIgniter\CodeIgniter->handleRequest(null, Object(Config\Cache), false)
 5 SYSTEMPATH/Boot.php(312): CodeIgniter\CodeIgniter->run()
 6 SYSTEMPATH/Boot.php(67): CodeIgniter\Boot::runCodeIgniter(Object(CodeIgniter\CodeIgniter))
 7 FCPATH/index.php(56): CodeIgniter\Boot::bootWeb(Object(Config\Paths))
INFO - 2024-06-07 22:11:52 --> Session: Class initialized using 'CodeIgniter\Session\Handlers\FileHandler' driver.
INFO - 2024-06-07 22:11:52 --> Session: Class initialized using 'CodeIgniter\Session\Handlers\FileHandler' driver.
INFO - 2024-06-07 22:12:18 --> Session: Class initialized using 'CodeIgniter\Session\Handlers\FileHandler' driver.
CRITICAL - 2024-06-07 22:12:18 --> Error: Call to a member function redirect() on null
[Method: GET, Route: incidencias/leer]
in APPPATH/Controllers/Controller_incidencias.php on line 121.
 1 APPPATH/Controllers/Controller_incidencias.php(20): App\Controllers\Controller_incidencias->validar_sesion()
 2 SYSTEMPATH/CodeIgniter.php(903): App\Controllers\Controller_incidencias->__construct()
 3 SYSTEMPATH/CodeIgniter.php(500): CodeIgniter\CodeIgniter->createController()
 4 SYSTEMPATH/CodeIgniter.php(355): CodeIgniter\CodeIgniter->handleRequest(null, Object(Config\Cache), false)
 5 SYSTEMPATH/Boot.php(312): CodeIgniter\CodeIgniter->run()
 6 SYSTEMPATH/Boot.php(67): CodeIgniter\Boot::runCodeIgniter(Object(CodeIgniter\CodeIgniter))
 7 FCPATH/index.php(56): CodeIgniter\Boot::bootWeb(Object(Config\Paths))
