INFO - 2024-06-09 07:32:58 --> Session: Class initialized using 'CodeIgniter\Session\Handlers\FileHandler' driver.
INFO - 2024-06-09 07:32:58 --> Session: Class initialized using 'CodeIgniter\Session\Handlers\FileHandler' driver.
INFO - 2024-06-09 07:33:01 --> Session: Class initialized using 'CodeIgniter\Session\Handlers\FileHandler' driver.
INFO - 2024-06-09 07:39:24 --> Session: Class initialized using 'CodeIgniter\Session\Handlers\FileHandler' driver.
INFO - 2024-06-09 07:39:32 --> Session: Class initialized using 'CodeIgniter\Session\Handlers\FileHandler' driver.
INFO - 2024-06-09 07:39:32 --> Session: Class initialized using 'CodeIgniter\Session\Handlers\FileHandler' driver.
INFO - 2024-06-09 07:39:38 --> Session: Class initialized using 'CodeIgniter\Session\Handlers\FileHandler' driver.
INFO - 2024-06-09 07:42:07 --> Session: Class initialized using 'CodeIgniter\Session\Handlers\FileHandler' driver.
INFO - 2024-06-09 07:42:07 --> Session: Class initialized using 'CodeIgniter\Session\Handlers\FileHandler' driver.
INFO - 2024-06-09 07:42:09 --> Session: Class initialized using 'CodeIgniter\Session\Handlers\FileHandler' driver.
INFO - 2024-06-09 08:14:56 --> Session: Class initialized using 'CodeIgniter\Session\Handlers\FileHandler' driver.
INFO - 2024-06-09 08:25:47 --> Session: Class initialized using 'CodeIgniter\Session\Handlers\FileHandler' driver.
INFO - 2024-06-09 08:27:55 --> Session: Class initialized using 'CodeIgniter\Session\Handlers\FileHandler' driver.
INFO - 2024-06-09 08:27:55 --> Session: Class initialized using 'CodeIgniter\Session\Handlers\FileHandler' driver.
INFO - 2024-06-09 08:29:03 --> Session: Class initialized using 'CodeIgniter\Session\Handlers\FileHandler' driver.
INFO - 2024-06-09 08:56:23 --> Session: Class initialized using 'CodeIgniter\Session\Handlers\FileHandler' driver.
INFO - 2024-06-09 08:56:25 --> Session: Class initialized using 'CodeIgniter\Session\Handlers\FileHandler' driver.
INFO - 2024-06-09 09:03:54 --> Session: Class initialized using 'CodeIgniter\Session\Handlers\FileHandler' driver.
INFO - 2024-06-09 09:03:58 --> Session: Class initialized using 'CodeIgniter\Session\Handlers\FileHandler' driver.
INFO - 2024-06-09 09:05:33 --> Session: Class initialized using 'CodeIgniter\Session\Handlers\FileHandler' driver.
INFO - 2024-06-09 09:05:34 --> Session: Class initialized using 'CodeIgniter\Session\Handlers\FileHandler' driver.
INFO - 2024-06-09 09:15:27 --> Session: Class initialized using 'CodeIgniter\Session\Handlers\FileHandler' driver.
INFO - 2024-06-09 09:17:38 --> Session: Class initialized using 'CodeIgniter\Session\Handlers\FileHandler' driver.
ERROR - 2024-06-09 09:17:38 --> mysqli_sql_exception: Unknown column 'usuario.nombres' in 'field list' in /opt/lampp/htdocs/app_incidencias/system/Database/MySQLi/Connection.php:308
Stack trace:
#0 /opt/lampp/htdocs/app_incidencias/system/Database/MySQLi/Connection.php(308): mysqli->query('SELECT `inciden...', 0)
#1 /opt/lampp/htdocs/app_incidencias/system/Database/BaseConnection.php(722): CodeIgniter\Database\MySQLi\Connection->execute('SELECT `inciden...')
#2 /opt/lampp/htdocs/app_incidencias/system/Database/BaseConnection.php(636): CodeIgniter\Database\BaseConnection->simpleQuery('SELECT `inciden...')
#3 /opt/lampp/htdocs/app_incidencias/system/Database/BaseBuilder.php(1629): CodeIgniter\Database\BaseConnection->query('SELECT `inciden...', Array, false)
#4 /opt/lampp/htdocs/app_incidencias/system/Model.php(319): CodeIgniter\Database\BaseBuilder->get()
#5 /opt/lampp/htdocs/app_incidencias/system/BaseModel.php(714): CodeIgniter\Model->doFirst()
#6 /opt/lampp/htdocs/app_incidencias/app/Models/Model_incidencias.php(30): CodeIgniter\BaseModel->first()
#7 /opt/lampp/htdocs/app_incidencias/app/Controllers/Controller_incidencias.php(104): App\Models\Model_incidencias->obtener_incidencia('20')
#8 /opt/lampp/htdocs/app_incidencias/system/CodeIgniter.php(933): App\Controllers\Controller_incidencias->actualizar('20')
#9 /opt/lampp/htdocs/app_incidencias/system/CodeIgniter.php(509): CodeIgniter\CodeIgniter->runController(Object(App\Controllers\Controller_incidencias))
#10 /opt/lampp/htdocs/app_incidencias/system/CodeIgniter.php(355): CodeIgniter\CodeIgniter->handleRequest(NULL, Object(Config\Cache), false)
#11 /opt/lampp/htdocs/app_incidencias/system/Boot.php(312): CodeIgniter\CodeIgniter->run()
#12 /opt/lampp/htdocs/app_incidencias/system/Boot.php(67): CodeIgniter\Boot::runCodeIgniter(Object(CodeIgniter\CodeIgniter))
#13 /opt/lampp/htdocs/app_incidencias/public/index.php(56): CodeIgniter\Boot::bootWeb(Object(Config\Paths))
#14 {main}
CRITICAL - 2024-06-09 09:17:38 --> CodeIgniter\Database\Exceptions\DatabaseException: Unknown column 'usuario.nombres' in 'field list'
[Method: GET, Route: incidencias/actualizar/20]
in SYSTEMPATH/Database/BaseConnection.php on line 676.
 1 SYSTEMPATH/Database/BaseBuilder.php(1629): CodeIgniter\Database\BaseConnection->query('SELECT `incidencias`.*, `estados`.`nombre_estado`, `usuario`.`nombres`
FROM `incidencias`
JOIN `estados` ON `incidencias`.`id_estado` = `estados`.`id_estado`
JOIN `usuarios` ON `incidencias`.`id_tecnico` = `usuarios`.`id_usuario`
WHERE `id_incidencia` = :id_incidencia:
 LIMIT 1', [...], false)
 2 SYSTEMPATH/Model.php(319): CodeIgniter\Database\BaseBuilder->get()
 3 SYSTEMPATH/BaseModel.php(714): CodeIgniter\Model->doFirst()
 4 APPPATH/Models/Model_incidencias.php(30): CodeIgniter\BaseModel->first()
 5 APPPATH/Controllers/Controller_incidencias.php(104): App\Models\Model_incidencias->obtener_incidencia('20')
 6 SYSTEMPATH/CodeIgniter.php(933): App\Controllers\Controller_incidencias->actualizar('20')
 7 SYSTEMPATH/CodeIgniter.php(509): CodeIgniter\CodeIgniter->runController(Object(App\Controllers\Controller_incidencias))
 8 SYSTEMPATH/CodeIgniter.php(355): CodeIgniter\CodeIgniter->handleRequest(null, Object(Config\Cache), false)
 9 SYSTEMPATH/Boot.php(312): CodeIgniter\CodeIgniter->run()
10 SYSTEMPATH/Boot.php(67): CodeIgniter\Boot::runCodeIgniter(Object(CodeIgniter\CodeIgniter))
11 FCPATH/index.php(56): CodeIgniter\Boot::bootWeb(Object(Config\Paths))
CRITICAL - 2024-06-09 09:17:38 --> [Caused by] CodeIgniter\Database\Exceptions\DatabaseException: Unknown column 'usuario.nombres' in 'field list'
in SYSTEMPATH/Database/MySQLi/Connection.php on line 313.
 1 SYSTEMPATH/Database/BaseConnection.php(722): CodeIgniter\Database\MySQLi\Connection->execute('SELECT `incidencias`.*, `estados`.`nombre_estado`, `usuario`.`nombres`
FROM `incidencias`
JOIN `estados` ON `incidencias`.`id_estado` = `estados`.`id_estado`
JOIN `usuarios` ON `incidencias`.`id_tecnico` = `usuarios`.`id_usuario`
WHERE `id_incidencia` = \'20\'
 LIMIT 1')
 2 SYSTEMPATH/Database/BaseConnection.php(636): CodeIgniter\Database\BaseConnection->simpleQuery('SELECT `incidencias`.*, `estados`.`nombre_estado`, `usuario`.`nombres`
FROM `incidencias`
JOIN `estados` ON `incidencias`.`id_estado` = `estados`.`id_estado`
JOIN `usuarios` ON `incidencias`.`id_tecnico` = `usuarios`.`id_usuario`
WHERE `id_incidencia` = \'20\'
 LIMIT 1')
 3 SYSTEMPATH/Database/BaseBuilder.php(1629): CodeIgniter\Database\BaseConnection->query('SELECT `incidencias`.*, `estados`.`nombre_estado`, `usuario`.`nombres`
FROM `incidencias`
JOIN `estados` ON `incidencias`.`id_estado` = `estados`.`id_estado`
JOIN `usuarios` ON `incidencias`.`id_tecnico` = `usuarios`.`id_usuario`
WHERE `id_incidencia` = :id_incidencia:
 LIMIT 1', [...], false)
 4 SYSTEMPATH/Model.php(319): CodeIgniter\Database\BaseBuilder->get()
 5 SYSTEMPATH/BaseModel.php(714): CodeIgniter\Model->doFirst()
 6 APPPATH/Models/Model_incidencias.php(30): CodeIgniter\BaseModel->first()
 7 APPPATH/Controllers/Controller_incidencias.php(104): App\Models\Model_incidencias->obtener_incidencia('20')
 8 SYSTEMPATH/CodeIgniter.php(933): App\Controllers\Controller_incidencias->actualizar('20')
 9 SYSTEMPATH/CodeIgniter.php(509): CodeIgniter\CodeIgniter->runController(Object(App\Controllers\Controller_incidencias))
10 SYSTEMPATH/CodeIgniter.php(355): CodeIgniter\CodeIgniter->handleRequest(null, Object(Config\Cache), false)
11 SYSTEMPATH/Boot.php(312): CodeIgniter\CodeIgniter->run()
12 SYSTEMPATH/Boot.php(67): CodeIgniter\Boot::runCodeIgniter(Object(CodeIgniter\CodeIgniter))
13 FCPATH/index.php(56): CodeIgniter\Boot::bootWeb(Object(Config\Paths))
CRITICAL - 2024-06-09 09:17:38 --> [Caused by] mysqli_sql_exception: Unknown column 'usuario.nombres' in 'field list'
in SYSTEMPATH/Database/MySQLi/Connection.php on line 308.
 1 SYSTEMPATH/Database/MySQLi/Connection.php(308): mysqli->query('SELECT `incidencias`.*, `estados`.`nombre_estado`, `usuario`.`nombres`
FROM `incidencias`
JOIN `estados` ON `incidencias`.`id_estado` = `estados`.`id_estado`
JOIN `usuarios` ON `incidencias`.`id_tecnico` = `usuarios`.`id_usuario`
WHERE `id_incidencia` = \'20\'
 LIMIT 1', 0)
 2 SYSTEMPATH/Database/BaseConnection.php(722): CodeIgniter\Database\MySQLi\Connection->execute('SELECT `incidencias`.*, `estados`.`nombre_estado`, `usuario`.`nombres`
FROM `incidencias`
JOIN `estados` ON `incidencias`.`id_estado` = `estados`.`id_estado`
JOIN `usuarios` ON `incidencias`.`id_tecnico` = `usuarios`.`id_usuario`
WHERE `id_incidencia` = \'20\'
 LIMIT 1')
 3 SYSTEMPATH/Database/BaseConnection.php(636): CodeIgniter\Database\BaseConnection->simpleQuery('SELECT `incidencias`.*, `estados`.`nombre_estado`, `usuario`.`nombres`
FROM `incidencias`
JOIN `estados` ON `incidencias`.`id_estado` = `estados`.`id_estado`
JOIN `usuarios` ON `incidencias`.`id_tecnico` = `usuarios`.`id_usuario`
WHERE `id_incidencia` = \'20\'
 LIMIT 1')
 4 SYSTEMPATH/Database/BaseBuilder.php(1629): CodeIgniter\Database\BaseConnection->query('SELECT `incidencias`.*, `estados`.`nombre_estado`, `usuario`.`nombres`
FROM `incidencias`
JOIN `estados` ON `incidencias`.`id_estado` = `estados`.`id_estado`
JOIN `usuarios` ON `incidencias`.`id_tecnico` = `usuarios`.`id_usuario`
WHERE `id_incidencia` = :id_incidencia:
 LIMIT 1', [...], false)
 5 SYSTEMPATH/Model.php(319): CodeIgniter\Database\BaseBuilder->get()
 6 SYSTEMPATH/BaseModel.php(714): CodeIgniter\Model->doFirst()
 7 APPPATH/Models/Model_incidencias.php(30): CodeIgniter\BaseModel->first()
 8 APPPATH/Controllers/Controller_incidencias.php(104): App\Models\Model_incidencias->obtener_incidencia('20')
 9 SYSTEMPATH/CodeIgniter.php(933): App\Controllers\Controller_incidencias->actualizar('20')
10 SYSTEMPATH/CodeIgniter.php(509): CodeIgniter\CodeIgniter->runController(Object(App\Controllers\Controller_incidencias))
11 SYSTEMPATH/CodeIgniter.php(355): CodeIgniter\CodeIgniter->handleRequest(null, Object(Config\Cache), false)
12 SYSTEMPATH/Boot.php(312): CodeIgniter\CodeIgniter->run()
13 SYSTEMPATH/Boot.php(67): CodeIgniter\Boot::runCodeIgniter(Object(CodeIgniter\CodeIgniter))
14 FCPATH/index.php(56): CodeIgniter\Boot::bootWeb(Object(Config\Paths))
INFO - 2024-06-09 09:51:35 --> Session: Class initialized using 'CodeIgniter\Session\Handlers\FileHandler' driver.
ERROR - 2024-06-09 09:51:35 --> mysqli_sql_exception: Unknown column 'usuario.nombres' in 'field list' in /opt/lampp/htdocs/app_incidencias/system/Database/MySQLi/Connection.php:308
Stack trace:
#0 /opt/lampp/htdocs/app_incidencias/system/Database/MySQLi/Connection.php(308): mysqli->query('SELECT `inciden...', 0)
#1 /opt/lampp/htdocs/app_incidencias/system/Database/BaseConnection.php(722): CodeIgniter\Database\MySQLi\Connection->execute('SELECT `inciden...')
#2 /opt/lampp/htdocs/app_incidencias/system/Database/BaseConnection.php(636): CodeIgniter\Database\BaseConnection->simpleQuery('SELECT `inciden...')
#3 /opt/lampp/htdocs/app_incidencias/system/Database/BaseBuilder.php(1629): CodeIgniter\Database\BaseConnection->query('SELECT `inciden...', Array, false)
#4 /opt/lampp/htdocs/app_incidencias/system/Model.php(319): CodeIgniter\Database\BaseBuilder->get()
#5 /opt/lampp/htdocs/app_incidencias/system/BaseModel.php(714): CodeIgniter\Model->doFirst()
#6 /opt/lampp/htdocs/app_incidencias/app/Models/Model_incidencias.php(30): CodeIgniter\BaseModel->first()
#7 /opt/lampp/htdocs/app_incidencias/app/Controllers/Controller_incidencias.php(104): App\Models\Model_incidencias->obtener_incidencia('20')
#8 /opt/lampp/htdocs/app_incidencias/system/CodeIgniter.php(933): App\Controllers\Controller_incidencias->actualizar('20')
#9 /opt/lampp/htdocs/app_incidencias/system/CodeIgniter.php(509): CodeIgniter\CodeIgniter->runController(Object(App\Controllers\Controller_incidencias))
#10 /opt/lampp/htdocs/app_incidencias/system/CodeIgniter.php(355): CodeIgniter\CodeIgniter->handleRequest(NULL, Object(Config\Cache), false)
#11 /opt/lampp/htdocs/app_incidencias/system/Boot.php(312): CodeIgniter\CodeIgniter->run()
#12 /opt/lampp/htdocs/app_incidencias/system/Boot.php(67): CodeIgniter\Boot::runCodeIgniter(Object(CodeIgniter\CodeIgniter))
#13 /opt/lampp/htdocs/app_incidencias/public/index.php(56): CodeIgniter\Boot::bootWeb(Object(Config\Paths))
#14 {main}
CRITICAL - 2024-06-09 09:51:35 --> CodeIgniter\Database\Exceptions\DatabaseException: Unknown column 'usuario.nombres' in 'field list'
[Method: GET, Route: incidencias/actualizar/20]
in SYSTEMPATH/Database/BaseConnection.php on line 676.
 1 SYSTEMPATH/Database/BaseBuilder.php(1629): CodeIgniter\Database\BaseConnection->query('SELECT `incidencias`.*, `estados`.`nombre_estado`, `usuario`.`nombres`
FROM `incidencias`
JOIN `estados` ON `incidencias`.`id_estado` = `estados`.`id_estado`
JOIN `usuarios` ON `incidencias`.`id_tecnico` = `usuarios`.`id_usuario`
WHERE `incidencias`.`id_incidencia` = :incidencias.id_incidencia:
 LIMIT 1', [...], false)
 2 SYSTEMPATH/Model.php(319): CodeIgniter\Database\BaseBuilder->get()
 3 SYSTEMPATH/BaseModel.php(714): CodeIgniter\Model->doFirst()
 4 APPPATH/Models/Model_incidencias.php(30): CodeIgniter\BaseModel->first()
 5 APPPATH/Controllers/Controller_incidencias.php(104): App\Models\Model_incidencias->obtener_incidencia('20')
 6 SYSTEMPATH/CodeIgniter.php(933): App\Controllers\Controller_incidencias->actualizar('20')
 7 SYSTEMPATH/CodeIgniter.php(509): CodeIgniter\CodeIgniter->runController(Object(App\Controllers\Controller_incidencias))
 8 SYSTEMPATH/CodeIgniter.php(355): CodeIgniter\CodeIgniter->handleRequest(null, Object(Config\Cache), false)
 9 SYSTEMPATH/Boot.php(312): CodeIgniter\CodeIgniter->run()
10 SYSTEMPATH/Boot.php(67): CodeIgniter\Boot::runCodeIgniter(Object(CodeIgniter\CodeIgniter))
11 FCPATH/index.php(56): CodeIgniter\Boot::bootWeb(Object(Config\Paths))
CRITICAL - 2024-06-09 09:51:35 --> [Caused by] CodeIgniter\Database\Exceptions\DatabaseException: Unknown column 'usuario.nombres' in 'field list'
in SYSTEMPATH/Database/MySQLi/Connection.php on line 313.
 1 SYSTEMPATH/Database/BaseConnection.php(722): CodeIgniter\Database\MySQLi\Connection->execute('SELECT `incidencias`.*, `estados`.`nombre_estado`, `usuario`.`nombres`
FROM `incidencias`
JOIN `estados` ON `incidencias`.`id_estado` = `estados`.`id_estado`
JOIN `usuarios` ON `incidencias`.`id_tecnico` = `usuarios`.`id_usuario`
WHERE `incidencias`.`id_incidencia` = \'20\'
 LIMIT 1')
 2 SYSTEMPATH/Database/BaseConnection.php(636): CodeIgniter\Database\BaseConnection->simpleQuery('SELECT `incidencias`.*, `estados`.`nombre_estado`, `usuario`.`nombres`
FROM `incidencias`
JOIN `estados` ON `incidencias`.`id_estado` = `estados`.`id_estado`
JOIN `usuarios` ON `incidencias`.`id_tecnico` = `usuarios`.`id_usuario`
WHERE `incidencias`.`id_incidencia` = \'20\'
 LIMIT 1')
 3 SYSTEMPATH/Database/BaseBuilder.php(1629): CodeIgniter\Database\BaseConnection->query('SELECT `incidencias`.*, `estados`.`nombre_estado`, `usuario`.`nombres`
FROM `incidencias`
JOIN `estados` ON `incidencias`.`id_estado` = `estados`.`id_estado`
JOIN `usuarios` ON `incidencias`.`id_tecnico` = `usuarios`.`id_usuario`
WHERE `incidencias`.`id_incidencia` = :incidencias.id_incidencia:
 LIMIT 1', [...], false)
 4 SYSTEMPATH/Model.php(319): CodeIgniter\Database\BaseBuilder->get()
 5 SYSTEMPATH/BaseModel.php(714): CodeIgniter\Model->doFirst()
 6 APPPATH/Models/Model_incidencias.php(30): CodeIgniter\BaseModel->first()
 7 APPPATH/Controllers/Controller_incidencias.php(104): App\Models\Model_incidencias->obtener_incidencia('20')
 8 SYSTEMPATH/CodeIgniter.php(933): App\Controllers\Controller_incidencias->actualizar('20')
 9 SYSTEMPATH/CodeIgniter.php(509): CodeIgniter\CodeIgniter->runController(Object(App\Controllers\Controller_incidencias))
10 SYSTEMPATH/CodeIgniter.php(355): CodeIgniter\CodeIgniter->handleRequest(null, Object(Config\Cache), false)
11 SYSTEMPATH/Boot.php(312): CodeIgniter\CodeIgniter->run()
12 SYSTEMPATH/Boot.php(67): CodeIgniter\Boot::runCodeIgniter(Object(CodeIgniter\CodeIgniter))
13 FCPATH/index.php(56): CodeIgniter\Boot::bootWeb(Object(Config\Paths))
CRITICAL - 2024-06-09 09:51:35 --> [Caused by] mysqli_sql_exception: Unknown column 'usuario.nombres' in 'field list'
in SYSTEMPATH/Database/MySQLi/Connection.php on line 308.
 1 SYSTEMPATH/Database/MySQLi/Connection.php(308): mysqli->query('SELECT `incidencias`.*, `estados`.`nombre_estado`, `usuario`.`nombres`
FROM `incidencias`
JOIN `estados` ON `incidencias`.`id_estado` = `estados`.`id_estado`
JOIN `usuarios` ON `incidencias`.`id_tecnico` = `usuarios`.`id_usuario`
WHERE `incidencias`.`id_incidencia` = \'20\'
 LIMIT 1', 0)
 2 SYSTEMPATH/Database/BaseConnection.php(722): CodeIgniter\Database\MySQLi\Connection->execute('SELECT `incidencias`.*, `estados`.`nombre_estado`, `usuario`.`nombres`
FROM `incidencias`
JOIN `estados` ON `incidencias`.`id_estado` = `estados`.`id_estado`
JOIN `usuarios` ON `incidencias`.`id_tecnico` = `usuarios`.`id_usuario`
WHERE `incidencias`.`id_incidencia` = \'20\'
 LIMIT 1')
 3 SYSTEMPATH/Database/BaseConnection.php(636): CodeIgniter\Database\BaseConnection->simpleQuery('SELECT `incidencias`.*, `estados`.`nombre_estado`, `usuario`.`nombres`
FROM `incidencias`
JOIN `estados` ON `incidencias`.`id_estado` = `estados`.`id_estado`
JOIN `usuarios` ON `incidencias`.`id_tecnico` = `usuarios`.`id_usuario`
WHERE `incidencias`.`id_incidencia` = \'20\'
 LIMIT 1')
 4 SYSTEMPATH/Database/BaseBuilder.php(1629): CodeIgniter\Database\BaseConnection->query('SELECT `incidencias`.*, `estados`.`nombre_estado`, `usuario`.`nombres`
FROM `incidencias`
JOIN `estados` ON `incidencias`.`id_estado` = `estados`.`id_estado`
JOIN `usuarios` ON `incidencias`.`id_tecnico` = `usuarios`.`id_usuario`
WHERE `incidencias`.`id_incidencia` = :incidencias.id_incidencia:
 LIMIT 1', [...], false)
 5 SYSTEMPATH/Model.php(319): CodeIgniter\Database\BaseBuilder->get()
 6 SYSTEMPATH/BaseModel.php(714): CodeIgniter\Model->doFirst()
 7 APPPATH/Models/Model_incidencias.php(30): CodeIgniter\BaseModel->first()
 8 APPPATH/Controllers/Controller_incidencias.php(104): App\Models\Model_incidencias->obtener_incidencia('20')
 9 SYSTEMPATH/CodeIgniter.php(933): App\Controllers\Controller_incidencias->actualizar('20')
10 SYSTEMPATH/CodeIgniter.php(509): CodeIgniter\CodeIgniter->runController(Object(App\Controllers\Controller_incidencias))
11 SYSTEMPATH/CodeIgniter.php(355): CodeIgniter\CodeIgniter->handleRequest(null, Object(Config\Cache), false)
12 SYSTEMPATH/Boot.php(312): CodeIgniter\CodeIgniter->run()
13 SYSTEMPATH/Boot.php(67): CodeIgniter\Boot::runCodeIgniter(Object(CodeIgniter\CodeIgniter))
14 FCPATH/index.php(56): CodeIgniter\Boot::bootWeb(Object(Config\Paths))
INFO - 2024-06-09 09:52:02 --> Session: Class initialized using 'CodeIgniter\Session\Handlers\FileHandler' driver.
INFO - 2024-06-09 10:01:18 --> Session: Class initialized using 'CodeIgniter\Session\Handlers\FileHandler' driver.
CRITICAL - 2024-06-09 10:01:18 --> ErrorException: Trying to access array offset on value of type null
[Method: GET, Route: incidencias/actualizar/20]
in APPPATH/Views/admin/view_admin_incidencias_actualizar.php on line 15.
 1 APPPATH/Views/admin/view_admin_incidencias_actualizar.php(15): CodeIgniter\Debug\Exceptions->errorHandler(2, 'Trying to access array offset on value of type null', '/opt/lampp/htdocs/app_incidencias/app/Views/admin/view_admin_incidencias_actualizar.php', 15)
 2 SYSTEMPATH/View/View.php(234): include('/opt/lampp/htdocs/app_incidencias/app/Views/admin/view_admin_incidencias_actualizar.php')
 3 SYSTEMPATH/View/View.php(237): CodeIgniter\View\View->CodeIgniter\View\{closure}()
 4 SYSTEMPATH/Common.php(1171): CodeIgniter\View\View->render('admin/view_admin_incidencias_actualizar', [], true)
 5 APPPATH/Controllers/Controller_incidencias.php(113): view('admin/view_admin_incidencias_actualizar', [...])
 6 SYSTEMPATH/CodeIgniter.php(933): App\Controllers\Controller_incidencias->actualizar('20')
 7 SYSTEMPATH/CodeIgniter.php(509): CodeIgniter\CodeIgniter->runController(Object(App\Controllers\Controller_incidencias))
 8 SYSTEMPATH/CodeIgniter.php(355): CodeIgniter\CodeIgniter->handleRequest(null, Object(Config\Cache), false)
 9 SYSTEMPATH/Boot.php(312): CodeIgniter\CodeIgniter->run()
10 SYSTEMPATH/Boot.php(67): CodeIgniter\Boot::runCodeIgniter(Object(CodeIgniter\CodeIgniter))
11 FCPATH/index.php(56): CodeIgniter\Boot::bootWeb(Object(Config\Paths))
INFO - 2024-06-09 10:01:30 --> Session: Class initialized using 'CodeIgniter\Session\Handlers\FileHandler' driver.
INFO - 2024-06-09 10:14:04 --> Session: Class initialized using 'CodeIgniter\Session\Handlers\FileHandler' driver.
INFO - 2024-06-09 10:14:24 --> Session: Class initialized using 'CodeIgniter\Session\Handlers\FileHandler' driver.
INFO - 2024-06-09 10:14:24 --> Session: Class initialized using 'CodeIgniter\Session\Handlers\FileHandler' driver.
INFO - 2024-06-09 14:32:06 --> Session: Class initialized using 'CodeIgniter\Session\Handlers\FileHandler' driver.
INFO - 2024-06-09 14:33:23 --> Session: Class initialized using 'CodeIgniter\Session\Handlers\FileHandler' driver.
INFO - 2024-06-09 14:33:23 --> Session: Class initialized using 'CodeIgniter\Session\Handlers\FileHandler' driver.
INFO - 2024-06-09 14:33:29 --> Session: Class initialized using 'CodeIgniter\Session\Handlers\FileHandler' driver.
INFO - 2024-06-09 14:33:39 --> Session: Class initialized using 'CodeIgniter\Session\Handlers\FileHandler' driver.
CRITICAL - 2024-06-09 14:33:39 --> BadMethodCallException: Call to undefined method App\Models\Model_estados::obtener_id
[Method: POST, Route: incidencias/guardar]
in SYSTEMPATH/Model.php on line 921.
 1 APPPATH/Controllers/Controller_incidencias.php(40): CodeIgniter\Model->__call('obtener_id', [...])
 2 SYSTEMPATH/CodeIgniter.php(933): App\Controllers\Controller_incidencias->guardar()
 3 SYSTEMPATH/CodeIgniter.php(509): CodeIgniter\CodeIgniter->runController(Object(App\Controllers\Controller_incidencias))
 4 SYSTEMPATH/CodeIgniter.php(355): CodeIgniter\CodeIgniter->handleRequest(null, Object(Config\Cache), false)
 5 SYSTEMPATH/Boot.php(312): CodeIgniter\CodeIgniter->run()
 6 SYSTEMPATH/Boot.php(67): CodeIgniter\Boot::runCodeIgniter(Object(CodeIgniter\CodeIgniter))
 7 FCPATH/index.php(56): CodeIgniter\Boot::bootWeb(Object(Config\Paths))
INFO - 2024-06-09 14:38:05 --> Session: Class initialized using 'CodeIgniter\Session\Handlers\FileHandler' driver.
CRITICAL - 2024-06-09 14:38:05 --> ErrorException: Trying to access array offset on value of type int
[Method: POST, Route: incidencias/guardar]
in APPPATH/Models/Model_asignaciones.php on line 33.
 1 APPPATH/Models/Model_asignaciones.php(33): CodeIgniter\Debug\Exceptions->errorHandler(2, 'Trying to access array offset on value of type int', '/opt/lampp/htdocs/app_incidencias/app/Models/Model_asignaciones.php', 33)
 2 APPPATH/Controllers/Controller_incidencias.php(41): App\Models\Model_asignaciones->asignar_tecnico()
 3 SYSTEMPATH/CodeIgniter.php(933): App\Controllers\Controller_incidencias->guardar()
 4 SYSTEMPATH/CodeIgniter.php(509): CodeIgniter\CodeIgniter->runController(Object(App\Controllers\Controller_incidencias))
 5 SYSTEMPATH/CodeIgniter.php(355): CodeIgniter\CodeIgniter->handleRequest(null, Object(Config\Cache), false)
 6 SYSTEMPATH/Boot.php(312): CodeIgniter\CodeIgniter->run()
 7 SYSTEMPATH/Boot.php(67): CodeIgniter\Boot::runCodeIgniter(Object(CodeIgniter\CodeIgniter))
 8 FCPATH/index.php(56): CodeIgniter\Boot::bootWeb(Object(Config\Paths))
INFO - 2024-06-09 14:40:26 --> Session: Class initialized using 'CodeIgniter\Session\Handlers\FileHandler' driver.
CRITICAL - 2024-06-09 14:40:26 --> ErrorException: Trying to access array offset on value of type int
[Method: POST, Route: incidencias/guardar]
in APPPATH/Models/Model_asignaciones.php on line 33.
 1 APPPATH/Models/Model_asignaciones.php(33): CodeIgniter\Debug\Exceptions->errorHandler(2, 'Trying to access array offset on value of type int', '/opt/lampp/htdocs/app_incidencias/app/Models/Model_asignaciones.php', 33)
 2 APPPATH/Controllers/Controller_incidencias.php(41): App\Models\Model_asignaciones->asignar_tecnico()
 3 SYSTEMPATH/CodeIgniter.php(933): App\Controllers\Controller_incidencias->guardar()
 4 SYSTEMPATH/CodeIgniter.php(509): CodeIgniter\CodeIgniter->runController(Object(App\Controllers\Controller_incidencias))
 5 SYSTEMPATH/CodeIgniter.php(355): CodeIgniter\CodeIgniter->handleRequest(null, Object(Config\Cache), false)
 6 SYSTEMPATH/Boot.php(312): CodeIgniter\CodeIgniter->run()
 7 SYSTEMPATH/Boot.php(67): CodeIgniter\Boot::runCodeIgniter(Object(CodeIgniter\CodeIgniter))
 8 FCPATH/index.php(56): CodeIgniter\Boot::bootWeb(Object(Config\Paths))
INFO - 2024-06-09 17:41:37 --> Session: Class initialized using 'CodeIgniter\Session\Handlers\FileHandler' driver.
INFO - 2024-06-09 17:41:37 --> Session: Class initialized using 'CodeIgniter\Session\Handlers\FileHandler' driver.
INFO - 2024-06-09 17:58:47 --> Session: Class initialized using 'CodeIgniter\Session\Handlers\FileHandler' driver.
INFO - 2024-06-09 17:58:54 --> Session: Class initialized using 'CodeIgniter\Session\Handlers\FileHandler' driver.
ERROR - 2024-06-09 17:58:54 --> mysqli_sql_exception: Unknown column 'id_asignación' in 'order clause' in /opt/lampp/htdocs/app_incidencias/system/Database/MySQLi/Connection.php:308
Stack trace:
#0 /opt/lampp/htdocs/app_incidencias/system/Database/MySQLi/Connection.php(308): mysqli->query('SELECT *\nFROM `...', 0)
#1 /opt/lampp/htdocs/app_incidencias/system/Database/BaseConnection.php(722): CodeIgniter\Database\MySQLi\Connection->execute('SELECT *\nFROM `...')
#2 /opt/lampp/htdocs/app_incidencias/system/Database/BaseConnection.php(636): CodeIgniter\Database\BaseConnection->simpleQuery('SELECT *\nFROM `...')
#3 /opt/lampp/htdocs/app_incidencias/system/Database/BaseBuilder.php(1629): CodeIgniter\Database\BaseConnection->query('SELECT *\nFROM `...', Array, false)
#4 /opt/lampp/htdocs/app_incidencias/system/Model.php(319): CodeIgniter\Database\BaseBuilder->get()
#5 /opt/lampp/htdocs/app_incidencias/system/BaseModel.php(714): CodeIgniter\Model->doFirst()
#6 /opt/lampp/htdocs/app_incidencias/app/Models/Model_asignaciones.php(21): CodeIgniter\BaseModel->first()
#7 /opt/lampp/htdocs/app_incidencias/app/Controllers/Controller_incidencias.php(41): App\Models\Model_asignaciones->asignar_tecnico()
#8 /opt/lampp/htdocs/app_incidencias/system/CodeIgniter.php(933): App\Controllers\Controller_incidencias->guardar()
#9 /opt/lampp/htdocs/app_incidencias/system/CodeIgniter.php(509): CodeIgniter\CodeIgniter->runController(Object(App\Controllers\Controller_incidencias))
#10 /opt/lampp/htdocs/app_incidencias/system/CodeIgniter.php(355): CodeIgniter\CodeIgniter->handleRequest(NULL, Object(Config\Cache), false)
#11 /opt/lampp/htdocs/app_incidencias/system/Boot.php(312): CodeIgniter\CodeIgniter->run()
#12 /opt/lampp/htdocs/app_incidencias/system/Boot.php(67): CodeIgniter\Boot::runCodeIgniter(Object(CodeIgniter\CodeIgniter))
#13 /opt/lampp/htdocs/app_incidencias/public/index.php(56): CodeIgniter\Boot::bootWeb(Object(Config\Paths))
#14 {main}
CRITICAL - 2024-06-09 17:58:54 --> CodeIgniter\Database\Exceptions\DatabaseException: Unknown column 'id_asignación' in 'order clause'
[Method: POST, Route: incidencias/guardar]
in SYSTEMPATH/Database/BaseConnection.php on line 676.
 1 SYSTEMPATH/Database/BaseBuilder.php(1629): CodeIgniter\Database\BaseConnection->query('SELECT *
FROM `asignaciones`
ORDER BY `id_asignación` DESC
 LIMIT 1', [], false)
 2 SYSTEMPATH/Model.php(319): CodeIgniter\Database\BaseBuilder->get()
 3 SYSTEMPATH/BaseModel.php(714): CodeIgniter\Model->doFirst()
 4 APPPATH/Models/Model_asignaciones.php(21): CodeIgniter\BaseModel->first()
 5 APPPATH/Controllers/Controller_incidencias.php(41): App\Models\Model_asignaciones->asignar_tecnico()
 6 SYSTEMPATH/CodeIgniter.php(933): App\Controllers\Controller_incidencias->guardar()
 7 SYSTEMPATH/CodeIgniter.php(509): CodeIgniter\CodeIgniter->runController(Object(App\Controllers\Controller_incidencias))
 8 SYSTEMPATH/CodeIgniter.php(355): CodeIgniter\CodeIgniter->handleRequest(null, Object(Config\Cache), false)
 9 SYSTEMPATH/Boot.php(312): CodeIgniter\CodeIgniter->run()
10 SYSTEMPATH/Boot.php(67): CodeIgniter\Boot::runCodeIgniter(Object(CodeIgniter\CodeIgniter))
11 FCPATH/index.php(56): CodeIgniter\Boot::bootWeb(Object(Config\Paths))
CRITICAL - 2024-06-09 17:58:54 --> [Caused by] CodeIgniter\Database\Exceptions\DatabaseException: Unknown column 'id_asignación' in 'order clause'
in SYSTEMPATH/Database/MySQLi/Connection.php on line 313.
 1 SYSTEMPATH/Database/BaseConnection.php(722): CodeIgniter\Database\MySQLi\Connection->execute('SELECT *
FROM `asignaciones`
ORDER BY `id_asignación` DESC
 LIMIT 1')
 2 SYSTEMPATH/Database/BaseConnection.php(636): CodeIgniter\Database\BaseConnection->simpleQuery('SELECT *
FROM `asignaciones`
ORDER BY `id_asignación` DESC
 LIMIT 1')
 3 SYSTEMPATH/Database/BaseBuilder.php(1629): CodeIgniter\Database\BaseConnection->query('SELECT *
FROM `asignaciones`
ORDER BY `id_asignación` DESC
 LIMIT 1', [], false)
 4 SYSTEMPATH/Model.php(319): CodeIgniter\Database\BaseBuilder->get()
 5 SYSTEMPATH/BaseModel.php(714): CodeIgniter\Model->doFirst()
 6 APPPATH/Models/Model_asignaciones.php(21): CodeIgniter\BaseModel->first()
 7 APPPATH/Controllers/Controller_incidencias.php(41): App\Models\Model_asignaciones->asignar_tecnico()
 8 SYSTEMPATH/CodeIgniter.php(933): App\Controllers\Controller_incidencias->guardar()
 9 SYSTEMPATH/CodeIgniter.php(509): CodeIgniter\CodeIgniter->runController(Object(App\Controllers\Controller_incidencias))
10 SYSTEMPATH/CodeIgniter.php(355): CodeIgniter\CodeIgniter->handleRequest(null, Object(Config\Cache), false)
11 SYSTEMPATH/Boot.php(312): CodeIgniter\CodeIgniter->run()
12 SYSTEMPATH/Boot.php(67): CodeIgniter\Boot::runCodeIgniter(Object(CodeIgniter\CodeIgniter))
13 FCPATH/index.php(56): CodeIgniter\Boot::bootWeb(Object(Config\Paths))
CRITICAL - 2024-06-09 17:58:54 --> [Caused by] mysqli_sql_exception: Unknown column 'id_asignación' in 'order clause'
in SYSTEMPATH/Database/MySQLi/Connection.php on line 308.
 1 SYSTEMPATH/Database/MySQLi/Connection.php(308): mysqli->query('SELECT *
FROM `asignaciones`
ORDER BY `id_asignación` DESC
 LIMIT 1', 0)
 2 SYSTEMPATH/Database/BaseConnection.php(722): CodeIgniter\Database\MySQLi\Connection->execute('SELECT *
FROM `asignaciones`
ORDER BY `id_asignación` DESC
 LIMIT 1')
 3 SYSTEMPATH/Database/BaseConnection.php(636): CodeIgniter\Database\BaseConnection->simpleQuery('SELECT *
FROM `asignaciones`
ORDER BY `id_asignación` DESC
 LIMIT 1')
 4 SYSTEMPATH/Database/BaseBuilder.php(1629): CodeIgniter\Database\BaseConnection->query('SELECT *
FROM `asignaciones`
ORDER BY `id_asignación` DESC
 LIMIT 1', [], false)
 5 SYSTEMPATH/Model.php(319): CodeIgniter\Database\BaseBuilder->get()
 6 SYSTEMPATH/BaseModel.php(714): CodeIgniter\Model->doFirst()
 7 APPPATH/Models/Model_asignaciones.php(21): CodeIgniter\BaseModel->first()
 8 APPPATH/Controllers/Controller_incidencias.php(41): App\Models\Model_asignaciones->asignar_tecnico()
 9 SYSTEMPATH/CodeIgniter.php(933): App\Controllers\Controller_incidencias->guardar()
10 SYSTEMPATH/CodeIgniter.php(509): CodeIgniter\CodeIgniter->runController(Object(App\Controllers\Controller_incidencias))
11 SYSTEMPATH/CodeIgniter.php(355): CodeIgniter\CodeIgniter->handleRequest(null, Object(Config\Cache), false)
12 SYSTEMPATH/Boot.php(312): CodeIgniter\CodeIgniter->run()
13 SYSTEMPATH/Boot.php(67): CodeIgniter\Boot::runCodeIgniter(Object(CodeIgniter\CodeIgniter))
14 FCPATH/index.php(56): CodeIgniter\Boot::bootWeb(Object(Config\Paths))
INFO - 2024-06-09 17:59:41 --> Session: Class initialized using 'CodeIgniter\Session\Handlers\FileHandler' driver.
CRITICAL - 2024-06-09 17:59:41 --> ErrorException: Undefined array key "id_usuario"
[Method: POST, Route: incidencias/guardar]
in APPPATH/Models/Model_asignaciones.php on line 26.
 1 APPPATH/Models/Model_asignaciones.php(26): CodeIgniter\Debug\Exceptions->errorHandler(2, 'Undefined array key "id_usuario"', '/opt/lampp/htdocs/app_incidencias/app/Models/Model_asignaciones.php', 26)
 2 APPPATH/Controllers/Controller_incidencias.php(41): App\Models\Model_asignaciones->asignar_tecnico()
 3 SYSTEMPATH/CodeIgniter.php(933): App\Controllers\Controller_incidencias->guardar()
 4 SYSTEMPATH/CodeIgniter.php(509): CodeIgniter\CodeIgniter->runController(Object(App\Controllers\Controller_incidencias))
 5 SYSTEMPATH/CodeIgniter.php(355): CodeIgniter\CodeIgniter->handleRequest(null, Object(Config\Cache), false)
 6 SYSTEMPATH/Boot.php(312): CodeIgniter\CodeIgniter->run()
 7 SYSTEMPATH/Boot.php(67): CodeIgniter\Boot::runCodeIgniter(Object(CodeIgniter\CodeIgniter))
 8 FCPATH/index.php(56): CodeIgniter\Boot::bootWeb(Object(Config\Paths))
INFO - 2024-06-09 17:59:58 --> Session: Class initialized using 'CodeIgniter\Session\Handlers\FileHandler' driver.
ERROR - 2024-06-09 17:59:58 --> mysqli_sql_exception: Operand should contain 1 column(s) in /opt/lampp/htdocs/app_incidencias/system/Database/MySQLi/Connection.php:308
Stack trace:
#0 /opt/lampp/htdocs/app_incidencias/system/Database/MySQLi/Connection.php(308): mysqli->query('INSERT INTO `in...', 0)
#1 /opt/lampp/htdocs/app_incidencias/system/Database/BaseConnection.php(722): CodeIgniter\Database\MySQLi\Connection->execute('INSERT INTO `in...')
#2 /opt/lampp/htdocs/app_incidencias/system/Database/BaseConnection.php(636): CodeIgniter\Database\BaseConnection->simpleQuery('INSERT INTO `in...')
#3 /opt/lampp/htdocs/app_incidencias/system/Database/BaseBuilder.php(2325): CodeIgniter\Database\BaseConnection->query('INSERT INTO `in...', Array, false)
#4 /opt/lampp/htdocs/app_incidencias/system/Model.php(383): CodeIgniter\Database\BaseBuilder->insert()
#5 /opt/lampp/htdocs/app_incidencias/system/BaseModel.php(840): CodeIgniter\Model->doInsert(Array)
#6 /opt/lampp/htdocs/app_incidencias/system/Model.php(791): CodeIgniter\BaseModel->insert(Array, true)
#7 /opt/lampp/htdocs/app_incidencias/app/Controllers/Controller_incidencias.php(46): CodeIgniter\Model->insert(Array)
#8 /opt/lampp/htdocs/app_incidencias/system/CodeIgniter.php(933): App\Controllers\Controller_incidencias->guardar()
#9 /opt/lampp/htdocs/app_incidencias/system/CodeIgniter.php(509): CodeIgniter\CodeIgniter->runController(Object(App\Controllers\Controller_incidencias))
#10 /opt/lampp/htdocs/app_incidencias/system/CodeIgniter.php(355): CodeIgniter\CodeIgniter->handleRequest(NULL, Object(Config\Cache), false)
#11 /opt/lampp/htdocs/app_incidencias/system/Boot.php(312): CodeIgniter\CodeIgniter->run()
#12 /opt/lampp/htdocs/app_incidencias/system/Boot.php(67): CodeIgniter\Boot::runCodeIgniter(Object(CodeIgniter\CodeIgniter))
#13 /opt/lampp/htdocs/app_incidencias/public/index.php(56): CodeIgniter\Boot::bootWeb(Object(Config\Paths))
#14 {main}
CRITICAL - 2024-06-09 17:59:58 --> CodeIgniter\Database\Exceptions\DatabaseException: Operand should contain 1 column(s)
[Method: POST, Route: incidencias/guardar]
in SYSTEMPATH/Database/BaseConnection.php on line 676.
 1 SYSTEMPATH/Database/BaseBuilder.php(2325): CodeIgniter\Database\BaseConnection->query('INSERT INTO `incidencias` (`id_oficina`, `telefono`, `problema`, `id_estado`) VALUES (:id_oficina:, :telefono:, :problema:, :id_estado:)', [...], false)
 2 SYSTEMPATH/Model.php(383): CodeIgniter\Database\BaseBuilder->insert()
 3 SYSTEMPATH/BaseModel.php(840): CodeIgniter\Model->doInsert([...])
 4 SYSTEMPATH/Model.php(791): CodeIgniter\BaseModel->insert([...], true)
 5 APPPATH/Controllers/Controller_incidencias.php(46): CodeIgniter\Model->insert([...])
 6 SYSTEMPATH/CodeIgniter.php(933): App\Controllers\Controller_incidencias->guardar()
 7 SYSTEMPATH/CodeIgniter.php(509): CodeIgniter\CodeIgniter->runController(Object(App\Controllers\Controller_incidencias))
 8 SYSTEMPATH/CodeIgniter.php(355): CodeIgniter\CodeIgniter->handleRequest(null, Object(Config\Cache), false)
 9 SYSTEMPATH/Boot.php(312): CodeIgniter\CodeIgniter->run()
10 SYSTEMPATH/Boot.php(67): CodeIgniter\Boot::runCodeIgniter(Object(CodeIgniter\CodeIgniter))
11 FCPATH/index.php(56): CodeIgniter\Boot::bootWeb(Object(Config\Paths))
CRITICAL - 2024-06-09 17:59:58 --> [Caused by] CodeIgniter\Database\Exceptions\DatabaseException: Operand should contain 1 column(s)
in SYSTEMPATH/Database/MySQLi/Connection.php on line 313.
 1 SYSTEMPATH/Database/BaseConnection.php(722): CodeIgniter\Database\MySQLi\Connection->execute('INSERT INTO `incidencias` (`id_oficina`, `telefono`, `problema`, `id_estado`) VALUES (\'11\', \'123\', \'123\', (\'3\',\'Nuevo\'))')
 2 SYSTEMPATH/Database/BaseConnection.php(636): CodeIgniter\Database\BaseConnection->simpleQuery('INSERT INTO `incidencias` (`id_oficina`, `telefono`, `problema`, `id_estado`) VALUES (\'11\', \'123\', \'123\', (\'3\',\'Nuevo\'))')
 3 SYSTEMPATH/Database/BaseBuilder.php(2325): CodeIgniter\Database\BaseConnection->query('INSERT INTO `incidencias` (`id_oficina`, `telefono`, `problema`, `id_estado`) VALUES (:id_oficina:, :telefono:, :problema:, :id_estado:)', [...], false)
 4 SYSTEMPATH/Model.php(383): CodeIgniter\Database\BaseBuilder->insert()
 5 SYSTEMPATH/BaseModel.php(840): CodeIgniter\Model->doInsert([...])
 6 SYSTEMPATH/Model.php(791): CodeIgniter\BaseModel->insert([...], true)
 7 APPPATH/Controllers/Controller_incidencias.php(46): CodeIgniter\Model->insert([...])
 8 SYSTEMPATH/CodeIgniter.php(933): App\Controllers\Controller_incidencias->guardar()
 9 SYSTEMPATH/CodeIgniter.php(509): CodeIgniter\CodeIgniter->runController(Object(App\Controllers\Controller_incidencias))
10 SYSTEMPATH/CodeIgniter.php(355): CodeIgniter\CodeIgniter->handleRequest(null, Object(Config\Cache), false)
11 SYSTEMPATH/Boot.php(312): CodeIgniter\CodeIgniter->run()
12 SYSTEMPATH/Boot.php(67): CodeIgniter\Boot::runCodeIgniter(Object(CodeIgniter\CodeIgniter))
13 FCPATH/index.php(56): CodeIgniter\Boot::bootWeb(Object(Config\Paths))
CRITICAL - 2024-06-09 17:59:58 --> [Caused by] mysqli_sql_exception: Operand should contain 1 column(s)
in SYSTEMPATH/Database/MySQLi/Connection.php on line 308.
 1 SYSTEMPATH/Database/MySQLi/Connection.php(308): mysqli->query('INSERT INTO `incidencias` (`id_oficina`, `telefono`, `problema`, `id_estado`) VALUES (\'11\', \'123\', \'123\', (\'3\',\'Nuevo\'))', 0)
 2 SYSTEMPATH/Database/BaseConnection.php(722): CodeIgniter\Database\MySQLi\Connection->execute('INSERT INTO `incidencias` (`id_oficina`, `telefono`, `problema`, `id_estado`) VALUES (\'11\', \'123\', \'123\', (\'3\',\'Nuevo\'))')
 3 SYSTEMPATH/Database/BaseConnection.php(636): CodeIgniter\Database\BaseConnection->simpleQuery('INSERT INTO `incidencias` (`id_oficina`, `telefono`, `problema`, `id_estado`) VALUES (\'11\', \'123\', \'123\', (\'3\',\'Nuevo\'))')
 4 SYSTEMPATH/Database/BaseBuilder.php(2325): CodeIgniter\Database\BaseConnection->query('INSERT INTO `incidencias` (`id_oficina`, `telefono`, `problema`, `id_estado`) VALUES (:id_oficina:, :telefono:, :problema:, :id_estado:)', [...], false)
 5 SYSTEMPATH/Model.php(383): CodeIgniter\Database\BaseBuilder->insert()
 6 SYSTEMPATH/BaseModel.php(840): CodeIgniter\Model->doInsert([...])
 7 SYSTEMPATH/Model.php(791): CodeIgniter\BaseModel->insert([...], true)
 8 APPPATH/Controllers/Controller_incidencias.php(46): CodeIgniter\Model->insert([...])
 9 SYSTEMPATH/CodeIgniter.php(933): App\Controllers\Controller_incidencias->guardar()
10 SYSTEMPATH/CodeIgniter.php(509): CodeIgniter\CodeIgniter->runController(Object(App\Controllers\Controller_incidencias))
11 SYSTEMPATH/CodeIgniter.php(355): CodeIgniter\CodeIgniter->handleRequest(null, Object(Config\Cache), false)
12 SYSTEMPATH/Boot.php(312): CodeIgniter\CodeIgniter->run()
13 SYSTEMPATH/Boot.php(67): CodeIgniter\Boot::runCodeIgniter(Object(CodeIgniter\CodeIgniter))
14 FCPATH/index.php(56): CodeIgniter\Boot::bootWeb(Object(Config\Paths))
INFO - 2024-06-09 18:01:33 --> Session: Class initialized using 'CodeIgniter\Session\Handlers\FileHandler' driver.
INFO - 2024-06-09 18:02:58 --> Session: Class initialized using 'CodeIgniter\Session\Handlers\FileHandler' driver.
INFO - 2024-06-09 18:03:16 --> Session: Class initialized using 'CodeIgniter\Session\Handlers\FileHandler' driver.
INFO - 2024-06-09 18:03:16 --> Session: Class initialized using 'CodeIgniter\Session\Handlers\FileHandler' driver.
INFO - 2024-06-09 18:03:22 --> Session: Class initialized using 'CodeIgniter\Session\Handlers\FileHandler' driver.
INFO - 2024-06-09 18:04:54 --> Session: Class initialized using 'CodeIgniter\Session\Handlers\FileHandler' driver.
INFO - 2024-06-09 18:04:56 --> Session: Class initialized using 'CodeIgniter\Session\Handlers\FileHandler' driver.
CRITICAL - 2024-06-09 18:04:56 --> ErrorException: Trying to access array offset on value of type null
[Method: GET, Route: incidencias/actualizar/21]
in APPPATH/Views/admin/view_admin_incidencias_actualizar.php on line 15.
 1 APPPATH/Views/admin/view_admin_incidencias_actualizar.php(15): CodeIgniter\Debug\Exceptions->errorHandler(2, 'Trying to access array offset on value of type null', '/opt/lampp/htdocs/app_incidencias/app/Views/admin/view_admin_incidencias_actualizar.php', 15)
 2 SYSTEMPATH/View/View.php(234): include('/opt/lampp/htdocs/app_incidencias/app/Views/admin/view_admin_incidencias_actualizar.php')
 3 SYSTEMPATH/View/View.php(237): CodeIgniter\View\View->CodeIgniter\View\{closure}()
 4 SYSTEMPATH/Common.php(1171): CodeIgniter\View\View->render('admin/view_admin_incidencias_actualizar', [], true)
 5 APPPATH/Controllers/Controller_incidencias.php(103): view('admin/view_admin_incidencias_actualizar', [...])
 6 SYSTEMPATH/CodeIgniter.php(933): App\Controllers\Controller_incidencias->actualizar('21')
 7 SYSTEMPATH/CodeIgniter.php(509): CodeIgniter\CodeIgniter->runController(Object(App\Controllers\Controller_incidencias))
 8 SYSTEMPATH/CodeIgniter.php(355): CodeIgniter\CodeIgniter->handleRequest(null, Object(Config\Cache), false)
 9 SYSTEMPATH/Boot.php(312): CodeIgniter\CodeIgniter->run()
10 SYSTEMPATH/Boot.php(67): CodeIgniter\Boot::runCodeIgniter(Object(CodeIgniter\CodeIgniter))
11 FCPATH/index.php(56): CodeIgniter\Boot::bootWeb(Object(Config\Paths))
INFO - 2024-06-09 18:05:47 --> Session: Class initialized using 'CodeIgniter\Session\Handlers\FileHandler' driver.
CRITICAL - 2024-06-09 18:05:47 --> ErrorException: Trying to access array offset on value of type null
[Method: GET, Route: incidencias/actualizar/22]
in APPPATH/Views/admin/view_admin_incidencias_actualizar.php on line 15.
 1 APPPATH/Views/admin/view_admin_incidencias_actualizar.php(15): CodeIgniter\Debug\Exceptions->errorHandler(2, 'Trying to access array offset on value of type null', '/opt/lampp/htdocs/app_incidencias/app/Views/admin/view_admin_incidencias_actualizar.php', 15)
 2 SYSTEMPATH/View/View.php(234): include('/opt/lampp/htdocs/app_incidencias/app/Views/admin/view_admin_incidencias_actualizar.php')
 3 SYSTEMPATH/View/View.php(237): CodeIgniter\View\View->CodeIgniter\View\{closure}()
 4 SYSTEMPATH/Common.php(1171): CodeIgniter\View\View->render('admin/view_admin_incidencias_actualizar', [], true)
 5 APPPATH/Controllers/Controller_incidencias.php(103): view('admin/view_admin_incidencias_actualizar', [...])
 6 SYSTEMPATH/CodeIgniter.php(933): App\Controllers\Controller_incidencias->actualizar('22')
 7 SYSTEMPATH/CodeIgniter.php(509): CodeIgniter\CodeIgniter->runController(Object(App\Controllers\Controller_incidencias))
 8 SYSTEMPATH/CodeIgniter.php(355): CodeIgniter\CodeIgniter->handleRequest(null, Object(Config\Cache), false)
 9 SYSTEMPATH/Boot.php(312): CodeIgniter\CodeIgniter->run()
10 SYSTEMPATH/Boot.php(67): CodeIgniter\Boot::runCodeIgniter(Object(CodeIgniter\CodeIgniter))
11 FCPATH/index.php(56): CodeIgniter\Boot::bootWeb(Object(Config\Paths))
INFO - 2024-06-09 18:16:45 --> Session: Class initialized using 'CodeIgniter\Session\Handlers\FileHandler' driver.
INFO - 2024-06-09 18:22:37 --> Session: Class initialized using 'CodeIgniter\Session\Handlers\FileHandler' driver.
INFO - 2024-06-09 18:23:19 --> Session: Class initialized using 'CodeIgniter\Session\Handlers\FileHandler' driver.
CRITICAL - 2024-06-09 18:23:19 --> ErrorException: Trying to access array offset on value of type null
[Method: GET, Route: incidencias/actualizar/22]
in APPPATH/Views/admin/view_admin_incidencias_actualizar.php on line 15.
 1 APPPATH/Views/admin/view_admin_incidencias_actualizar.php(15): CodeIgniter\Debug\Exceptions->errorHandler(2, 'Trying to access array offset on value of type null', '/opt/lampp/htdocs/app_incidencias/app/Views/admin/view_admin_incidencias_actualizar.php', 15)
 2 SYSTEMPATH/View/View.php(234): include('/opt/lampp/htdocs/app_incidencias/app/Views/admin/view_admin_incidencias_actualizar.php')
 3 SYSTEMPATH/View/View.php(237): CodeIgniter\View\View->CodeIgniter\View\{closure}()
 4 SYSTEMPATH/Common.php(1171): CodeIgniter\View\View->render('admin/view_admin_incidencias_actualizar', [], true)
 5 APPPATH/Controllers/Controller_incidencias.php(105): view('admin/view_admin_incidencias_actualizar', [...])
 6 SYSTEMPATH/CodeIgniter.php(933): App\Controllers\Controller_incidencias->actualizar('22')
 7 SYSTEMPATH/CodeIgniter.php(509): CodeIgniter\CodeIgniter->runController(Object(App\Controllers\Controller_incidencias))
 8 SYSTEMPATH/CodeIgniter.php(355): CodeIgniter\CodeIgniter->handleRequest(null, Object(Config\Cache), false)
 9 SYSTEMPATH/Boot.php(312): CodeIgniter\CodeIgniter->run()
10 SYSTEMPATH/Boot.php(67): CodeIgniter\Boot::runCodeIgniter(Object(CodeIgniter\CodeIgniter))
11 FCPATH/index.php(56): CodeIgniter\Boot::bootWeb(Object(Config\Paths))
INFO - 2024-06-09 18:23:47 --> Session: Class initialized using 'CodeIgniter\Session\Handlers\FileHandler' driver.
INFO - 2024-06-09 18:23:47 --> Session: Class initialized using 'CodeIgniter\Session\Handlers\FileHandler' driver.
INFO - 2024-06-09 18:23:58 --> Session: Class initialized using 'CodeIgniter\Session\Handlers\FileHandler' driver.
INFO - 2024-06-09 18:29:52 --> Session: Class initialized using 'CodeIgniter\Session\Handlers\FileHandler' driver.
INFO - 2024-06-09 18:29:59 --> Session: Class initialized using 'CodeIgniter\Session\Handlers\FileHandler' driver.
INFO - 2024-06-09 18:29:59 --> Session: Class initialized using 'CodeIgniter\Session\Handlers\FileHandler' driver.
INFO - 2024-06-09 18:30:58 --> Session: Class initialized using 'CodeIgniter\Session\Handlers\FileHandler' driver.
INFO - 2024-06-09 18:31:05 --> Session: Class initialized using 'CodeIgniter\Session\Handlers\FileHandler' driver.
INFO - 2024-06-09 18:31:06 --> Session: Class initialized using 'CodeIgniter\Session\Handlers\FileHandler' driver.
INFO - 2024-06-09 18:31:19 --> Session: Class initialized using 'CodeIgniter\Session\Handlers\FileHandler' driver.
INFO - 2024-06-09 18:33:32 --> Session: Class initialized using 'CodeIgniter\Session\Handlers\FileHandler' driver.
INFO - 2024-06-09 18:33:39 --> Session: Class initialized using 'CodeIgniter\Session\Handlers\FileHandler' driver.
INFO - 2024-06-09 18:33:39 --> Session: Class initialized using 'CodeIgniter\Session\Handlers\FileHandler' driver.
INFO - 2024-06-09 18:33:54 --> Session: Class initialized using 'CodeIgniter\Session\Handlers\FileHandler' driver.
INFO - 2024-06-09 18:34:07 --> Session: Class initialized using 'CodeIgniter\Session\Handlers\FileHandler' driver.
INFO - 2024-06-09 18:45:34 --> Session: Class initialized using 'CodeIgniter\Session\Handlers\FileHandler' driver.
CRITICAL - 2024-06-09 18:45:34 --> ErrorException: Undefined array key "nombre_estado"
[Method: GET, Route: incidencias/leer]
in APPPATH/Views/admin/view_admin_incidencias_leer.php on line 98.
 1 APPPATH/Views/admin/view_admin_incidencias_leer.php(98): CodeIgniter\Debug\Exceptions->errorHandler(2, 'Undefined array key "nombre_estado"', '/opt/lampp/htdocs/app_incidencias/app/Views/admin/view_admin_incidencias_leer.php', 98)
 2 SYSTEMPATH/View/View.php(234): include('/opt/lampp/htdocs/app_incidencias/app/Views/admin/view_admin_incidencias_leer.php')
 3 SYSTEMPATH/View/View.php(237): CodeIgniter\View\View->CodeIgniter\View\{closure}()
 4 SYSTEMPATH/Common.php(1171): CodeIgniter\View\View->render('admin/view_admin_incidencias_leer', [], true)
 5 APPPATH/Controllers/Controller_incidencias.php(75): view('admin/view_admin_incidencias_leer', [...])
 6 SYSTEMPATH/CodeIgniter.php(933): App\Controllers\Controller_incidencias->leer()
 7 SYSTEMPATH/CodeIgniter.php(509): CodeIgniter\CodeIgniter->runController(Object(App\Controllers\Controller_incidencias))
 8 SYSTEMPATH/CodeIgniter.php(355): CodeIgniter\CodeIgniter->handleRequest(null, Object(Config\Cache), false)
 9 SYSTEMPATH/Boot.php(312): CodeIgniter\CodeIgniter->run()
10 SYSTEMPATH/Boot.php(67): CodeIgniter\Boot::runCodeIgniter(Object(CodeIgniter\CodeIgniter))
11 FCPATH/index.php(56): CodeIgniter\Boot::bootWeb(Object(Config\Paths))
INFO - 2024-06-09 18:47:38 --> Session: Class initialized using 'CodeIgniter\Session\Handlers\FileHandler' driver.
ERROR - 2024-06-09 18:47:38 --> mysqli_sql_exception: Unknown column 'estados.nombre_estado' in 'field list' in /opt/lampp/htdocs/app_incidencias/system/Database/MySQLi/Connection.php:308
Stack trace:
#0 /opt/lampp/htdocs/app_incidencias/system/Database/MySQLi/Connection.php(308): mysqli->query('SELECT `inciden...', 0)
#1 /opt/lampp/htdocs/app_incidencias/system/Database/BaseConnection.php(722): CodeIgniter\Database\MySQLi\Connection->execute('SELECT `inciden...')
#2 /opt/lampp/htdocs/app_incidencias/system/Database/BaseConnection.php(636): CodeIgniter\Database\BaseConnection->simpleQuery('SELECT `inciden...')
#3 /opt/lampp/htdocs/app_incidencias/system/Database/BaseBuilder.php(1629): CodeIgniter\Database\BaseConnection->query('SELECT `inciden...', Array, false)
#4 /opt/lampp/htdocs/app_incidencias/system/Model.php(275): CodeIgniter\Database\BaseBuilder->get()
#5 /opt/lampp/htdocs/app_incidencias/system/BaseModel.php(676): CodeIgniter\Model->doFindAll(0, 0)
#6 /opt/lampp/htdocs/app_incidencias/app/Models/Model_incidencias.php(55): CodeIgniter\BaseModel->findAll()
#7 /opt/lampp/htdocs/app_incidencias/app/Controllers/Controller_incidencias.php(67): App\Models\Model_incidencias->obtener_incidencias_nuevas()
#8 /opt/lampp/htdocs/app_incidencias/system/CodeIgniter.php(933): App\Controllers\Controller_incidencias->leer()
#9 /opt/lampp/htdocs/app_incidencias/system/CodeIgniter.php(509): CodeIgniter\CodeIgniter->runController(Object(App\Controllers\Controller_incidencias))
#10 /opt/lampp/htdocs/app_incidencias/system/CodeIgniter.php(355): CodeIgniter\CodeIgniter->handleRequest(NULL, Object(Config\Cache), false)
#11 /opt/lampp/htdocs/app_incidencias/system/Boot.php(312): CodeIgniter\CodeIgniter->run()
#12 /opt/lampp/htdocs/app_incidencias/system/Boot.php(67): CodeIgniter\Boot::runCodeIgniter(Object(CodeIgniter\CodeIgniter))
#13 /opt/lampp/htdocs/app_incidencias/public/index.php(56): CodeIgniter\Boot::bootWeb(Object(Config\Paths))
#14 {main}
CRITICAL - 2024-06-09 18:47:38 --> CodeIgniter\Database\Exceptions\DatabaseException: Unknown column 'estados.nombre_estado' in 'field list'
[Method: GET, Route: incidencias/leer]
in SYSTEMPATH/Database/BaseConnection.php on line 676.
 1 SYSTEMPATH/Database/BaseBuilder.php(1629): CodeIgniter\Database\BaseConnection->query('SELECT `incidencias`.*, `oficinas`.`nombre_oficina`, `estados`.`nombre_estado`
FROM `incidencias`
JOIN `oficinas` ON `incidencias`.`id_oficina` = `oficinas`.`id_oficina`
WHERE DATE(incidencias.fecha_inicio) = :DATE(incidencias.fecha_inicio):', [...], false)
 2 SYSTEMPATH/Model.php(275): CodeIgniter\Database\BaseBuilder->get()
 3 SYSTEMPATH/BaseModel.php(676): CodeIgniter\Model->doFindAll(0, 0)
 4 APPPATH/Models/Model_incidencias.php(55): CodeIgniter\BaseModel->findAll()
 5 APPPATH/Controllers/Controller_incidencias.php(67): App\Models\Model_incidencias->obtener_incidencias_nuevas()
 6 SYSTEMPATH/CodeIgniter.php(933): App\Controllers\Controller_incidencias->leer()
 7 SYSTEMPATH/CodeIgniter.php(509): CodeIgniter\CodeIgniter->runController(Object(App\Controllers\Controller_incidencias))
 8 SYSTEMPATH/CodeIgniter.php(355): CodeIgniter\CodeIgniter->handleRequest(null, Object(Config\Cache), false)
 9 SYSTEMPATH/Boot.php(312): CodeIgniter\CodeIgniter->run()
10 SYSTEMPATH/Boot.php(67): CodeIgniter\Boot::runCodeIgniter(Object(CodeIgniter\CodeIgniter))
11 FCPATH/index.php(56): CodeIgniter\Boot::bootWeb(Object(Config\Paths))
CRITICAL - 2024-06-09 18:47:38 --> [Caused by] CodeIgniter\Database\Exceptions\DatabaseException: Unknown column 'estados.nombre_estado' in 'field list'
in SYSTEMPATH/Database/MySQLi/Connection.php on line 313.
 1 SYSTEMPATH/Database/BaseConnection.php(722): CodeIgniter\Database\MySQLi\Connection->execute('SELECT `incidencias`.*, `oficinas`.`nombre_oficina`, `estados`.`nombre_estado`
FROM `incidencias`
JOIN `oficinas` ON `incidencias`.`id_oficina` = `oficinas`.`id_oficina`
WHERE DATE(incidencias.fecha_inicio) = \'2024-06-09\'')
 2 SYSTEMPATH/Database/BaseConnection.php(636): CodeIgniter\Database\BaseConnection->simpleQuery('SELECT `incidencias`.*, `oficinas`.`nombre_oficina`, `estados`.`nombre_estado`
FROM `incidencias`
JOIN `oficinas` ON `incidencias`.`id_oficina` = `oficinas`.`id_oficina`
WHERE DATE(incidencias.fecha_inicio) = \'2024-06-09\'')
 3 SYSTEMPATH/Database/BaseBuilder.php(1629): CodeIgniter\Database\BaseConnection->query('SELECT `incidencias`.*, `oficinas`.`nombre_oficina`, `estados`.`nombre_estado`
FROM `incidencias`
JOIN `oficinas` ON `incidencias`.`id_oficina` = `oficinas`.`id_oficina`
WHERE DATE(incidencias.fecha_inicio) = :DATE(incidencias.fecha_inicio):', [...], false)
 4 SYSTEMPATH/Model.php(275): CodeIgniter\Database\BaseBuilder->get()
 5 SYSTEMPATH/BaseModel.php(676): CodeIgniter\Model->doFindAll(0, 0)
 6 APPPATH/Models/Model_incidencias.php(55): CodeIgniter\BaseModel->findAll()
 7 APPPATH/Controllers/Controller_incidencias.php(67): App\Models\Model_incidencias->obtener_incidencias_nuevas()
 8 SYSTEMPATH/CodeIgniter.php(933): App\Controllers\Controller_incidencias->leer()
 9 SYSTEMPATH/CodeIgniter.php(509): CodeIgniter\CodeIgniter->runController(Object(App\Controllers\Controller_incidencias))
10 SYSTEMPATH/CodeIgniter.php(355): CodeIgniter\CodeIgniter->handleRequest(null, Object(Config\Cache), false)
11 SYSTEMPATH/Boot.php(312): CodeIgniter\CodeIgniter->run()
12 SYSTEMPATH/Boot.php(67): CodeIgniter\Boot::runCodeIgniter(Object(CodeIgniter\CodeIgniter))
13 FCPATH/index.php(56): CodeIgniter\Boot::bootWeb(Object(Config\Paths))
CRITICAL - 2024-06-09 18:47:38 --> [Caused by] mysqli_sql_exception: Unknown column 'estados.nombre_estado' in 'field list'
in SYSTEMPATH/Database/MySQLi/Connection.php on line 308.
 1 SYSTEMPATH/Database/MySQLi/Connection.php(308): mysqli->query('SELECT `incidencias`.*, `oficinas`.`nombre_oficina`, `estados`.`nombre_estado`
FROM `incidencias`
JOIN `oficinas` ON `incidencias`.`id_oficina` = `oficinas`.`id_oficina`
WHERE DATE(incidencias.fecha_inicio) = \'2024-06-09\'', 0)
 2 SYSTEMPATH/Database/BaseConnection.php(722): CodeIgniter\Database\MySQLi\Connection->execute('SELECT `incidencias`.*, `oficinas`.`nombre_oficina`, `estados`.`nombre_estado`
FROM `incidencias`
JOIN `oficinas` ON `incidencias`.`id_oficina` = `oficinas`.`id_oficina`
WHERE DATE(incidencias.fecha_inicio) = \'2024-06-09\'')
 3 SYSTEMPATH/Database/BaseConnection.php(636): CodeIgniter\Database\BaseConnection->simpleQuery('SELECT `incidencias`.*, `oficinas`.`nombre_oficina`, `estados`.`nombre_estado`
FROM `incidencias`
JOIN `oficinas` ON `incidencias`.`id_oficina` = `oficinas`.`id_oficina`
WHERE DATE(incidencias.fecha_inicio) = \'2024-06-09\'')
 4 SYSTEMPATH/Database/BaseBuilder.php(1629): CodeIgniter\Database\BaseConnection->query('SELECT `incidencias`.*, `oficinas`.`nombre_oficina`, `estados`.`nombre_estado`
FROM `incidencias`
JOIN `oficinas` ON `incidencias`.`id_oficina` = `oficinas`.`id_oficina`
WHERE DATE(incidencias.fecha_inicio) = :DATE(incidencias.fecha_inicio):', [...], false)
 5 SYSTEMPATH/Model.php(275): CodeIgniter\Database\BaseBuilder->get()
 6 SYSTEMPATH/BaseModel.php(676): CodeIgniter\Model->doFindAll(0, 0)
 7 APPPATH/Models/Model_incidencias.php(55): CodeIgniter\BaseModel->findAll()
 8 APPPATH/Controllers/Controller_incidencias.php(67): App\Models\Model_incidencias->obtener_incidencias_nuevas()
 9 SYSTEMPATH/CodeIgniter.php(933): App\Controllers\Controller_incidencias->leer()
10 SYSTEMPATH/CodeIgniter.php(509): CodeIgniter\CodeIgniter->runController(Object(App\Controllers\Controller_incidencias))
11 SYSTEMPATH/CodeIgniter.php(355): CodeIgniter\CodeIgniter->handleRequest(null, Object(Config\Cache), false)
12 SYSTEMPATH/Boot.php(312): CodeIgniter\CodeIgniter->run()
13 SYSTEMPATH/Boot.php(67): CodeIgniter\Boot::runCodeIgniter(Object(CodeIgniter\CodeIgniter))
14 FCPATH/index.php(56): CodeIgniter\Boot::bootWeb(Object(Config\Paths))
INFO - 2024-06-09 18:48:35 --> Session: Class initialized using 'CodeIgniter\Session\Handlers\FileHandler' driver.
CRITICAL - 2024-06-09 18:48:35 --> ErrorException: Undefined array key "nombres"
[Method: GET, Route: incidencias/leer]
in APPPATH/Views/admin/view_admin_incidencias_leer.php on line 101.
 1 APPPATH/Views/admin/view_admin_incidencias_leer.php(101): CodeIgniter\Debug\Exceptions->errorHandler(2, 'Undefined array key "nombres"', '/opt/lampp/htdocs/app_incidencias/app/Views/admin/view_admin_incidencias_leer.php', 101)
 2 SYSTEMPATH/View/View.php(234): include('/opt/lampp/htdocs/app_incidencias/app/Views/admin/view_admin_incidencias_leer.php')
 3 SYSTEMPATH/View/View.php(237): CodeIgniter\View\View->CodeIgniter\View\{closure}()
 4 SYSTEMPATH/Common.php(1171): CodeIgniter\View\View->render('admin/view_admin_incidencias_leer', [], true)
 5 APPPATH/Controllers/Controller_incidencias.php(75): view('admin/view_admin_incidencias_leer', [...])
 6 SYSTEMPATH/CodeIgniter.php(933): App\Controllers\Controller_incidencias->leer()
 7 SYSTEMPATH/CodeIgniter.php(509): CodeIgniter\CodeIgniter->runController(Object(App\Controllers\Controller_incidencias))
 8 SYSTEMPATH/CodeIgniter.php(355): CodeIgniter\CodeIgniter->handleRequest(null, Object(Config\Cache), false)
 9 SYSTEMPATH/Boot.php(312): CodeIgniter\CodeIgniter->run()
10 SYSTEMPATH/Boot.php(67): CodeIgniter\Boot::runCodeIgniter(Object(CodeIgniter\CodeIgniter))
11 FCPATH/index.php(56): CodeIgniter\Boot::bootWeb(Object(Config\Paths))
INFO - 2024-06-09 18:49:40 --> Session: Class initialized using 'CodeIgniter\Session\Handlers\FileHandler' driver.
INFO - 2024-06-09 19:00:13 --> Session: Class initialized using 'CodeIgniter\Session\Handlers\FileHandler' driver.
INFO - 2024-06-09 19:01:51 --> Session: Class initialized using 'CodeIgniter\Session\Handlers\FileHandler' driver.
INFO - 2024-06-09 19:02:53 --> Session: Class initialized using 'CodeIgniter\Session\Handlers\FileHandler' driver.
ERROR - 2024-06-09 19:02:53 --> mysqli_sql_exception: Column count of mysql.proc is wrong. Expected 21, found 20. Created with MariaDB 100108, now running 100432. Please use mysql_upgrade to fix this error in /opt/lampp/htdocs/app_incidencias/system/Database/MySQLi/Connection.php:308
Stack trace:
#0 /opt/lampp/htdocs/app_incidencias/system/Database/MySQLi/Connection.php(308): mysqli->query('SELECT `inciden...', 0)
#1 /opt/lampp/htdocs/app_incidencias/system/Database/BaseConnection.php(722): CodeIgniter\Database\MySQLi\Connection->execute('SELECT `inciden...')
#2 /opt/lampp/htdocs/app_incidencias/system/Database/BaseConnection.php(636): CodeIgniter\Database\BaseConnection->simpleQuery('SELECT `inciden...')
#3 /opt/lampp/htdocs/app_incidencias/system/Database/BaseBuilder.php(1629): CodeIgniter\Database\BaseConnection->query('SELECT `inciden...', Array, false)
#4 /opt/lampp/htdocs/app_incidencias/system/Model.php(275): CodeIgniter\Database\BaseBuilder->get()
#5 /opt/lampp/htdocs/app_incidencias/system/BaseModel.php(676): CodeIgniter\Model->doFindAll(0, 0)
#6 /opt/lampp/htdocs/app_incidencias/app/Models/Model_incidencias.php(45): CodeIgniter\BaseModel->findAll()
#7 /opt/lampp/htdocs/app_incidencias/app/Controllers/Controller_incidencias.php(66): App\Models\Model_incidencias->obtener_incidencias_pendientes()
#8 /opt/lampp/htdocs/app_incidencias/system/CodeIgniter.php(933): App\Controllers\Controller_incidencias->leer()
#9 /opt/lampp/htdocs/app_incidencias/system/CodeIgniter.php(509): CodeIgniter\CodeIgniter->runController(Object(App\Controllers\Controller_incidencias))
#10 /opt/lampp/htdocs/app_incidencias/system/CodeIgniter.php(355): CodeIgniter\CodeIgniter->handleRequest(NULL, Object(Config\Cache), false)
#11 /opt/lampp/htdocs/app_incidencias/system/Boot.php(312): CodeIgniter\CodeIgniter->run()
#12 /opt/lampp/htdocs/app_incidencias/system/Boot.php(67): CodeIgniter\Boot::runCodeIgniter(Object(CodeIgniter\CodeIgniter))
#13 /opt/lampp/htdocs/app_incidencias/public/index.php(56): CodeIgniter\Boot::bootWeb(Object(Config\Paths))
#14 {main}
CRITICAL - 2024-06-09 19:02:53 --> CodeIgniter\Database\Exceptions\DatabaseException: Column count of mysql.proc is wrong. Expected 21, found 20. Created with MariaDB 100108, now running 100432. Please use mysql_upgrade to fix this error
[Method: GET, Route: incidencias/leer]
in SYSTEMPATH/Database/BaseConnection.php on line 676.
 1 SYSTEMPATH/Database/BaseBuilder.php(1629): CodeIgniter\Database\BaseConnection->query('SELECT `incidencias`.*, `oficinas`.`nombre_oficina`, `estados`.`nombre_estado`, `usuarios`.`id_usuario`, `usuarios`.`nombres`
FROM `incidencias`
JOIN `oficinas` ON `incidencias`.`id_oficina` = `oficinas`.`id_oficina`
JOIN `estados` ON `incidencias`.`id_estado` = `estados`.`id_estado`
JOIN `usuarios` ON `incidencias`.`id_usuario` = `usuarios`.`id_usuario`
WHERE `estados`.`nombre_estado` != :estados.nombre_estado:
AND DATOS(incidencias.fecha_inicio) != :DATOS(incidencias.fecha_inicio):', [...], false)
 2 SYSTEMPATH/Model.php(275): CodeIgniter\Database\BaseBuilder->get()
 3 SYSTEMPATH/BaseModel.php(676): CodeIgniter\Model->doFindAll(0, 0)
 4 APPPATH/Models/Model_incidencias.php(45): CodeIgniter\BaseModel->findAll()
 5 APPPATH/Controllers/Controller_incidencias.php(66): App\Models\Model_incidencias->obtener_incidencias_pendientes()
 6 SYSTEMPATH/CodeIgniter.php(933): App\Controllers\Controller_incidencias->leer()
 7 SYSTEMPATH/CodeIgniter.php(509): CodeIgniter\CodeIgniter->runController(Object(App\Controllers\Controller_incidencias))
 8 SYSTEMPATH/CodeIgniter.php(355): CodeIgniter\CodeIgniter->handleRequest(null, Object(Config\Cache), false)
 9 SYSTEMPATH/Boot.php(312): CodeIgniter\CodeIgniter->run()
10 SYSTEMPATH/Boot.php(67): CodeIgniter\Boot::runCodeIgniter(Object(CodeIgniter\CodeIgniter))
11 FCPATH/index.php(56): CodeIgniter\Boot::bootWeb(Object(Config\Paths))
CRITICAL - 2024-06-09 19:02:53 --> [Caused by] CodeIgniter\Database\Exceptions\DatabaseException: Column count of mysql.proc is wrong. Expected 21, found 20. Created with MariaDB 100108, now running 100432. Please use mysql_upgrade to fix this error
in SYSTEMPATH/Database/MySQLi/Connection.php on line 313.
 1 SYSTEMPATH/Database/BaseConnection.php(722): CodeIgniter\Database\MySQLi\Connection->execute('SELECT `incidencias`.*, `oficinas`.`nombre_oficina`, `estados`.`nombre_estado`, `usuarios`.`id_usuario`, `usuarios`.`nombres`
FROM `incidencias`
JOIN `oficinas` ON `incidencias`.`id_oficina` = `oficinas`.`id_oficina`
JOIN `estados` ON `incidencias`.`id_estado` = `estados`.`id_estado`
JOIN `usuarios` ON `incidencias`.`id_usuario` = `usuarios`.`id_usuario`
WHERE `estados`.`nombre_estado` != \'Finalizado\'
AND DATOS(incidencias.fecha_inicio) != \'2024-06-09\'')
 2 SYSTEMPATH/Database/BaseConnection.php(636): CodeIgniter\Database\BaseConnection->simpleQuery('SELECT `incidencias`.*, `oficinas`.`nombre_oficina`, `estados`.`nombre_estado`, `usuarios`.`id_usuario`, `usuarios`.`nombres`
FROM `incidencias`
JOIN `oficinas` ON `incidencias`.`id_oficina` = `oficinas`.`id_oficina`
JOIN `estados` ON `incidencias`.`id_estado` = `estados`.`id_estado`
JOIN `usuarios` ON `incidencias`.`id_usuario` = `usuarios`.`id_usuario`
WHERE `estados`.`nombre_estado` != \'Finalizado\'
AND DATOS(incidencias.fecha_inicio) != \'2024-06-09\'')
 3 SYSTEMPATH/Database/BaseBuilder.php(1629): CodeIgniter\Database\BaseConnection->query('SELECT `incidencias`.*, `oficinas`.`nombre_oficina`, `estados`.`nombre_estado`, `usuarios`.`id_usuario`, `usuarios`.`nombres`
FROM `incidencias`
JOIN `oficinas` ON `incidencias`.`id_oficina` = `oficinas`.`id_oficina`
JOIN `estados` ON `incidencias`.`id_estado` = `estados`.`id_estado`
JOIN `usuarios` ON `incidencias`.`id_usuario` = `usuarios`.`id_usuario`
WHERE `estados`.`nombre_estado` != :estados.nombre_estado:
AND DATOS(incidencias.fecha_inicio) != :DATOS(incidencias.fecha_inicio):', [...], false)
 4 SYSTEMPATH/Model.php(275): CodeIgniter\Database\BaseBuilder->get()
 5 SYSTEMPATH/BaseModel.php(676): CodeIgniter\Model->doFindAll(0, 0)
 6 APPPATH/Models/Model_incidencias.php(45): CodeIgniter\BaseModel->findAll()
 7 APPPATH/Controllers/Controller_incidencias.php(66): App\Models\Model_incidencias->obtener_incidencias_pendientes()
 8 SYSTEMPATH/CodeIgniter.php(933): App\Controllers\Controller_incidencias->leer()
 9 SYSTEMPATH/CodeIgniter.php(509): CodeIgniter\CodeIgniter->runController(Object(App\Controllers\Controller_incidencias))
10 SYSTEMPATH/CodeIgniter.php(355): CodeIgniter\CodeIgniter->handleRequest(null, Object(Config\Cache), false)
11 SYSTEMPATH/Boot.php(312): CodeIgniter\CodeIgniter->run()
12 SYSTEMPATH/Boot.php(67): CodeIgniter\Boot::runCodeIgniter(Object(CodeIgniter\CodeIgniter))
13 FCPATH/index.php(56): CodeIgniter\Boot::bootWeb(Object(Config\Paths))
CRITICAL - 2024-06-09 19:02:53 --> [Caused by] mysqli_sql_exception: Column count of mysql.proc is wrong. Expected 21, found 20. Created with MariaDB 100108, now running 100432. Please use mysql_upgrade to fix this error
in SYSTEMPATH/Database/MySQLi/Connection.php on line 308.
 1 SYSTEMPATH/Database/MySQLi/Connection.php(308): mysqli->query('SELECT `incidencias`.*, `oficinas`.`nombre_oficina`, `estados`.`nombre_estado`, `usuarios`.`id_usuario`, `usuarios`.`nombres`
FROM `incidencias`
JOIN `oficinas` ON `incidencias`.`id_oficina` = `oficinas`.`id_oficina`
JOIN `estados` ON `incidencias`.`id_estado` = `estados`.`id_estado`
JOIN `usuarios` ON `incidencias`.`id_usuario` = `usuarios`.`id_usuario`
WHERE `estados`.`nombre_estado` != \'Finalizado\'
AND DATOS(incidencias.fecha_inicio) != \'2024-06-09\'', 0)
 2 SYSTEMPATH/Database/BaseConnection.php(722): CodeIgniter\Database\MySQLi\Connection->execute('SELECT `incidencias`.*, `oficinas`.`nombre_oficina`, `estados`.`nombre_estado`, `usuarios`.`id_usuario`, `usuarios`.`nombres`
FROM `incidencias`
JOIN `oficinas` ON `incidencias`.`id_oficina` = `oficinas`.`id_oficina`
JOIN `estados` ON `incidencias`.`id_estado` = `estados`.`id_estado`
JOIN `usuarios` ON `incidencias`.`id_usuario` = `usuarios`.`id_usuario`
WHERE `estados`.`nombre_estado` != \'Finalizado\'
AND DATOS(incidencias.fecha_inicio) != \'2024-06-09\'')
 3 SYSTEMPATH/Database/BaseConnection.php(636): CodeIgniter\Database\BaseConnection->simpleQuery('SELECT `incidencias`.*, `oficinas`.`nombre_oficina`, `estados`.`nombre_estado`, `usuarios`.`id_usuario`, `usuarios`.`nombres`
FROM `incidencias`
JOIN `oficinas` ON `incidencias`.`id_oficina` = `oficinas`.`id_oficina`
JOIN `estados` ON `incidencias`.`id_estado` = `estados`.`id_estado`
JOIN `usuarios` ON `incidencias`.`id_usuario` = `usuarios`.`id_usuario`
WHERE `estados`.`nombre_estado` != \'Finalizado\'
AND DATOS(incidencias.fecha_inicio) != \'2024-06-09\'')
 4 SYSTEMPATH/Database/BaseBuilder.php(1629): CodeIgniter\Database\BaseConnection->query('SELECT `incidencias`.*, `oficinas`.`nombre_oficina`, `estados`.`nombre_estado`, `usuarios`.`id_usuario`, `usuarios`.`nombres`
FROM `incidencias`
JOIN `oficinas` ON `incidencias`.`id_oficina` = `oficinas`.`id_oficina`
JOIN `estados` ON `incidencias`.`id_estado` = `estados`.`id_estado`
JOIN `usuarios` ON `incidencias`.`id_usuario` = `usuarios`.`id_usuario`
WHERE `estados`.`nombre_estado` != :estados.nombre_estado:
AND DATOS(incidencias.fecha_inicio) != :DATOS(incidencias.fecha_inicio):', [...], false)
 5 SYSTEMPATH/Model.php(275): CodeIgniter\Database\BaseBuilder->get()
 6 SYSTEMPATH/BaseModel.php(676): CodeIgniter\Model->doFindAll(0, 0)
 7 APPPATH/Models/Model_incidencias.php(45): CodeIgniter\BaseModel->findAll()
 8 APPPATH/Controllers/Controller_incidencias.php(66): App\Models\Model_incidencias->obtener_incidencias_pendientes()
 9 SYSTEMPATH/CodeIgniter.php(933): App\Controllers\Controller_incidencias->leer()
10 SYSTEMPATH/CodeIgniter.php(509): CodeIgniter\CodeIgniter->runController(Object(App\Controllers\Controller_incidencias))
11 SYSTEMPATH/CodeIgniter.php(355): CodeIgniter\CodeIgniter->handleRequest(null, Object(Config\Cache), false)
12 SYSTEMPATH/Boot.php(312): CodeIgniter\CodeIgniter->run()
13 SYSTEMPATH/Boot.php(67): CodeIgniter\Boot::runCodeIgniter(Object(CodeIgniter\CodeIgniter))
14 FCPATH/index.php(56): CodeIgniter\Boot::bootWeb(Object(Config\Paths))
INFO - 2024-06-09 19:07:06 --> Session: Class initialized using 'CodeIgniter\Session\Handlers\FileHandler' driver.
ERROR - 2024-06-09 19:07:06 --> mysqli_sql_exception: Column count of mysql.proc is wrong. Expected 21, found 20. Created with MariaDB 100108, now running 100432. Please use mysql_upgrade to fix this error in /opt/lampp/htdocs/app_incidencias/system/Database/MySQLi/Connection.php:308
Stack trace:
#0 /opt/lampp/htdocs/app_incidencias/system/Database/MySQLi/Connection.php(308): mysqli->query('SELECT `inciden...', 0)
#1 /opt/lampp/htdocs/app_incidencias/system/Database/BaseConnection.php(722): CodeIgniter\Database\MySQLi\Connection->execute('SELECT `inciden...')
#2 /opt/lampp/htdocs/app_incidencias/system/Database/BaseConnection.php(636): CodeIgniter\Database\BaseConnection->simpleQuery('SELECT `inciden...')
#3 /opt/lampp/htdocs/app_incidencias/system/Database/BaseBuilder.php(1629): CodeIgniter\Database\BaseConnection->query('SELECT `inciden...', Array, false)
#4 /opt/lampp/htdocs/app_incidencias/system/Model.php(275): CodeIgniter\Database\BaseBuilder->get()
#5 /opt/lampp/htdocs/app_incidencias/system/BaseModel.php(676): CodeIgniter\Model->doFindAll(0, 0)
#6 /opt/lampp/htdocs/app_incidencias/app/Models/Model_incidencias.php(45): CodeIgniter\BaseModel->findAll()
#7 /opt/lampp/htdocs/app_incidencias/app/Controllers/Controller_incidencias.php(66): App\Models\Model_incidencias->obtener_incidencias_pendientes()
#8 /opt/lampp/htdocs/app_incidencias/system/CodeIgniter.php(933): App\Controllers\Controller_incidencias->leer()
#9 /opt/lampp/htdocs/app_incidencias/system/CodeIgniter.php(509): CodeIgniter\CodeIgniter->runController(Object(App\Controllers\Controller_incidencias))
#10 /opt/lampp/htdocs/app_incidencias/system/CodeIgniter.php(355): CodeIgniter\CodeIgniter->handleRequest(NULL, Object(Config\Cache), false)
#11 /opt/lampp/htdocs/app_incidencias/system/Boot.php(312): CodeIgniter\CodeIgniter->run()
#12 /opt/lampp/htdocs/app_incidencias/system/Boot.php(67): CodeIgniter\Boot::runCodeIgniter(Object(CodeIgniter\CodeIgniter))
#13 /opt/lampp/htdocs/app_incidencias/public/index.php(56): CodeIgniter\Boot::bootWeb(Object(Config\Paths))
#14 {main}
CRITICAL - 2024-06-09 19:07:06 --> CodeIgniter\Database\Exceptions\DatabaseException: Column count of mysql.proc is wrong. Expected 21, found 20. Created with MariaDB 100108, now running 100432. Please use mysql_upgrade to fix this error
[Method: GET, Route: incidencias/leer]
in SYSTEMPATH/Database/BaseConnection.php on line 676.
 1 SYSTEMPATH/Database/BaseBuilder.php(1629): CodeIgniter\Database\BaseConnection->query('SELECT `incidencias`.*, `oficinas`.`nombre_oficina`, `estados`.`nombre_estado`, `usuarios`.`nombres`
FROM `incidencias`
JOIN `oficinas` ON `incidencias`.`id_oficina` = `oficinas`.`id_oficina`
JOIN `estados` ON `incidencias`.`id_estado` = `estados`.`id_estado`
JOIN `usuarios` ON `incidencias`.`id_tecnico` = `usuarios`.`id_usuario`
WHERE `estados`.`nombre_estado` != :estados.nombre_estado:
AND DATOS(incidencias.fecha_inicio) != :DATOS(incidencias.fecha_inicio):', [...], false)
 2 SYSTEMPATH/Model.php(275): CodeIgniter\Database\BaseBuilder->get()
 3 SYSTEMPATH/BaseModel.php(676): CodeIgniter\Model->doFindAll(0, 0)
 4 APPPATH/Models/Model_incidencias.php(45): CodeIgniter\BaseModel->findAll()
 5 APPPATH/Controllers/Controller_incidencias.php(66): App\Models\Model_incidencias->obtener_incidencias_pendientes()
 6 SYSTEMPATH/CodeIgniter.php(933): App\Controllers\Controller_incidencias->leer()
 7 SYSTEMPATH/CodeIgniter.php(509): CodeIgniter\CodeIgniter->runController(Object(App\Controllers\Controller_incidencias))
 8 SYSTEMPATH/CodeIgniter.php(355): CodeIgniter\CodeIgniter->handleRequest(null, Object(Config\Cache), false)
 9 SYSTEMPATH/Boot.php(312): CodeIgniter\CodeIgniter->run()
10 SYSTEMPATH/Boot.php(67): CodeIgniter\Boot::runCodeIgniter(Object(CodeIgniter\CodeIgniter))
11 FCPATH/index.php(56): CodeIgniter\Boot::bootWeb(Object(Config\Paths))
CRITICAL - 2024-06-09 19:07:06 --> [Caused by] CodeIgniter\Database\Exceptions\DatabaseException: Column count of mysql.proc is wrong. Expected 21, found 20. Created with MariaDB 100108, now running 100432. Please use mysql_upgrade to fix this error
in SYSTEMPATH/Database/MySQLi/Connection.php on line 313.
 1 SYSTEMPATH/Database/BaseConnection.php(722): CodeIgniter\Database\MySQLi\Connection->execute('SELECT `incidencias`.*, `oficinas`.`nombre_oficina`, `estados`.`nombre_estado`, `usuarios`.`nombres`
FROM `incidencias`
JOIN `oficinas` ON `incidencias`.`id_oficina` = `oficinas`.`id_oficina`
JOIN `estados` ON `incidencias`.`id_estado` = `estados`.`id_estado`
JOIN `usuarios` ON `incidencias`.`id_tecnico` = `usuarios`.`id_usuario`
WHERE `estados`.`nombre_estado` != \'Finalizado\'
AND DATOS(incidencias.fecha_inicio) != \'2024-06-09\'')
 2 SYSTEMPATH/Database/BaseConnection.php(636): CodeIgniter\Database\BaseConnection->simpleQuery('SELECT `incidencias`.*, `oficinas`.`nombre_oficina`, `estados`.`nombre_estado`, `usuarios`.`nombres`
FROM `incidencias`
JOIN `oficinas` ON `incidencias`.`id_oficina` = `oficinas`.`id_oficina`
JOIN `estados` ON `incidencias`.`id_estado` = `estados`.`id_estado`
JOIN `usuarios` ON `incidencias`.`id_tecnico` = `usuarios`.`id_usuario`
WHERE `estados`.`nombre_estado` != \'Finalizado\'
AND DATOS(incidencias.fecha_inicio) != \'2024-06-09\'')
 3 SYSTEMPATH/Database/BaseBuilder.php(1629): CodeIgniter\Database\BaseConnection->query('SELECT `incidencias`.*, `oficinas`.`nombre_oficina`, `estados`.`nombre_estado`, `usuarios`.`nombres`
FROM `incidencias`
JOIN `oficinas` ON `incidencias`.`id_oficina` = `oficinas`.`id_oficina`
JOIN `estados` ON `incidencias`.`id_estado` = `estados`.`id_estado`
JOIN `usuarios` ON `incidencias`.`id_tecnico` = `usuarios`.`id_usuario`
WHERE `estados`.`nombre_estado` != :estados.nombre_estado:
AND DATOS(incidencias.fecha_inicio) != :DATOS(incidencias.fecha_inicio):', [...], false)
 4 SYSTEMPATH/Model.php(275): CodeIgniter\Database\BaseBuilder->get()
 5 SYSTEMPATH/BaseModel.php(676): CodeIgniter\Model->doFindAll(0, 0)
 6 APPPATH/Models/Model_incidencias.php(45): CodeIgniter\BaseModel->findAll()
 7 APPPATH/Controllers/Controller_incidencias.php(66): App\Models\Model_incidencias->obtener_incidencias_pendientes()
 8 SYSTEMPATH/CodeIgniter.php(933): App\Controllers\Controller_incidencias->leer()
 9 SYSTEMPATH/CodeIgniter.php(509): CodeIgniter\CodeIgniter->runController(Object(App\Controllers\Controller_incidencias))
10 SYSTEMPATH/CodeIgniter.php(355): CodeIgniter\CodeIgniter->handleRequest(null, Object(Config\Cache), false)
11 SYSTEMPATH/Boot.php(312): CodeIgniter\CodeIgniter->run()
12 SYSTEMPATH/Boot.php(67): CodeIgniter\Boot::runCodeIgniter(Object(CodeIgniter\CodeIgniter))
13 FCPATH/index.php(56): CodeIgniter\Boot::bootWeb(Object(Config\Paths))
CRITICAL - 2024-06-09 19:07:06 --> [Caused by] mysqli_sql_exception: Column count of mysql.proc is wrong. Expected 21, found 20. Created with MariaDB 100108, now running 100432. Please use mysql_upgrade to fix this error
in SYSTEMPATH/Database/MySQLi/Connection.php on line 308.
 1 SYSTEMPATH/Database/MySQLi/Connection.php(308): mysqli->query('SELECT `incidencias`.*, `oficinas`.`nombre_oficina`, `estados`.`nombre_estado`, `usuarios`.`nombres`
FROM `incidencias`
JOIN `oficinas` ON `incidencias`.`id_oficina` = `oficinas`.`id_oficina`
JOIN `estados` ON `incidencias`.`id_estado` = `estados`.`id_estado`
JOIN `usuarios` ON `incidencias`.`id_tecnico` = `usuarios`.`id_usuario`
WHERE `estados`.`nombre_estado` != \'Finalizado\'
AND DATOS(incidencias.fecha_inicio) != \'2024-06-09\'', 0)
 2 SYSTEMPATH/Database/BaseConnection.php(722): CodeIgniter\Database\MySQLi\Connection->execute('SELECT `incidencias`.*, `oficinas`.`nombre_oficina`, `estados`.`nombre_estado`, `usuarios`.`nombres`
FROM `incidencias`
JOIN `oficinas` ON `incidencias`.`id_oficina` = `oficinas`.`id_oficina`
JOIN `estados` ON `incidencias`.`id_estado` = `estados`.`id_estado`
JOIN `usuarios` ON `incidencias`.`id_tecnico` = `usuarios`.`id_usuario`
WHERE `estados`.`nombre_estado` != \'Finalizado\'
AND DATOS(incidencias.fecha_inicio) != \'2024-06-09\'')
 3 SYSTEMPATH/Database/BaseConnection.php(636): CodeIgniter\Database\BaseConnection->simpleQuery('SELECT `incidencias`.*, `oficinas`.`nombre_oficina`, `estados`.`nombre_estado`, `usuarios`.`nombres`
FROM `incidencias`
JOIN `oficinas` ON `incidencias`.`id_oficina` = `oficinas`.`id_oficina`
JOIN `estados` ON `incidencias`.`id_estado` = `estados`.`id_estado`
JOIN `usuarios` ON `incidencias`.`id_tecnico` = `usuarios`.`id_usuario`
WHERE `estados`.`nombre_estado` != \'Finalizado\'
AND DATOS(incidencias.fecha_inicio) != \'2024-06-09\'')
 4 SYSTEMPATH/Database/BaseBuilder.php(1629): CodeIgniter\Database\BaseConnection->query('SELECT `incidencias`.*, `oficinas`.`nombre_oficina`, `estados`.`nombre_estado`, `usuarios`.`nombres`
FROM `incidencias`
JOIN `oficinas` ON `incidencias`.`id_oficina` = `oficinas`.`id_oficina`
JOIN `estados` ON `incidencias`.`id_estado` = `estados`.`id_estado`
JOIN `usuarios` ON `incidencias`.`id_tecnico` = `usuarios`.`id_usuario`
WHERE `estados`.`nombre_estado` != :estados.nombre_estado:
AND DATOS(incidencias.fecha_inicio) != :DATOS(incidencias.fecha_inicio):', [...], false)
 5 SYSTEMPATH/Model.php(275): CodeIgniter\Database\BaseBuilder->get()
 6 SYSTEMPATH/BaseModel.php(676): CodeIgniter\Model->doFindAll(0, 0)
 7 APPPATH/Models/Model_incidencias.php(45): CodeIgniter\BaseModel->findAll()
 8 APPPATH/Controllers/Controller_incidencias.php(66): App\Models\Model_incidencias->obtener_incidencias_pendientes()
 9 SYSTEMPATH/CodeIgniter.php(933): App\Controllers\Controller_incidencias->leer()
10 SYSTEMPATH/CodeIgniter.php(509): CodeIgniter\CodeIgniter->runController(Object(App\Controllers\Controller_incidencias))
11 SYSTEMPATH/CodeIgniter.php(355): CodeIgniter\CodeIgniter->handleRequest(null, Object(Config\Cache), false)
12 SYSTEMPATH/Boot.php(312): CodeIgniter\CodeIgniter->run()
13 SYSTEMPATH/Boot.php(67): CodeIgniter\Boot::runCodeIgniter(Object(CodeIgniter\CodeIgniter))
14 FCPATH/index.php(56): CodeIgniter\Boot::bootWeb(Object(Config\Paths))
INFO - 2024-06-09 19:11:00 --> Session: Class initialized using 'CodeIgniter\Session\Handlers\FileHandler' driver.
CRITICAL - 2024-06-09 19:11:00 --> ErrorException: Undefined variable $incidencias_pendientes
[Method: GET, Route: incidencias/leer]
in APPPATH/Views/admin/view_admin_incidencias_leer.php on line 9.
 1 APPPATH/Views/admin/view_admin_incidencias_leer.php(9): CodeIgniter\Debug\Exceptions->errorHandler(2, 'Undefined variable $incidencias_pendientes', '/opt/lampp/htdocs/app_incidencias/app/Views/admin/view_admin_incidencias_leer.php', 9)
 2 SYSTEMPATH/View/View.php(234): include('/opt/lampp/htdocs/app_incidencias/app/Views/admin/view_admin_incidencias_leer.php')
 3 SYSTEMPATH/View/View.php(237): CodeIgniter\View\View->CodeIgniter\View\{closure}()
 4 SYSTEMPATH/Common.php(1171): CodeIgniter\View\View->render('admin/view_admin_incidencias_leer', [], true)
 5 APPPATH/Controllers/Controller_incidencias.php(75): view('admin/view_admin_incidencias_leer', [...])
 6 SYSTEMPATH/CodeIgniter.php(933): App\Controllers\Controller_incidencias->leer()
 7 SYSTEMPATH/CodeIgniter.php(509): CodeIgniter\CodeIgniter->runController(Object(App\Controllers\Controller_incidencias))
 8 SYSTEMPATH/CodeIgniter.php(355): CodeIgniter\CodeIgniter->handleRequest(null, Object(Config\Cache), false)
 9 SYSTEMPATH/Boot.php(312): CodeIgniter\CodeIgniter->run()
10 SYSTEMPATH/Boot.php(67): CodeIgniter\Boot::runCodeIgniter(Object(CodeIgniter\CodeIgniter))
11 FCPATH/index.php(56): CodeIgniter\Boot::bootWeb(Object(Config\Paths))
INFO - 2024-06-09 19:11:37 --> Session: Class initialized using 'CodeIgniter\Session\Handlers\FileHandler' driver.
INFO - 2024-06-09 19:21:24 --> Session: Class initialized using 'CodeIgniter\Session\Handlers\FileHandler' driver.
INFO - 2024-06-09 19:21:50 --> Session: Class initialized using 'CodeIgniter\Session\Handlers\FileHandler' driver.
INFO - 2024-06-09 19:22:49 --> Session: Class initialized using 'CodeIgniter\Session\Handlers\FileHandler' driver.
INFO - 2024-06-09 21:24:54 --> Session: Class initialized using 'CodeIgniter\Session\Handlers\FileHandler' driver.
INFO - 2024-06-09 21:24:54 --> Session: Class initialized using 'CodeIgniter\Session\Handlers\FileHandler' driver.
INFO - 2024-06-09 21:25:52 --> Session: Class initialized using 'CodeIgniter\Session\Handlers\FileHandler' driver.
INFO - 2024-06-09 21:25:57 --> Session: Class initialized using 'CodeIgniter\Session\Handlers\FileHandler' driver.
INFO - 2024-06-09 21:26:01 --> Session: Class initialized using 'CodeIgniter\Session\Handlers\FileHandler' driver.
INFO - 2024-06-09 21:26:04 --> Session: Class initialized using 'CodeIgniter\Session\Handlers\FileHandler' driver.
INFO - 2024-06-09 21:26:07 --> Session: Class initialized using 'CodeIgniter\Session\Handlers\FileHandler' driver.
INFO - 2024-06-09 21:26:10 --> Session: Class initialized using 'CodeIgniter\Session\Handlers\FileHandler' driver.
INFO - 2024-06-09 21:26:13 --> Session: Class initialized using 'CodeIgniter\Session\Handlers\FileHandler' driver.
INFO - 2024-06-09 21:26:15 --> Session: Class initialized using 'CodeIgniter\Session\Handlers\FileHandler' driver.
INFO - 2024-06-09 21:26:18 --> Session: Class initialized using 'CodeIgniter\Session\Handlers\FileHandler' driver.
INFO - 2024-06-09 21:26:21 --> Session: Class initialized using 'CodeIgniter\Session\Handlers\FileHandler' driver.
INFO - 2024-06-09 21:26:24 --> Session: Class initialized using 'CodeIgniter\Session\Handlers\FileHandler' driver.
INFO - 2024-06-09 21:26:27 --> Session: Class initialized using 'CodeIgniter\Session\Handlers\FileHandler' driver.
INFO - 2024-06-09 21:26:30 --> Session: Class initialized using 'CodeIgniter\Session\Handlers\FileHandler' driver.
INFO - 2024-06-09 21:26:33 --> Session: Class initialized using 'CodeIgniter\Session\Handlers\FileHandler' driver.
INFO - 2024-06-09 21:26:37 --> Session: Class initialized using 'CodeIgniter\Session\Handlers\FileHandler' driver.
INFO - 2024-06-09 21:26:38 --> Session: Class initialized using 'CodeIgniter\Session\Handlers\FileHandler' driver.
INFO - 2024-06-09 21:26:40 --> Session: Class initialized using 'CodeIgniter\Session\Handlers\FileHandler' driver.
INFO - 2024-06-09 21:52:30 --> Session: Class initialized using 'CodeIgniter\Session\Handlers\FileHandler' driver.
INFO - 2024-06-09 21:52:32 --> Session: Class initialized using 'CodeIgniter\Session\Handlers\FileHandler' driver.
INFO - 2024-06-09 21:52:34 --> Session: Class initialized using 'CodeIgniter\Session\Handlers\FileHandler' driver.
INFO - 2024-06-09 21:52:36 --> Session: Class initialized using 'CodeIgniter\Session\Handlers\FileHandler' driver.
INFO - 2024-06-09 21:52:37 --> Session: Class initialized using 'CodeIgniter\Session\Handlers\FileHandler' driver.
INFO - 2024-06-09 21:52:41 --> Session: Class initialized using 'CodeIgniter\Session\Handlers\FileHandler' driver.
INFO - 2024-06-09 21:54:11 --> Session: Class initialized using 'CodeIgniter\Session\Handlers\FileHandler' driver.
