CRITICAL - 2024-05-27 21:10:06 --> Error: Class "App\Models\Model_areas" not found
[Method: GET, Route: incidencias/crear]
in APPPATH/Controllers/Controller_incidencias.php on line 22.
 1 SYSTEMPATH/CodeIgniter.php(933): App\Controllers\Controller_incidencias->crear()
 2 SYSTEMPATH/CodeIgniter.php(509): CodeIgniter\CodeIgniter->runController(Object(App\Controllers\Controller_incidencias))
 3 SYSTEMPATH/CodeIgniter.php(355): CodeIgniter\CodeIgniter->handleRequest(null, Object(Config\Cache), false)
 4 SYSTEMPATH/Boot.php(312): CodeIgniter\CodeIgniter->run()
 5 SYSTEMPATH/Boot.php(67): CodeIgniter\Boot::runCodeIgniter(Object(CodeIgniter\CodeIgniter))
 6 FCPATH/index.php(56): CodeIgniter\Boot::bootWeb(Object(Config\Paths))
CRITICAL - 2024-05-27 21:10:56 --> Error: Class "App\Controllers\Model_oficinas" not found
[Method: GET, Route: incidencias/crear]
in APPPATH/Controllers/Controller_incidencias.php on line 22.
 1 SYSTEMPATH/CodeIgniter.php(933): App\Controllers\Controller_incidencias->crear()
 2 SYSTEMPATH/CodeIgniter.php(509): CodeIgniter\CodeIgniter->runController(Object(App\Controllers\Controller_incidencias))
 3 SYSTEMPATH/CodeIgniter.php(355): CodeIgniter\CodeIgniter->handleRequest(null, Object(Config\Cache), false)
 4 SYSTEMPATH/Boot.php(312): CodeIgniter\CodeIgniter->run()
 5 SYSTEMPATH/Boot.php(67): CodeIgniter\Boot::runCodeIgniter(Object(CodeIgniter\CodeIgniter))
 6 FCPATH/index.php(56): CodeIgniter\Boot::bootWeb(Object(Config\Paths))
CRITICAL - 2024-05-27 21:11:28 --> ErrorException: Undefined variable $areas
[Method: GET, Route: incidencias/crear]
in APPPATH/Views/view_incidencias_crear.php on line 41.
 1 APPPATH/Views/view_incidencias_crear.php(41): CodeIgniter\Debug\Exceptions->errorHandler(2, 'Undefined variable $areas', '/opt/lampp/htdocs/app_incidencias/app/Views/view_incidencias_crear.php', 41)
 2 SYSTEMPATH/View/View.php(234): include('/opt/lampp/htdocs/app_incidencias/app/Views/view_incidencias_crear.php')
 3 SYSTEMPATH/View/View.php(237): CodeIgniter\View\View->CodeIgniter\View\{closure}()
 4 SYSTEMPATH/Common.php(1171): CodeIgniter\View\View->render('view_incidencias_crear', [], true)
 5 APPPATH/Controllers/Controller_incidencias.php(24): view('view_incidencias_crear', [...])
 6 SYSTEMPATH/CodeIgniter.php(933): App\Controllers\Controller_incidencias->crear()
 7 SYSTEMPATH/CodeIgniter.php(509): CodeIgniter\CodeIgniter->runController(Object(App\Controllers\Controller_incidencias))
 8 SYSTEMPATH/CodeIgniter.php(355): CodeIgniter\CodeIgniter->handleRequest(null, Object(Config\Cache), false)
 9 SYSTEMPATH/Boot.php(312): CodeIgniter\CodeIgniter->run()
10 SYSTEMPATH/Boot.php(67): CodeIgniter\Boot::runCodeIgniter(Object(CodeIgniter\CodeIgniter))
11 FCPATH/index.php(56): CodeIgniter\Boot::bootWeb(Object(Config\Paths))
ERROR - 2024-05-27 23:21:26 --> mysqli_sql_exception: Operand should contain 1 column(s) in /opt/lampp/htdocs/app_incidencias/system/Database/MySQLi/Connection.php:308
Stack trace:
#0 /opt/lampp/htdocs/app_incidencias/system/Database/MySQLi/Connection.php(308): mysqli->query('INSERT INTO `in...', 0)
#1 /opt/lampp/htdocs/app_incidencias/system/Database/BaseConnection.php(722): CodeIgniter\Database\MySQLi\Connection->execute('INSERT INTO `in...')
#2 /opt/lampp/htdocs/app_incidencias/system/Database/BaseConnection.php(636): CodeIgniter\Database\BaseConnection->simpleQuery('INSERT INTO `in...')
#3 /opt/lampp/htdocs/app_incidencias/system/Database/BaseBuilder.php(2325): CodeIgniter\Database\BaseConnection->query('INSERT INTO `in...', Array, false)
#4 /opt/lampp/htdocs/app_incidencias/system/Model.php(383): CodeIgniter\Database\BaseBuilder->insert()
#5 /opt/lampp/htdocs/app_incidencias/system/BaseModel.php(840): CodeIgniter\Model->doInsert(Array)
#6 /opt/lampp/htdocs/app_incidencias/system/Model.php(791): CodeIgniter\BaseModel->insert(Array, true)
#7 /opt/lampp/htdocs/app_incidencias/app/Controllers/Controller_incidencias.php(41): CodeIgniter\Model->insert(Array)
#8 /opt/lampp/htdocs/app_incidencias/system/CodeIgniter.php(933): App\Controllers\Controller_incidencias->guardar()
#9 /opt/lampp/htdocs/app_incidencias/system/CodeIgniter.php(509): CodeIgniter\CodeIgniter->runController(Object(App\Controllers\Controller_incidencias))
#10 /opt/lampp/htdocs/app_incidencias/system/CodeIgniter.php(355): CodeIgniter\CodeIgniter->handleRequest(NULL, Object(Config\Cache), false)
#11 /opt/lampp/htdocs/app_incidencias/system/Boot.php(312): CodeIgniter\CodeIgniter->run()
#12 /opt/lampp/htdocs/app_incidencias/system/Boot.php(67): CodeIgniter\Boot::runCodeIgniter(Object(CodeIgniter\CodeIgniter))
#13 /opt/lampp/htdocs/app_incidencias/public/index.php(56): CodeIgniter\Boot::bootWeb(Object(Config\Paths))
#14 {main}
CRITICAL - 2024-05-27 23:21:26 --> CodeIgniter\Database\Exceptions\DatabaseException: Operand should contain 1 column(s)
[Method: POST, Route: incidencias/guardar]
in SYSTEMPATH/Database/BaseConnection.php on line 676.
 1 SYSTEMPATH/Database/BaseBuilder.php(2325): CodeIgniter\Database\BaseConnection->query('INSERT INTO `incidencias` (`id_oficina`, `telefono`, `problema`, `id_estado`) VALUES (:id_oficina:, :telefono:, :problema:, :id_estado:)', [...], false)
 2 SYSTEMPATH/Model.php(383): CodeIgniter\Database\BaseBuilder->insert()
 3 SYSTEMPATH/BaseModel.php(840): CodeIgniter\Model->doInsert([...])
 4 SYSTEMPATH/Model.php(791): CodeIgniter\BaseModel->insert([...], true)
 5 APPPATH/Controllers/Controller_incidencias.php(41): CodeIgniter\Model->insert([...])
 6 SYSTEMPATH/CodeIgniter.php(933): App\Controllers\Controller_incidencias->guardar()
 7 SYSTEMPATH/CodeIgniter.php(509): CodeIgniter\CodeIgniter->runController(Object(App\Controllers\Controller_incidencias))
 8 SYSTEMPATH/CodeIgniter.php(355): CodeIgniter\CodeIgniter->handleRequest(null, Object(Config\Cache), false)
 9 SYSTEMPATH/Boot.php(312): CodeIgniter\CodeIgniter->run()
10 SYSTEMPATH/Boot.php(67): CodeIgniter\Boot::runCodeIgniter(Object(CodeIgniter\CodeIgniter))
11 FCPATH/index.php(56): CodeIgniter\Boot::bootWeb(Object(Config\Paths))
CRITICAL - 2024-05-27 23:21:26 --> [Caused by] CodeIgniter\Database\Exceptions\DatabaseException: Operand should contain 1 column(s)
in SYSTEMPATH/Database/MySQLi/Connection.php on line 313.
 1 SYSTEMPATH/Database/BaseConnection.php(722): CodeIgniter\Database\MySQLi\Connection->execute('INSERT INTO `incidencias` (`id_oficina`, `telefono`, `problema`, `id_estado`) VALUES (\'5\', \'912433386\', \'No tengo internet\', (\'3\',\'Nuevo\'))')
 2 SYSTEMPATH/Database/BaseConnection.php(636): CodeIgniter\Database\BaseConnection->simpleQuery('INSERT INTO `incidencias` (`id_oficina`, `telefono`, `problema`, `id_estado`) VALUES (\'5\', \'912433386\', \'No tengo internet\', (\'3\',\'Nuevo\'))')
 3 SYSTEMPATH/Database/BaseBuilder.php(2325): CodeIgniter\Database\BaseConnection->query('INSERT INTO `incidencias` (`id_oficina`, `telefono`, `problema`, `id_estado`) VALUES (:id_oficina:, :telefono:, :problema:, :id_estado:)', [...], false)
 4 SYSTEMPATH/Model.php(383): CodeIgniter\Database\BaseBuilder->insert()
 5 SYSTEMPATH/BaseModel.php(840): CodeIgniter\Model->doInsert([...])
 6 SYSTEMPATH/Model.php(791): CodeIgniter\BaseModel->insert([...], true)
 7 APPPATH/Controllers/Controller_incidencias.php(41): CodeIgniter\Model->insert([...])
 8 SYSTEMPATH/CodeIgniter.php(933): App\Controllers\Controller_incidencias->guardar()
 9 SYSTEMPATH/CodeIgniter.php(509): CodeIgniter\CodeIgniter->runController(Object(App\Controllers\Controller_incidencias))
10 SYSTEMPATH/CodeIgniter.php(355): CodeIgniter\CodeIgniter->handleRequest(null, Object(Config\Cache), false)
11 SYSTEMPATH/Boot.php(312): CodeIgniter\CodeIgniter->run()
12 SYSTEMPATH/Boot.php(67): CodeIgniter\Boot::runCodeIgniter(Object(CodeIgniter\CodeIgniter))
13 FCPATH/index.php(56): CodeIgniter\Boot::bootWeb(Object(Config\Paths))
CRITICAL - 2024-05-27 23:21:26 --> [Caused by] mysqli_sql_exception: Operand should contain 1 column(s)
in SYSTEMPATH/Database/MySQLi/Connection.php on line 308.
 1 SYSTEMPATH/Database/MySQLi/Connection.php(308): mysqli->query('INSERT INTO `incidencias` (`id_oficina`, `telefono`, `problema`, `id_estado`) VALUES (\'5\', \'912433386\', \'No tengo internet\', (\'3\',\'Nuevo\'))', 0)
 2 SYSTEMPATH/Database/BaseConnection.php(722): CodeIgniter\Database\MySQLi\Connection->execute('INSERT INTO `incidencias` (`id_oficina`, `telefono`, `problema`, `id_estado`) VALUES (\'5\', \'912433386\', \'No tengo internet\', (\'3\',\'Nuevo\'))')
 3 SYSTEMPATH/Database/BaseConnection.php(636): CodeIgniter\Database\BaseConnection->simpleQuery('INSERT INTO `incidencias` (`id_oficina`, `telefono`, `problema`, `id_estado`) VALUES (\'5\', \'912433386\', \'No tengo internet\', (\'3\',\'Nuevo\'))')
 4 SYSTEMPATH/Database/BaseBuilder.php(2325): CodeIgniter\Database\BaseConnection->query('INSERT INTO `incidencias` (`id_oficina`, `telefono`, `problema`, `id_estado`) VALUES (:id_oficina:, :telefono:, :problema:, :id_estado:)', [...], false)
 5 SYSTEMPATH/Model.php(383): CodeIgniter\Database\BaseBuilder->insert()
 6 SYSTEMPATH/BaseModel.php(840): CodeIgniter\Model->doInsert([...])
 7 SYSTEMPATH/Model.php(791): CodeIgniter\BaseModel->insert([...], true)
 8 APPPATH/Controllers/Controller_incidencias.php(41): CodeIgniter\Model->insert([...])
 9 SYSTEMPATH/CodeIgniter.php(933): App\Controllers\Controller_incidencias->guardar()
10 SYSTEMPATH/CodeIgniter.php(509): CodeIgniter\CodeIgniter->runController(Object(App\Controllers\Controller_incidencias))
11 SYSTEMPATH/CodeIgniter.php(355): CodeIgniter\CodeIgniter->handleRequest(null, Object(Config\Cache), false)
12 SYSTEMPATH/Boot.php(312): CodeIgniter\CodeIgniter->run()
13 SYSTEMPATH/Boot.php(67): CodeIgniter\Boot::runCodeIgniter(Object(CodeIgniter\CodeIgniter))
14 FCPATH/index.php(56): CodeIgniter\Boot::bootWeb(Object(Config\Paths))
ERROR - 2024-05-27 23:26:01 --> mysqli_sql_exception: Operand should contain 1 column(s) in /opt/lampp/htdocs/app_incidencias/system/Database/MySQLi/Connection.php:308
Stack trace:
#0 /opt/lampp/htdocs/app_incidencias/system/Database/MySQLi/Connection.php(308): mysqli->query('INSERT INTO `in...', 0)
#1 /opt/lampp/htdocs/app_incidencias/system/Database/BaseConnection.php(722): CodeIgniter\Database\MySQLi\Connection->execute('INSERT INTO `in...')
#2 /opt/lampp/htdocs/app_incidencias/system/Database/BaseConnection.php(636): CodeIgniter\Database\BaseConnection->simpleQuery('INSERT INTO `in...')
#3 /opt/lampp/htdocs/app_incidencias/system/Database/BaseBuilder.php(2325): CodeIgniter\Database\BaseConnection->query('INSERT INTO `in...', Array, false)
#4 /opt/lampp/htdocs/app_incidencias/system/Model.php(383): CodeIgniter\Database\BaseBuilder->insert()
#5 /opt/lampp/htdocs/app_incidencias/system/BaseModel.php(840): CodeIgniter\Model->doInsert(Array)
#6 /opt/lampp/htdocs/app_incidencias/system/Model.php(791): CodeIgniter\BaseModel->insert(Array, true)
#7 /opt/lampp/htdocs/app_incidencias/app/Controllers/Controller_incidencias.php(40): CodeIgniter\Model->insert(Array)
#8 /opt/lampp/htdocs/app_incidencias/system/CodeIgniter.php(933): App\Controllers\Controller_incidencias->guardar()
#9 /opt/lampp/htdocs/app_incidencias/system/CodeIgniter.php(509): CodeIgniter\CodeIgniter->runController(Object(App\Controllers\Controller_incidencias))
#10 /opt/lampp/htdocs/app_incidencias/system/CodeIgniter.php(355): CodeIgniter\CodeIgniter->handleRequest(NULL, Object(Config\Cache), false)
#11 /opt/lampp/htdocs/app_incidencias/system/Boot.php(312): CodeIgniter\CodeIgniter->run()
#12 /opt/lampp/htdocs/app_incidencias/system/Boot.php(67): CodeIgniter\Boot::runCodeIgniter(Object(CodeIgniter\CodeIgniter))
#13 /opt/lampp/htdocs/app_incidencias/public/index.php(56): CodeIgniter\Boot::bootWeb(Object(Config\Paths))
#14 {main}
CRITICAL - 2024-05-27 23:26:01 --> CodeIgniter\Database\Exceptions\DatabaseException: Operand should contain 1 column(s)
[Method: POST, Route: incidencias/guardar]
in SYSTEMPATH/Database/BaseConnection.php on line 676.
 1 SYSTEMPATH/Database/BaseBuilder.php(2325): CodeIgniter\Database\BaseConnection->query('INSERT INTO `incidencias` (`id_oficina`, `telefono`, `problema`, `id_estado`) VALUES (:id_oficina:, :telefono:, :problema:, :id_estado:)', [...], false)
 2 SYSTEMPATH/Model.php(383): CodeIgniter\Database\BaseBuilder->insert()
 3 SYSTEMPATH/BaseModel.php(840): CodeIgniter\Model->doInsert([...])
 4 SYSTEMPATH/Model.php(791): CodeIgniter\BaseModel->insert([...], true)
 5 APPPATH/Controllers/Controller_incidencias.php(40): CodeIgniter\Model->insert([...])
 6 SYSTEMPATH/CodeIgniter.php(933): App\Controllers\Controller_incidencias->guardar()
 7 SYSTEMPATH/CodeIgniter.php(509): CodeIgniter\CodeIgniter->runController(Object(App\Controllers\Controller_incidencias))
 8 SYSTEMPATH/CodeIgniter.php(355): CodeIgniter\CodeIgniter->handleRequest(null, Object(Config\Cache), false)
 9 SYSTEMPATH/Boot.php(312): CodeIgniter\CodeIgniter->run()
10 SYSTEMPATH/Boot.php(67): CodeIgniter\Boot::runCodeIgniter(Object(CodeIgniter\CodeIgniter))
11 FCPATH/index.php(56): CodeIgniter\Boot::bootWeb(Object(Config\Paths))
CRITICAL - 2024-05-27 23:26:01 --> [Caused by] CodeIgniter\Database\Exceptions\DatabaseException: Operand should contain 1 column(s)
in SYSTEMPATH/Database/MySQLi/Connection.php on line 313.
 1 SYSTEMPATH/Database/BaseConnection.php(722): CodeIgniter\Database\MySQLi\Connection->execute('INSERT INTO `incidencias` (`id_oficina`, `telefono`, `problema`, `id_estado`) VALUES (\'6\', \'24124323\', \'asdfasdf\', (\'3\',\'Nuevo\'))')
 2 SYSTEMPATH/Database/BaseConnection.php(636): CodeIgniter\Database\BaseConnection->simpleQuery('INSERT INTO `incidencias` (`id_oficina`, `telefono`, `problema`, `id_estado`) VALUES (\'6\', \'24124323\', \'asdfasdf\', (\'3\',\'Nuevo\'))')
 3 SYSTEMPATH/Database/BaseBuilder.php(2325): CodeIgniter\Database\BaseConnection->query('INSERT INTO `incidencias` (`id_oficina`, `telefono`, `problema`, `id_estado`) VALUES (:id_oficina:, :telefono:, :problema:, :id_estado:)', [...], false)
 4 SYSTEMPATH/Model.php(383): CodeIgniter\Database\BaseBuilder->insert()
 5 SYSTEMPATH/BaseModel.php(840): CodeIgniter\Model->doInsert([...])
 6 SYSTEMPATH/Model.php(791): CodeIgniter\BaseModel->insert([...], true)
 7 APPPATH/Controllers/Controller_incidencias.php(40): CodeIgniter\Model->insert([...])
 8 SYSTEMPATH/CodeIgniter.php(933): App\Controllers\Controller_incidencias->guardar()
 9 SYSTEMPATH/CodeIgniter.php(509): CodeIgniter\CodeIgniter->runController(Object(App\Controllers\Controller_incidencias))
10 SYSTEMPATH/CodeIgniter.php(355): CodeIgniter\CodeIgniter->handleRequest(null, Object(Config\Cache), false)
11 SYSTEMPATH/Boot.php(312): CodeIgniter\CodeIgniter->run()
12 SYSTEMPATH/Boot.php(67): CodeIgniter\Boot::runCodeIgniter(Object(CodeIgniter\CodeIgniter))
13 FCPATH/index.php(56): CodeIgniter\Boot::bootWeb(Object(Config\Paths))
CRITICAL - 2024-05-27 23:26:01 --> [Caused by] mysqli_sql_exception: Operand should contain 1 column(s)
in SYSTEMPATH/Database/MySQLi/Connection.php on line 308.
 1 SYSTEMPATH/Database/MySQLi/Connection.php(308): mysqli->query('INSERT INTO `incidencias` (`id_oficina`, `telefono`, `problema`, `id_estado`) VALUES (\'6\', \'24124323\', \'asdfasdf\', (\'3\',\'Nuevo\'))', 0)
 2 SYSTEMPATH/Database/BaseConnection.php(722): CodeIgniter\Database\MySQLi\Connection->execute('INSERT INTO `incidencias` (`id_oficina`, `telefono`, `problema`, `id_estado`) VALUES (\'6\', \'24124323\', \'asdfasdf\', (\'3\',\'Nuevo\'))')
 3 SYSTEMPATH/Database/BaseConnection.php(636): CodeIgniter\Database\BaseConnection->simpleQuery('INSERT INTO `incidencias` (`id_oficina`, `telefono`, `problema`, `id_estado`) VALUES (\'6\', \'24124323\', \'asdfasdf\', (\'3\',\'Nuevo\'))')
 4 SYSTEMPATH/Database/BaseBuilder.php(2325): CodeIgniter\Database\BaseConnection->query('INSERT INTO `incidencias` (`id_oficina`, `telefono`, `problema`, `id_estado`) VALUES (:id_oficina:, :telefono:, :problema:, :id_estado:)', [...], false)
 5 SYSTEMPATH/Model.php(383): CodeIgniter\Database\BaseBuilder->insert()
 6 SYSTEMPATH/BaseModel.php(840): CodeIgniter\Model->doInsert([...])
 7 SYSTEMPATH/Model.php(791): CodeIgniter\BaseModel->insert([...], true)
 8 APPPATH/Controllers/Controller_incidencias.php(40): CodeIgniter\Model->insert([...])
 9 SYSTEMPATH/CodeIgniter.php(933): App\Controllers\Controller_incidencias->guardar()
10 SYSTEMPATH/CodeIgniter.php(509): CodeIgniter\CodeIgniter->runController(Object(App\Controllers\Controller_incidencias))
11 SYSTEMPATH/CodeIgniter.php(355): CodeIgniter\CodeIgniter->handleRequest(null, Object(Config\Cache), false)
12 SYSTEMPATH/Boot.php(312): CodeIgniter\CodeIgniter->run()
13 SYSTEMPATH/Boot.php(67): CodeIgniter\Boot::runCodeIgniter(Object(CodeIgniter\CodeIgniter))
14 FCPATH/index.php(56): CodeIgniter\Boot::bootWeb(Object(Config\Paths))
