CRITICAL - 2024-05-15 00:45:55 --> CodeIgniter\View\Exceptions\ViewException: Invalid file: "view_oficina_editar.php"
[Method: GET, Route: oficinas/editar/4]
in SYSTEMPATH\Exceptions\FrameworkException.php on line 41.
 1 SYSTEMPATH\View\View.php(222): CodeIgniter\Exceptions\FrameworkException::forInvalidFile('view_oficina_editar.php')
 2 SYSTEMPATH\Common.php(1171): CodeIgniter\View\View->render('view_oficina_editar', [], true)
 3 APPPATH\Controllers\Controller_oficinas.php(44): view('view_oficina_editar', [...])
 4 SYSTEMPATH\CodeIgniter.php(933): App\Controllers\Controller_oficinas->editar('4')
 5 SYSTEMPATH\CodeIgniter.php(509): CodeIgniter\CodeIgniter->runController(Object(App\Controllers\Controller_oficinas))
 6 SYSTEMPATH\CodeIgniter.php(355): CodeIgniter\CodeIgniter->handleRequest(null, Object(Config\Cache), false)
 7 SYSTEMPATH\Boot.php(312): CodeIgniter\CodeIgniter->run()
 8 SYSTEMPATH\Boot.php(67): CodeIgniter\Boot::runCodeIgniter(Object(CodeIgniter\CodeIgniter))
 9 FCPATH\index.php(56): CodeIgniter\Boot::bootWeb(Object(Config\Paths))
CRITICAL - 2024-05-15 02:19:01 --> ErrorException: Undefined array key "id_oficina"
[Method: POST, Route: oficinas/actualizar]
in APPPATH\Controllers\Controller_oficinas.php on line 53.
 1 APPPATH\Controllers\Controller_oficinas.php(53): CodeIgniter\Debug\Exceptions->errorHandler(2, 'Undefined array key "id_oficina"', 'C:\\xampp_8.2.12\\htdocs\\app_incidencias\\app\\Controllers\\Controller_oficinas.php', 53)
 2 SYSTEMPATH\CodeIgniter.php(933): App\Controllers\Controller_oficinas->actualizar()
 3 SYSTEMPATH\CodeIgniter.php(509): CodeIgniter\CodeIgniter->runController(Object(App\Controllers\Controller_oficinas))
 4 SYSTEMPATH\CodeIgniter.php(355): CodeIgniter\CodeIgniter->handleRequest(null, Object(Config\Cache), false)
 5 SYSTEMPATH\Boot.php(312): CodeIgniter\CodeIgniter->run()
 6 SYSTEMPATH\Boot.php(67): CodeIgniter\Boot::runCodeIgniter(Object(CodeIgniter\CodeIgniter))
 7 FCPATH\index.php(56): CodeIgniter\Boot::bootWeb(Object(Config\Paths))
CRITICAL - 2024-05-15 04:44:58 --> ErrorException: Undefined variable $variable
[Method: GET, Route: perfiles]
in APPPATH\Views\view_perfiles_listar.php on line 22.
 1 APPPATH\Views\view_perfiles_listar.php(22): CodeIgniter\Debug\Exceptions->errorHandler(2, 'Undefined variable $variable', 'C:\\xampp_8.2.12\\htdocs\\app_incidencias\\app\\Views\\view_perfiles_listar.php', 22)
 2 SYSTEMPATH\View\View.php(234): include('C:\\xampp_8.2.12\\htdocs\\app_incidencias\\app\\Views\\view_perfiles_listar.php')
 3 SYSTEMPATH\View\View.php(237): CodeIgniter\View\View->CodeIgniter\View\{closure}()
 4 SYSTEMPATH\Common.php(1171): CodeIgniter\View\View->render('view_perfiles_listar', [], true)
 5 APPPATH\Controllers\Controller_perfiles.php(16): view('view_perfiles_listar', [...])
 6 SYSTEMPATH\CodeIgniter.php(933): App\Controllers\Controller_perfiles->index()
 7 SYSTEMPATH\CodeIgniter.php(509): CodeIgniter\CodeIgniter->runController(Object(App\Controllers\Controller_perfiles))
 8 SYSTEMPATH\CodeIgniter.php(355): CodeIgniter\CodeIgniter->handleRequest(null, Object(Config\Cache), false)
 9 SYSTEMPATH\Boot.php(312): CodeIgniter\CodeIgniter->run()
10 SYSTEMPATH\Boot.php(67): CodeIgniter\Boot::runCodeIgniter(Object(CodeIgniter\CodeIgniter))
11 FCPATH\index.php(56): CodeIgniter\Boot::bootWeb(Object(Config\Paths))
