INFO - 2024-06-05 22:01:56 --> Session: Class initialized using 'CodeIgniter\Session\Handlers\FileHandler' driver.
INFO - 2024-06-05 22:01:56 --> Session: Class initialized using 'CodeIgniter\Session\Handlers\FileHandler' driver.
INFO - 2024-06-05 22:12:31 --> Session: Class initialized using 'CodeIgniter\Session\Handlers\FileHandler' driver.
INFO - 2024-06-05 22:31:34 --> Session: Class initialized using 'CodeIgniter\Session\Handlers\FileHandler' driver.
CRITICAL - 2024-06-05 22:31:34 --> BadMethodCallException: Call to undefined method App\Models\Model_estados::obtener_perfil
[Method: GET, Route: incidencias/leer]
in SYSTEMPATH/Model.php on line 921.
 1 APPPATH/Models/Model_incidencias.php(24): CodeIgniter\Model->__call('obtener_perfil', [...])
 2 APPPATH/Controllers/Controller_incidencias.php(85): App\Models\Model_incidencias->obtener_incidencias_pendientes()
 3 SYSTEMPATH/CodeIgniter.php(933): App\Controllers\Controller_incidencias->leer()
 4 SYSTEMPATH/CodeIgniter.php(509): CodeIgniter\CodeIgniter->runController(Object(App\Controllers\Controller_incidencias))
 5 SYSTEMPATH/CodeIgniter.php(355): CodeIgniter\CodeIgniter->handleRequest(null, Object(Config\Cache), false)
 6 SYSTEMPATH/Boot.php(312): CodeIgniter\CodeIgniter->run()
 7 SYSTEMPATH/Boot.php(67): CodeIgniter\Boot::runCodeIgniter(Object(CodeIgniter\CodeIgniter))
 8 FCPATH/index.php(56): CodeIgniter\Boot::bootWeb(Object(Config\Paths))
INFO - 2024-06-05 22:34:14 --> Session: Class initialized using 'CodeIgniter\Session\Handlers\FileHandler' driver.
CRITICAL - 2024-06-05 22:34:14 --> TypeError: CodeIgniter\Database\BaseBuilder::hasOperator(): Argument #1 ($str) must be of type string, int given, called in /opt/lampp/htdocs/app_incidencias/system/Database/BaseBuilder.php on line 785
[Method: GET, Route: incidencias/leer]
in SYSTEMPATH/Database/BaseBuilder.php on line 3406.
 1 SYSTEMPATH/Database/BaseBuilder.php(785): CodeIgniter\Database\BaseBuilder->hasOperator(0)
 2 SYSTEMPATH/Database/BaseBuilder.php(701): CodeIgniter\Database\BaseBuilder->whereHaving('QBWhere', false, null, 'AND ', true)
 3 SYSTEMPATH/Model.php(919): CodeIgniter\Database\BaseBuilder->where(false)
 4 APPPATH/Models/Model_incidencias.php(25): CodeIgniter\Model->__call('where', [...])
 5 APPPATH/Controllers/Controller_incidencias.php(85): App\Models\Model_incidencias->obtener_incidencias_pendientes()
 6 SYSTEMPATH/CodeIgniter.php(933): App\Controllers\Controller_incidencias->leer()
 7 SYSTEMPATH/CodeIgniter.php(509): CodeIgniter\CodeIgniter->runController(Object(App\Controllers\Controller_incidencias))
 8 SYSTEMPATH/CodeIgniter.php(355): CodeIgniter\CodeIgniter->handleRequest(null, Object(Config\Cache), false)
 9 SYSTEMPATH/Boot.php(312): CodeIgniter\CodeIgniter->run()
10 SYSTEMPATH/Boot.php(67): CodeIgniter\Boot::runCodeIgniter(Object(CodeIgniter\CodeIgniter))
11 FCPATH/index.php(56): CodeIgniter\Boot::bootWeb(Object(Config\Paths))
INFO - 2024-06-05 22:37:03 --> Session: Class initialized using 'CodeIgniter\Session\Handlers\FileHandler' driver.
ERROR - 2024-06-05 22:37:03 --> mysqli_sql_exception: Unknown column 'fecha_incio' in 'where clause' in /opt/lampp/htdocs/app_incidencias/system/Database/MySQLi/Connection.php:308
Stack trace:
#0 /opt/lampp/htdocs/app_incidencias/system/Database/MySQLi/Connection.php(308): mysqli->query('SELECT *\nFROM `...', 0)
#1 /opt/lampp/htdocs/app_incidencias/system/Database/BaseConnection.php(722): CodeIgniter\Database\MySQLi\Connection->execute('SELECT *\nFROM `...')
#2 /opt/lampp/htdocs/app_incidencias/system/Database/BaseConnection.php(636): CodeIgniter\Database\BaseConnection->simpleQuery('SELECT *\nFROM `...')
#3 /opt/lampp/htdocs/app_incidencias/system/Database/BaseBuilder.php(1629): CodeIgniter\Database\BaseConnection->query('SELECT *\nFROM `...', Array, false)
#4 /opt/lampp/htdocs/app_incidencias/system/Model.php(275): CodeIgniter\Database\BaseBuilder->get()
#5 /opt/lampp/htdocs/app_incidencias/system/BaseModel.php(676): CodeIgniter\Model->doFindAll(0, 0)
#6 /opt/lampp/htdocs/app_incidencias/app/Models/Model_incidencias.php(25): CodeIgniter\BaseModel->findAll()
#7 /opt/lampp/htdocs/app_incidencias/app/Controllers/Controller_incidencias.php(85): App\Models\Model_incidencias->obtener_incidencias_pendientes()
#8 /opt/lampp/htdocs/app_incidencias/system/CodeIgniter.php(933): App\Controllers\Controller_incidencias->leer()
#9 /opt/lampp/htdocs/app_incidencias/system/CodeIgniter.php(509): CodeIgniter\CodeIgniter->runController(Object(App\Controllers\Controller_incidencias))
#10 /opt/lampp/htdocs/app_incidencias/system/CodeIgniter.php(355): CodeIgniter\CodeIgniter->handleRequest(NULL, Object(Config\Cache), false)
#11 /opt/lampp/htdocs/app_incidencias/system/Boot.php(312): CodeIgniter\CodeIgniter->run()
#12 /opt/lampp/htdocs/app_incidencias/system/Boot.php(67): CodeIgniter\Boot::runCodeIgniter(Object(CodeIgniter\CodeIgniter))
#13 /opt/lampp/htdocs/app_incidencias/public/index.php(56): CodeIgniter\Boot::bootWeb(Object(Config\Paths))
#14 {main}
CRITICAL - 2024-06-05 22:37:03 --> CodeIgniter\Database\Exceptions\DatabaseException: Unknown column 'fecha_incio' in 'where clause'
[Method: GET, Route: incidencias/leer]
in SYSTEMPATH/Database/BaseConnection.php on line 676.
 1 SYSTEMPATH/Database/BaseBuilder.php(1629): CodeIgniter\Database\BaseConnection->query('SELECT *
FROM `incidencias`
WHERE DATE(fecha_incio) < :DATE(fecha_incio):', [...], false)
 2 SYSTEMPATH/Model.php(275): CodeIgniter\Database\BaseBuilder->get()
 3 SYSTEMPATH/BaseModel.php(676): CodeIgniter\Model->doFindAll(0, 0)
 4 APPPATH/Models/Model_incidencias.php(25): CodeIgniter\BaseModel->findAll()
 5 APPPATH/Controllers/Controller_incidencias.php(85): App\Models\Model_incidencias->obtener_incidencias_pendientes()
 6 SYSTEMPATH/CodeIgniter.php(933): App\Controllers\Controller_incidencias->leer()
 7 SYSTEMPATH/CodeIgniter.php(509): CodeIgniter\CodeIgniter->runController(Object(App\Controllers\Controller_incidencias))
 8 SYSTEMPATH/CodeIgniter.php(355): CodeIgniter\CodeIgniter->handleRequest(null, Object(Config\Cache), false)
 9 SYSTEMPATH/Boot.php(312): CodeIgniter\CodeIgniter->run()
10 SYSTEMPATH/Boot.php(67): CodeIgniter\Boot::runCodeIgniter(Object(CodeIgniter\CodeIgniter))
11 FCPATH/index.php(56): CodeIgniter\Boot::bootWeb(Object(Config\Paths))
CRITICAL - 2024-06-05 22:37:03 --> [Caused by] CodeIgniter\Database\Exceptions\DatabaseException: Unknown column 'fecha_incio' in 'where clause'
in SYSTEMPATH/Database/MySQLi/Connection.php on line 313.
 1 SYSTEMPATH/Database/BaseConnection.php(722): CodeIgniter\Database\MySQLi\Connection->execute('SELECT *
FROM `incidencias`
WHERE DATE(fecha_incio) < \'2024-06-05\'')
 2 SYSTEMPATH/Database/BaseConnection.php(636): CodeIgniter\Database\BaseConnection->simpleQuery('SELECT *
FROM `incidencias`
WHERE DATE(fecha_incio) < \'2024-06-05\'')
 3 SYSTEMPATH/Database/BaseBuilder.php(1629): CodeIgniter\Database\BaseConnection->query('SELECT *
FROM `incidencias`
WHERE DATE(fecha_incio) < :DATE(fecha_incio):', [...], false)
 4 SYSTEMPATH/Model.php(275): CodeIgniter\Database\BaseBuilder->get()
 5 SYSTEMPATH/BaseModel.php(676): CodeIgniter\Model->doFindAll(0, 0)
 6 APPPATH/Models/Model_incidencias.php(25): CodeIgniter\BaseModel->findAll()
 7 APPPATH/Controllers/Controller_incidencias.php(85): App\Models\Model_incidencias->obtener_incidencias_pendientes()
 8 SYSTEMPATH/CodeIgniter.php(933): App\Controllers\Controller_incidencias->leer()
 9 SYSTEMPATH/CodeIgniter.php(509): CodeIgniter\CodeIgniter->runController(Object(App\Controllers\Controller_incidencias))
10 SYSTEMPATH/CodeIgniter.php(355): CodeIgniter\CodeIgniter->handleRequest(null, Object(Config\Cache), false)
11 SYSTEMPATH/Boot.php(312): CodeIgniter\CodeIgniter->run()
12 SYSTEMPATH/Boot.php(67): CodeIgniter\Boot::runCodeIgniter(Object(CodeIgniter\CodeIgniter))
13 FCPATH/index.php(56): CodeIgniter\Boot::bootWeb(Object(Config\Paths))
CRITICAL - 2024-06-05 22:37:03 --> [Caused by] mysqli_sql_exception: Unknown column 'fecha_incio' in 'where clause'
in SYSTEMPATH/Database/MySQLi/Connection.php on line 308.
 1 SYSTEMPATH/Database/MySQLi/Connection.php(308): mysqli->query('SELECT *
FROM `incidencias`
WHERE DATE(fecha_incio) < \'2024-06-05\'', 0)
 2 SYSTEMPATH/Database/BaseConnection.php(722): CodeIgniter\Database\MySQLi\Connection->execute('SELECT *
FROM `incidencias`
WHERE DATE(fecha_incio) < \'2024-06-05\'')
 3 SYSTEMPATH/Database/BaseConnection.php(636): CodeIgniter\Database\BaseConnection->simpleQuery('SELECT *
FROM `incidencias`
WHERE DATE(fecha_incio) < \'2024-06-05\'')
 4 SYSTEMPATH/Database/BaseBuilder.php(1629): CodeIgniter\Database\BaseConnection->query('SELECT *
FROM `incidencias`
WHERE DATE(fecha_incio) < :DATE(fecha_incio):', [...], false)
 5 SYSTEMPATH/Model.php(275): CodeIgniter\Database\BaseBuilder->get()
 6 SYSTEMPATH/BaseModel.php(676): CodeIgniter\Model->doFindAll(0, 0)
 7 APPPATH/Models/Model_incidencias.php(25): CodeIgniter\BaseModel->findAll()
 8 APPPATH/Controllers/Controller_incidencias.php(85): App\Models\Model_incidencias->obtener_incidencias_pendientes()
 9 SYSTEMPATH/CodeIgniter.php(933): App\Controllers\Controller_incidencias->leer()
10 SYSTEMPATH/CodeIgniter.php(509): CodeIgniter\CodeIgniter->runController(Object(App\Controllers\Controller_incidencias))
11 SYSTEMPATH/CodeIgniter.php(355): CodeIgniter\CodeIgniter->handleRequest(null, Object(Config\Cache), false)
12 SYSTEMPATH/Boot.php(312): CodeIgniter\CodeIgniter->run()
13 SYSTEMPATH/Boot.php(67): CodeIgniter\Boot::runCodeIgniter(Object(CodeIgniter\CodeIgniter))
14 FCPATH/index.php(56): CodeIgniter\Boot::bootWeb(Object(Config\Paths))
INFO - 2024-06-05 22:37:46 --> Session: Class initialized using 'CodeIgniter\Session\Handlers\FileHandler' driver.
INFO - 2024-06-05 22:42:40 --> Session: Class initialized using 'CodeIgniter\Session\Handlers\FileHandler' driver.
INFO - 2024-06-05 22:54:15 --> Session: Class initialized using 'CodeIgniter\Session\Handlers\FileHandler' driver.
INFO - 2024-06-05 22:54:15 --> Session: Class initialized using 'CodeIgniter\Session\Handlers\FileHandler' driver.
CRITICAL - 2024-06-05 22:54:15 --> ArgumentCountError: Too few arguments to function CodeIgniter\Database\BaseBuilder::where(), 0 passed in /opt/lampp/htdocs/app_incidencias/system/Model.php on line 919 and at least 1 expected
[Method: GET, Route: incidencias/leer]
in SYSTEMPATH/Database/BaseBuilder.php on line 699.
 1 SYSTEMPATH/Model.php(919): CodeIgniter\Database\BaseBuilder->where()
 2 APPPATH/Models/Model_incidencias.php(27): CodeIgniter\Model->__call('where', [])
 3 APPPATH/Controllers/Controller_incidencias.php(85): App\Models\Model_incidencias->obtener_incidencias_pendientes()
 4 SYSTEMPATH/CodeIgniter.php(933): App\Controllers\Controller_incidencias->leer()
 5 SYSTEMPATH/CodeIgniter.php(509): CodeIgniter\CodeIgniter->runController(Object(App\Controllers\Controller_incidencias))
 6 SYSTEMPATH/CodeIgniter.php(355): CodeIgniter\CodeIgniter->handleRequest(null, Object(Config\Cache), false)
 7 SYSTEMPATH/Boot.php(312): CodeIgniter\CodeIgniter->run()
 8 SYSTEMPATH/Boot.php(67): CodeIgniter\Boot::runCodeIgniter(Object(CodeIgniter\CodeIgniter))
 9 FCPATH/index.php(56): CodeIgniter\Boot::bootWeb(Object(Config\Paths))
INFO - 2024-06-05 22:55:49 --> Session: Class initialized using 'CodeIgniter\Session\Handlers\FileHandler' driver.
INFO - 2024-06-05 22:56:52 --> Session: Class initialized using 'CodeIgniter\Session\Handlers\FileHandler' driver.
INFO - 2024-06-05 23:02:26 --> Session: Class initialized using 'CodeIgniter\Session\Handlers\FileHandler' driver.
CRITICAL - 2024-06-05 23:02:26 --> BadMethodCallException: Call to undefined method App\Models\Model_estados::obtener_perfil
[Method: GET, Route: incidencias/leer]
in SYSTEMPATH/Model.php on line 921.
 1 APPPATH/Models/Model_incidencias.php(24): CodeIgniter\Model->__call('obtener_perfil', [...])
 2 APPPATH/Controllers/Controller_incidencias.php(85): App\Models\Model_incidencias->obtener_incidencias_pendientes()
 3 SYSTEMPATH/CodeIgniter.php(933): App\Controllers\Controller_incidencias->leer()
 4 SYSTEMPATH/CodeIgniter.php(509): CodeIgniter\CodeIgniter->runController(Object(App\Controllers\Controller_incidencias))
 5 SYSTEMPATH/CodeIgniter.php(355): CodeIgniter\CodeIgniter->handleRequest(null, Object(Config\Cache), false)
 6 SYSTEMPATH/Boot.php(312): CodeIgniter\CodeIgniter->run()
 7 SYSTEMPATH/Boot.php(67): CodeIgniter\Boot::runCodeIgniter(Object(CodeIgniter\CodeIgniter))
 8 FCPATH/index.php(56): CodeIgniter\Boot::bootWeb(Object(Config\Paths))
INFO - 2024-06-05 23:03:13 --> Session: Class initialized using 'CodeIgniter\Session\Handlers\FileHandler' driver.
INFO - 2024-06-05 23:08:32 --> Session: Class initialized using 'CodeIgniter\Session\Handlers\FileHandler' driver.
INFO - 2024-06-05 23:11:16 --> Session: Class initialized using 'CodeIgniter\Session\Handlers\FileHandler' driver.
INFO - 2024-06-05 23:11:42 --> Session: Class initialized using 'CodeIgniter\Session\Handlers\FileHandler' driver.
INFO - 2024-06-05 23:11:48 --> Session: Class initialized using 'CodeIgniter\Session\Handlers\FileHandler' driver.
INFO - 2024-06-05 23:12:22 --> Session: Class initialized using 'CodeIgniter\Session\Handlers\FileHandler' driver.
